<?xml version="1.0" encoding="UTF-8"?>
<coverage generated="1755155979985" clover="3.2.0">
  <project timestamp="1755155979985" name="All files">
    <metrics statements="773" coveredstatements="726" conditionals="149" coveredconditionals="133" methods="18" coveredmethods="18" elements="940" coveredelements="877" complexity="0" loc="773" ncloc="773" packages="2" files="2" classes="2"/>
    <package name="expense-tracker-worker">
      <metrics statements="166" coveredstatements="166" conditionals="41" coveredconditionals="41" methods="1" coveredmethods="1"/>
      <file name="index.js" path="/Volumes/KINGSTON/Workspace/expense-tracker-worker/index.js">
        <metrics statements="166" coveredstatements="166" conditionals="41" coveredconditionals="41" methods="1" coveredmethods="1"/>
        <line num="1" count="1" type="stmt"/>
        <line num="2" count="1" type="stmt"/>
        <line num="4" count="1" type="stmt"/>
        <line num="5" count="1" type="stmt"/>
        <line num="6" count="1" type="stmt"/>
        <line num="7" count="1" type="stmt"/>
        <line num="8" count="1" type="stmt"/>
        <line num="9" count="1" type="stmt"/>
        <line num="10" count="1" type="stmt"/>
        <line num="11" count="1" type="stmt"/>
        <line num="13" count="1" type="stmt"/>
        <line num="14" count="21" type="cond" truecount="1" falsecount="0"/>
        <line num="15" count="21" type="cond" truecount="1" falsecount="0"/>
        <line num="16" count="18" type="stmt"/>
        <line num="17" count="18" type="stmt"/>
        <line num="18" count="18" type="stmt"/>
        <line num="19" count="18" type="stmt"/>
        <line num="20" count="18" type="stmt"/>
        <line num="21" count="18" type="cond" truecount="1" falsecount="0"/>
        <line num="22" count="3" type="stmt"/>
        <line num="23" count="3" type="stmt"/>
        <line num="24" count="3" type="stmt"/>
        <line num="25" count="3" type="stmt"/>
        <line num="27" count="1" type="stmt"/>
        <line num="29" count="1" type="stmt"/>
        <line num="30" count="1" type="cond" truecount="1" falsecount="0"/>
        <line num="31" count="2" type="stmt"/>
        <line num="32" count="2" type="stmt"/>
        <line num="33" count="2" type="stmt"/>
        <line num="34" count="2" type="stmt"/>
        <line num="35" count="2" type="stmt"/>
        <line num="36" count="1" type="stmt"/>
        <line num="38" count="1" type="stmt"/>
        <line num="39" count="1" type="cond" truecount="1" falsecount="0"/>
        <line num="40" count="12" type="stmt"/>
        <line num="41" count="12" type="stmt"/>
        <line num="42" count="12" type="cond" truecount="1" falsecount="0"/>
        <line num="43" count="7" type="stmt"/>
        <line num="44" count="7" type="cond" truecount="1" falsecount="0"/>
        <line num="46" count="12" type="cond" truecount="1" falsecount="0"/>
        <line num="47" count="1" type="stmt"/>
        <line num="48" count="1" type="cond" truecount="1" falsecount="0"/>
        <line num="50" count="4" type="stmt"/>
        <line num="51" count="4" type="stmt"/>
        <line num="52" count="12" type="cond" truecount="1" falsecount="0"/>
        <line num="53" count="1" type="stmt"/>
        <line num="54" count="1" type="stmt"/>
        <line num="55" count="1" type="stmt"/>
        <line num="56" count="1" type="cond" truecount="2" falsecount="0"/>
        <line num="58" count="4" type="stmt"/>
        <line num="59" count="4" type="stmt"/>
        <line num="60" count="4" type="stmt"/>
        <line num="61" count="4" type="stmt"/>
        <line num="62" count="4" type="stmt"/>
        <line num="63" count="4" type="stmt"/>
        <line num="64" count="12" type="cond" truecount="2" falsecount="0"/>
        <line num="65" count="12" type="stmt"/>
        <line num="66" count="12" type="stmt"/>
        <line num="67" count="12" type="stmt"/>
        <line num="68" count="12" type="stmt"/>
        <line num="69" count="12" type="stmt"/>
        <line num="70" count="12" type="stmt"/>
        <line num="71" count="12" type="cond" truecount="1" falsecount="0"/>
        <line num="72" count="2" type="stmt"/>
        <line num="73" count="2" type="stmt"/>
        <line num="74" count="2" type="stmt"/>
        <line num="75" count="1" type="stmt"/>
        <line num="77" count="1" type="stmt"/>
        <line num="78" count="1" type="cond" truecount="1" falsecount="0"/>
        <line num="79" count="7" type="stmt"/>
        <line num="80" count="7" type="stmt"/>
        <line num="81" count="7" type="stmt"/>
        <line num="82" count="7" type="stmt"/>
        <line num="83" count="7" type="stmt"/>
        <line num="84" count="7" type="stmt"/>
        <line num="86" count="7" type="cond" truecount="2" falsecount="0"/>
        <line num="87" count="2" type="stmt"/>
        <line num="88" count="2" type="cond" truecount="1" falsecount="0"/>
        <line num="90" count="5" type="stmt"/>
        <line num="91" count="5" type="stmt"/>
        <line num="92" count="5" type="stmt"/>
        <line num="93" count="5" type="stmt"/>
        <line num="94" count="5" type="cond" truecount="1" falsecount="0"/>
        <line num="96" count="3" type="stmt"/>
        <line num="97" count="3" type="stmt"/>
        <line num="98" count="3" type="stmt"/>
        <line num="99" count="3" type="stmt"/>
        <line num="100" count="7" type="cond" truecount="1" falsecount="0"/>
        <line num="101" count="2" type="stmt"/>
        <line num="102" count="2" type="stmt"/>
        <line num="103" count="2" type="stmt"/>
        <line num="104" count="1" type="stmt"/>
        <line num="106" count="1" type="stmt"/>
        <line num="107" count="1" type="cond" truecount="1" falsecount="0"/>
        <line num="108" count="4" type="stmt"/>
        <line num="109" count="4" type="stmt"/>
        <line num="110" count="4" type="stmt"/>
        <line num="111" count="4" type="stmt"/>
        <line num="112" count="4" type="stmt"/>
        <line num="114" count="4" type="cond" truecount="1" falsecount="0"/>
        <line num="115" count="1" type="stmt"/>
        <line num="116" count="1" type="cond" truecount="1" falsecount="0"/>
        <line num="117" count="4" type="cond" truecount="1" falsecount="0"/>
        <line num="118" count="1" type="stmt"/>
        <line num="119" count="1" type="cond" truecount="1" falsecount="0"/>
        <line num="121" count="2" type="stmt"/>
        <line num="122" count="2" type="stmt"/>
        <line num="123" count="2" type="stmt"/>
        <line num="124" count="2" type="stmt"/>
        <line num="125" count="2" type="cond" truecount="1" falsecount="0"/>
        <line num="127" count="1" type="stmt"/>
        <line num="128" count="1" type="stmt"/>
        <line num="129" count="1" type="stmt"/>
        <line num="130" count="1" type="stmt"/>
        <line num="131" count="1" type="stmt"/>
        <line num="132" count="1" type="stmt"/>
        <line num="134" count="1" type="stmt"/>
        <line num="135" count="1" type="cond" truecount="1" falsecount="0"/>
        <line num="136" count="4" type="stmt"/>
        <line num="137" count="4" type="stmt"/>
        <line num="138" count="4" type="stmt"/>
        <line num="139" count="4" type="stmt"/>
        <line num="140" count="4" type="stmt"/>
        <line num="142" count="4" type="cond" truecount="2" falsecount="0"/>
        <line num="143" count="1" type="stmt"/>
        <line num="144" count="1" type="cond" truecount="1" falsecount="0"/>
        <line num="145" count="4" type="cond" truecount="1" falsecount="0"/>
        <line num="146" count="1" type="stmt"/>
        <line num="147" count="1" type="cond" truecount="1" falsecount="0"/>
        <line num="149" count="2" type="stmt"/>
        <line num="150" count="2" type="stmt"/>
        <line num="151" count="2" type="stmt"/>
        <line num="152" count="2" type="stmt"/>
        <line num="153" count="2" type="cond" truecount="1" falsecount="0"/>
        <line num="155" count="1" type="stmt"/>
        <line num="156" count="1" type="stmt"/>
        <line num="157" count="1" type="stmt"/>
        <line num="158" count="1" type="stmt"/>
        <line num="159" count="1" type="stmt"/>
        <line num="160" count="1" type="stmt"/>
        <line num="162" count="1" type="stmt"/>
        <line num="163" count="1" type="cond" truecount="1" falsecount="0"/>
        <line num="164" count="4" type="stmt"/>
        <line num="165" count="4" type="stmt"/>
        <line num="166" count="4" type="stmt"/>
        <line num="167" count="4" type="stmt"/>
        <line num="169" count="4" type="cond" truecount="1" falsecount="0"/>
        <line num="170" count="1" type="stmt"/>
        <line num="171" count="1" type="cond" truecount="1" falsecount="0"/>
        <line num="173" count="3" type="stmt"/>
        <line num="174" count="3" type="stmt"/>
        <line num="175" count="3" type="cond" truecount="1" falsecount="0"/>
        <line num="177" count="4" type="cond" truecount="1" falsecount="0"/>
        <line num="178" count="1" type="stmt"/>
        <line num="179" count="1" type="stmt"/>
        <line num="180" count="1" type="stmt"/>
        <line num="181" count="1" type="stmt"/>
        <line num="182" count="4" type="cond" truecount="1" falsecount="0"/>
        <line num="183" count="1" type="stmt"/>
        <line num="184" count="1" type="stmt"/>
        <line num="185" count="1" type="stmt"/>
        <line num="187" count="1" type="stmt"/>
        <line num="188" count="1" type="cond" truecount="1" falsecount="0"/>
        <line num="190" count="1" type="stmt"/>
        <line num="191" count="1" type="stmt"/>
        <line num="192" count="1" type="stmt"/>
      </file>
    </package>
    <package name="expense-tracker-worker.public">
      <metrics statements="607" coveredstatements="560" conditionals="108" coveredconditionals="92" methods="17" coveredmethods="17"/>
      <file name="scripts.js" path="/Volumes/KINGSTON/Workspace/expense-tracker-worker/public/scripts.js">
        <metrics statements="607" coveredstatements="560" conditionals="108" coveredconditionals="92" methods="17" coveredmethods="17"/>
        <line num="1" count="1" type="stmt"/>
        <line num="2" count="1" type="stmt"/>
        <line num="3" count="1" type="stmt"/>
        <line num="4" count="1" type="stmt"/>
        <line num="5" count="1" type="stmt"/>
        <line num="6" count="1" type="stmt"/>
        <line num="7" count="1" type="stmt"/>
        <line num="8" count="1" type="stmt"/>
        <line num="9" count="1" type="stmt"/>
        <line num="10" count="1" type="stmt"/>
        <line num="12" count="1" type="stmt"/>
        <line num="13" count="1" type="stmt"/>
        <line num="14" count="1" type="stmt"/>
        <line num="15" count="1" type="stmt"/>
        <line num="16" count="1" type="stmt"/>
        <line num="17" count="1" type="stmt"/>
        <line num="18" count="1" type="stmt"/>
        <line num="19" count="1" type="stmt"/>
        <line num="20" count="1" type="stmt"/>
        <line num="21" count="1" type="stmt"/>
        <line num="22" count="1" type="stmt"/>
        <line num="23" count="1" type="stmt"/>
        <line num="25" count="1" type="cond" truecount="1" falsecount="0"/>
        <line num="26" count="11" type="stmt"/>
        <line num="27" count="11" type="cond" truecount="1" falsecount="0"/>
        <line num="28" count="7" type="stmt"/>
        <line num="29" count="7" type="stmt"/>
        <line num="30" count="7" type="stmt"/>
        <line num="31" count="7" type="cond" truecount="1" falsecount="0"/>
        <line num="32" count="1" type="cond" truecount="0" falsecount="1"/>
        <line num="33" count="1" type="cond" truecount="1" falsecount="0"/>
        <line num="34" count="6" type="stmt"/>
        <line num="35" count="7" type="stmt"/>
        <line num="37" count="11" type="stmt"/>
        <line num="38" count="11" type="cond" truecount="1" falsecount="0"/>
        <line num="39" count="104" type="cond" truecount="2" falsecount="0"/>
        <line num="40" count="104" type="cond" truecount="2" falsecount="0"/>
        <line num="41" count="74" type="stmt"/>
        <line num="42" count="104" type="stmt"/>
        <line num="44" count="11" type="stmt"/>
        <line num="45" count="11" type="stmt"/>
        <line num="46" count="11" type="stmt"/>
        <line num="47" count="11" type="stmt"/>
        <line num="48" count="11" type="stmt"/>
        <line num="49" count="11" type="stmt"/>
        <line num="50" count="11" type="stmt"/>
        <line num="51" count="11" type="stmt"/>
        <line num="53" count="11" type="stmt"/>
        <line num="54" count="11" type="stmt"/>
        <line num="55" count="11" type="stmt"/>
        <line num="57" count="11" type="stmt"/>
        <line num="58" count="11" type="stmt"/>
        <line num="59" count="11" type="stmt"/>
        <line num="60" count="11" type="stmt"/>
        <line num="62" count="11" type="cond" truecount="1" falsecount="0"/>
        <line num="63" count="4" type="stmt"/>
        <line num="64" count="4" type="stmt"/>
        <line num="65" count="4" type="stmt"/>
        <line num="66" count="11" type="stmt"/>
        <line num="68" count="11" type="cond" truecount="1" falsecount="0"/>
        <line num="69" count="18" type="stmt"/>
        <line num="70" count="18" type="cond" truecount="1" falsecount="0"/>
        <line num="71" count="18" type="stmt"/>
        <line num="72" count="18" type="cond" truecount="2" falsecount="0"/>
        <line num="73" count="18" type="stmt"/>
        <line num="74" count="18" type="stmt"/>
        <line num="76" count="11" type="cond" truecount="1" falsecount="0"/>
        <line num="77" count="4" type="stmt"/>
        <line num="78" count="4" type="stmt"/>
        <line num="80" count="4" type="cond" truecount="1" falsecount="0"/>
        <line num="81" count="12" type="cond" truecount="1" falsecount="0"/>
        <line num="82" count="1" type="stmt"/>
        <line num="83" count="1" type="stmt"/>
        <line num="84" count="12" type="cond" truecount="1" falsecount="0"/>
        <line num="85" count="11" type="stmt"/>
        <line num="86" count="11" type="stmt"/>
        <line num="87" count="4" type="stmt"/>
        <line num="89" count="4" type="stmt"/>
        <line num="90" count="4" type="cond" truecount="2" falsecount="0"/>
        <line num="91" count="2" type="stmt"/>
        <line num="92" count="2" type="stmt"/>
        <line num="93" count="2" type="stmt"/>
        <line num="94" count="2" type="stmt"/>
        <line num="95" count="2" type="stmt"/>
        <line num="97" count="4" type="stmt"/>
        <line num="98" count="4" type="stmt"/>
        <line num="100" count="11" type="cond" truecount="1" falsecount="0"/>
        <line num="101" count="13" type="stmt"/>
        <line num="102" count="13" type="stmt"/>
        <line num="103" count="13" type="stmt"/>
        <line num="105" count="13" type="cond" truecount="2" falsecount="0"/>
        <line num="107" count="13" type="cond" truecount="1" falsecount="0"/>
        <line num="108" count="52" type="cond" truecount="1" falsecount="0"/>
        <line num="109" count="25" type="stmt"/>
        <line num="110" count="25" type="stmt"/>
        <line num="111" count="25" type="cond" truecount="0" falsecount="1"/>
        <line num="112" count="25" type="stmt"/>
        <line num="113" count="13" type="stmt"/>
        <line num="115" count="13" type="cond" truecount="1" falsecount="0"/>
        <line num="116" count="4" type="stmt"/>
        <line num="117" count="4" type="stmt"/>
        <line num="119" count="13" type="stmt"/>
        <line num="120" count="13" type="stmt"/>
        <line num="121" count="13" type="stmt"/>
        <line num="122" count="13" type="stmt"/>
        <line num="123" count="13" type="stmt"/>
        <line num="124" count="13" type="stmt"/>
        <line num="125" count="13" type="stmt"/>
        <line num="126" count="13" type="stmt"/>
        <line num="127" count="13" type="stmt"/>
        <line num="128" count="13" type="stmt"/>
        <line num="129" count="13" type="stmt"/>
        <line num="130" count="13" type="stmt"/>
        <line num="131" count="13" type="stmt"/>
        <line num="132" count="13" type="stmt"/>
        <line num="133" count="13" type="stmt"/>
        <line num="134" count="13" type="stmt"/>
        <line num="135" count="13" type="stmt"/>
        <line num="136" count="13" type="stmt"/>
        <line num="137" count="13" type="stmt"/>
        <line num="138" count="13" type="stmt"/>
        <line num="139" count="11" type="cond" truecount="1" falsecount="0"/>
        <line num="140" count="13" type="stmt"/>
        <line num="141" count="13" type="stmt"/>
        <line num="143" count="13" type="cond" truecount="2" falsecount="0"/>
        <line num="144" count="13" type="cond" truecount="1" falsecount="1"/>
        <line num="146" count="13" type="stmt"/>
        <line num="147" count="13" type="cond" truecount="1" falsecount="0"/>
        <line num="148" count="48" type="stmt"/>
        <line num="149" count="48" type="stmt"/>
        <line num="150" count="48" type="stmt"/>
        <line num="151" count="48" type="cond" truecount="1" falsecount="0"/>
        <line num="152" count="32" type="stmt"/>
        <line num="153" count="32" type="stmt"/>
        <line num="154" count="13" type="stmt"/>
        <line num="156" count="13" type="stmt"/>
        <line num="157" count="13" type="stmt"/>
        <line num="158" count="13" type="stmt"/>
        <line num="159" count="13" type="stmt"/>
        <line num="160" count="13" type="stmt"/>
        <line num="161" count="13" type="stmt"/>
        <line num="162" count="13" type="cond" truecount="1" falsecount="0"/>
        <line num="163" count="403" type="stmt"/>
        <line num="164" count="403" type="cond" truecount="2" falsecount="0"/>
        <line num="165" count="264" type="stmt"/>
        <line num="166" count="403" type="cond" truecount="1" falsecount="0"/>
        <line num="167" count="139" type="stmt"/>
        <line num="168" count="139" type="stmt"/>
        <line num="169" count="403" type="stmt"/>
        <line num="171" count="13" type="stmt"/>
        <line num="172" count="13" type="stmt"/>
        <line num="173" count="13" type="cond" truecount="1" falsecount="0"/>
        <line num="174" count="403" type="stmt"/>
        <line num="175" count="403" type="stmt"/>
        <line num="177" count="13" type="cond" truecount="1" falsecount="0"/>
        <line num="179" count="13" type="cond" truecount="1" falsecount="0"/>
        <line num="180" count="4" type="stmt"/>
        <line num="181" count="4" type="stmt"/>
        <line num="183" count="13" type="stmt"/>
        <line num="184" count="13" type="stmt"/>
        <line num="185" count="13" type="stmt"/>
        <line num="186" count="13" type="stmt"/>
        <line num="187" count="13" type="stmt"/>
        <line num="188" count="13" type="stmt"/>
        <line num="189" count="13" type="stmt"/>
        <line num="190" count="13" type="stmt"/>
        <line num="191" count="13" type="stmt"/>
        <line num="192" count="13" type="stmt"/>
        <line num="193" count="13" type="stmt"/>
        <line num="194" count="13" type="stmt"/>
        <line num="195" count="13" type="stmt"/>
        <line num="196" count="13" type="stmt"/>
        <line num="197" count="13" type="stmt"/>
        <line num="198" count="13" type="stmt"/>
        <line num="199" count="13" type="stmt"/>
        <line num="200" count="13" type="stmt"/>
        <line num="201" count="13" type="stmt"/>
        <line num="202" count="13" type="stmt"/>
        <line num="203" count="13" type="stmt"/>
        <line num="204" count="13" type="stmt"/>
        <line num="205" count="13" type="stmt"/>
        <line num="206" count="13" type="stmt"/>
        <line num="207" count="13" type="stmt"/>
        <line num="208" count="13" type="stmt"/>
        <line num="209" count="13" type="stmt"/>
        <line num="210" count="13" type="stmt"/>
        <line num="211" count="13" type="stmt"/>
        <line num="212" count="13" type="stmt"/>
        <line num="213" count="13" type="stmt"/>
        <line num="214" count="13" type="stmt"/>
        <line num="216" count="11" type="cond" truecount="1" falsecount="0"/>
        <line num="217" count="13" type="cond" truecount="1" falsecount="0"/>
        <line num="218" count="48" type="stmt"/>
        <line num="219" count="48" type="stmt"/>
        <line num="220" count="48" type="cond" truecount="1" falsecount="0"/>
        <line num="221" count="41" type="stmt"/>
        <line num="222" count="41" type="stmt"/>
        <line num="223" count="48" type="stmt"/>
        <line num="224" count="48" type="stmt"/>
        <line num="225" count="13" type="stmt"/>
        <line num="227" count="13" type="stmt"/>
        <line num="228" count="13" type="stmt"/>
        <line num="230" count="13" type="stmt"/>
        <line num="231" count="13" type="stmt"/>
        <line num="232" count="13" type="stmt"/>
        <line num="233" count="13" type="stmt"/>
        <line num="234" count="13" type="stmt"/>
        <line num="235" count="13" type="stmt"/>
        <line num="237" count="13" type="stmt"/>
        <line num="238" count="13" type="cond" truecount="1" falsecount="0"/>
        <line num="239" count="13" type="cond" truecount="1" falsecount="0"/>
        <line num="240" count="13" type="cond" truecount="0" falsecount="1"/>
        <line num="241" count="13" type="stmt"/>
        <line num="243" count="13" type="stmt"/>
        <line num="244" count="13" type="stmt"/>
        <line num="245" count="13" type="stmt"/>
        <line num="246" count="13" type="stmt"/>
        <line num="247" count="13" type="stmt"/>
        <line num="248" count="13" type="stmt"/>
        <line num="249" count="13" type="stmt"/>
        <line num="250" count="13" type="stmt"/>
        <line num="251" count="13" type="stmt"/>
        <line num="252" count="13" type="stmt"/>
        <line num="253" count="13" type="stmt"/>
        <line num="254" count="13" type="stmt"/>
        <line num="256" count="13" type="cond" truecount="2" falsecount="0"/>
        <line num="257" count="13" type="cond" truecount="2" falsecount="0"/>
        <line num="258" count="13" type="cond" truecount="1" falsecount="1"/>
        <line num="259" count="13" type="cond" truecount="0" falsecount="1"/>
        <line num="260" count="13" type="stmt"/>
        <line num="262" count="13" type="stmt"/>
        <line num="263" count="13" type="stmt"/>
        <line num="264" count="13" type="stmt"/>
        <line num="265" count="13" type="stmt"/>
        <line num="266" count="13" type="stmt"/>
        <line num="267" count="13" type="stmt"/>
        <line num="268" count="13" type="stmt"/>
        <line num="269" count="13" type="stmt"/>
        <line num="270" count="13" type="stmt"/>
        <line num="271" count="13" type="stmt"/>
        <line num="272" count="13" type="stmt"/>
        <line num="273" count="13" type="stmt"/>
        <line num="274" count="13" type="stmt"/>
        <line num="275" count="13" type="stmt"/>
        <line num="276" count="13" type="stmt"/>
        <line num="278" count="13" type="stmt"/>
        <line num="279" count="13" type="cond" truecount="1" falsecount="0"/>
        <line num="280" count="26" type="cond" truecount="0" falsecount="1"/>
        <line num="281" count="26" type="cond" truecount="1" falsecount="0"/>
        <line num="282" count="26" type="cond" truecount="0" falsecount="1"/>
        <line num="283" count="26" type="stmt"/>
        <line num="284" count="26" type="stmt"/>
        <line num="285" count="26" type="stmt"/>
        <line num="286" count="26" type="stmt"/>
        <line num="287" count="26" type="stmt"/>
        <line num="288" count="26" type="stmt"/>
        <line num="289" count="26" type="stmt"/>
        <line num="290" count="26" type="stmt"/>
        <line num="291" count="26" type="stmt"/>
        <line num="292" count="26" type="stmt"/>
        <line num="293" count="26" type="stmt"/>
        <line num="294" count="26" type="stmt"/>
        <line num="295" count="26" type="stmt"/>
        <line num="296" count="26" type="stmt"/>
        <line num="297" count="26" type="stmt"/>
        <line num="298" count="13" type="stmt"/>
        <line num="299" count="13" type="stmt"/>
        <line num="300" count="13" type="stmt"/>
        <line num="302" count="13" type="stmt"/>
        <line num="303" count="13" type="cond" truecount="2" falsecount="0"/>
        <line num="304" count="52" type="cond" truecount="1" falsecount="0"/>
        <line num="305" count="52" type="stmt"/>
        <line num="306" count="52" type="stmt"/>
        <line num="307" count="52" type="stmt"/>
        <line num="308" count="52" type="stmt"/>
        <line num="309" count="52" type="stmt"/>
        <line num="310" count="52" type="stmt"/>
        <line num="311" count="52" type="stmt"/>
        <line num="312" count="52" type="stmt"/>
        <line num="313" count="52" type="stmt"/>
        <line num="314" count="52" type="stmt"/>
        <line num="315" count="52" type="stmt"/>
        <line num="316" count="52" type="stmt"/>
        <line num="317" count="52" type="stmt"/>
        <line num="318" count="52" type="stmt"/>
        <line num="319" count="52" type="stmt"/>
        <line num="320" count="52" type="stmt"/>
        <line num="321" count="13" type="stmt"/>
        <line num="322" count="13" type="stmt"/>
        <line num="323" count="13" type="stmt"/>
        <line num="325" count="13" type="cond" truecount="1" falsecount="0"/>
        <line num="326" count="13" type="stmt"/>
        <line num="327" count="13" type="cond" truecount="1" falsecount="0"/>
        <line num="328" count="8" type="cond" truecount="1" falsecount="0"/>
        <line num="329" count="8" type="stmt"/>
        <line num="330" count="8" type="stmt"/>
        <line num="331" count="8" type="stmt"/>
        <line num="332" count="8" type="stmt"/>
        <line num="333" count="8" type="stmt"/>
        <line num="334" count="8" type="stmt"/>
        <line num="335" count="8" type="stmt"/>
        <line num="336" count="8" type="stmt"/>
        <line num="337" count="8" type="stmt"/>
        <line num="338" count="8" type="stmt"/>
        <line num="339" count="8" type="stmt"/>
        <line num="340" count="13" type="cond" truecount="1" falsecount="0"/>
        <line num="341" count="5" type="stmt"/>
        <line num="342" count="5" type="stmt"/>
        <line num="343" count="13" type="stmt"/>
        <line num="344" count="13" type="stmt"/>
        <line num="346" count="13" type="stmt"/>
        <line num="347" count="13" type="stmt"/>
        <line num="348" count="13" type="cond" truecount="1" falsecount="0"/>
        <line num="349" count="13" type="stmt"/>
        <line num="350" count="13" type="stmt"/>
        <line num="352" count="11" type="cond" truecount="1" falsecount="0"/>
        <line num="353" count="15" type="stmt"/>
        <line num="355" count="15" type="stmt"/>
        <line num="356" count="15" type="cond" truecount="1" falsecount="0"/>
        <line num="358" count="15" type="stmt"/>
        <line num="359" count="15" type="cond" truecount="1" falsecount="0"/>
        <line num="360" count="56" type="stmt"/>
        <line num="361" count="56" type="cond" truecount="1" falsecount="0"/>
        <line num="362" count="20" type="stmt"/>
        <line num="363" count="20" type="stmt"/>
        <line num="364" count="56" type="stmt"/>
        <line num="365" count="56" type="stmt"/>
        <line num="366" count="15" type="stmt"/>
        <line num="368" count="15" type="stmt"/>
        <line num="369" count="15" type="cond" truecount="1" falsecount="0"/>
        <line num="370" count="20" type="stmt"/>
        <line num="371" count="20" type="stmt"/>
        <line num="372" count="20" type="stmt"/>
        <line num="373" count="20" type="stmt"/>
        <line num="374" count="20" type="stmt"/>
        <line num="376" count="20" type="stmt"/>
        <line num="377" count="20" type="cond" truecount="1" falsecount="0"/>
        <line num="378" count="56" type="stmt"/>
        <line num="379" count="56" type="stmt"/>
        <line num="380" count="56" type="stmt"/>
        <line num="381" count="56" type="stmt"/>
        <line num="382" count="56" type="stmt"/>
        <line num="383" count="56" type="stmt"/>
        <line num="384" count="56" type="stmt"/>
        <line num="385" count="56" type="stmt"/>
        <line num="386" count="56" type="stmt"/>
        <line num="387" count="56" type="stmt"/>
        <line num="388" count="56" type="stmt"/>
        <line num="389" count="20" type="stmt"/>
        <line num="390" count="20" type="stmt"/>
        <line num="391" count="15" type="stmt"/>
        <line num="393" count="11" type="stmt"/>
        <line num="394" count="11" type="cond" truecount="1" falsecount="0"/>
        <line num="395" count="15" type="stmt"/>
        <line num="396" count="15" type="cond" truecount="1" falsecount="0"/>
        <line num="397" count="14" type="stmt"/>
        <line num="398" count="15" type="cond" truecount="1" falsecount="0"/>
        <line num="399" count="1" type="cond" truecount="1" falsecount="0"/>
        <line num="400" count="1" type="stmt"/>
        <line num="401" count="1" type="stmt"/>
        <line num="402" count="15" type="stmt"/>
        <line num="404" count="11" type="cond" truecount="1" falsecount="0"/>
        <line num="405" count="15" type="stmt"/>
        <line num="406" count="15" type="stmt"/>
        <line num="407" count="15" type="cond" truecount="1" falsecount="0"/>
        <line num="408" count="15" type="cond" truecount="1" falsecount="0"/>
        <line num="409" count="13" type="stmt"/>
        <line num="410" count="13" type="stmt"/>
        <line num="411" count="13" type="stmt"/>
        <line num="412" count="15" type="cond" truecount="1" falsecount="0"/>
        <line num="413" count="1" type="stmt"/>
        <line num="414" count="1" type="stmt"/>
        <line num="415" count="1" type="stmt"/>
        <line num="416" count="1" type="stmt"/>
        <line num="417" count="1" type="stmt"/>
        <line num="418" count="1" type="stmt"/>
        <line num="419" count="1" type="stmt"/>
        <line num="420" count="1" type="stmt"/>
        <line num="421" count="15" type="cond" truecount="1" falsecount="0"/>
        <line num="422" count="1" type="stmt"/>
        <line num="423" count="1" type="stmt"/>
        <line num="424" count="1" type="stmt"/>
        <line num="425" count="1" type="stmt"/>
        <line num="426" count="1" type="stmt"/>
        <line num="427" count="1" type="stmt"/>
        <line num="428" count="1" type="stmt"/>
        <line num="429" count="1" type="stmt"/>
        <line num="430" count="15" type="stmt"/>
        <line num="432" count="11" type="cond" truecount="1" falsecount="0"/>
        <line num="433" count="2" type="stmt"/>
        <line num="434" count="2" type="cond" truecount="1" falsecount="0"/>
        <line num="435" count="1" type="stmt"/>
        <line num="436" count="1" type="stmt"/>
        <line num="438" count="1" type="stmt"/>
        <line num="439" count="1" type="stmt"/>
        <line num="441" count="1" type="stmt"/>
        <line num="442" count="1" type="stmt"/>
        <line num="443" count="1" type="stmt"/>
        <line num="444" count="1" type="stmt"/>
        <line num="445" count="1" type="stmt"/>
        <line num="446" count="1" type="stmt"/>
        <line num="448" count="1" type="stmt"/>
        <line num="449" count="1" type="stmt"/>
        <line num="450" count="1" type="stmt"/>
        <line num="451" count="1" type="stmt"/>
        <line num="452" count="1" type="stmt"/>
        <line num="453" count="1" type="stmt"/>
        <line num="455" count="1" type="stmt"/>
        <line num="456" count="1" type="stmt"/>
        <line num="457" count="1" type="stmt"/>
        <line num="458" count="1" type="stmt"/>
        <line num="459" count="1" type="stmt"/>
        <line num="460" count="2" type="cond" truecount="0" falsecount="1"/>
        <line num="461" count="0" type="stmt"/>
        <line num="462" count="0" type="stmt"/>
        <line num="463" count="0" type="stmt"/>
        <line num="464" count="2" type="cond" truecount="0" falsecount="1"/>
        <line num="465" count="0" type="stmt"/>
        <line num="466" count="0" type="stmt"/>
        <line num="467" count="2" type="cond" truecount="1" falsecount="0"/>
        <line num="468" count="1" type="stmt"/>
        <line num="469" count="1" type="stmt"/>
        <line num="470" count="2" type="stmt"/>
        <line num="472" count="11" type="cond" truecount="1" falsecount="0"/>
        <line num="473" count="1" type="stmt"/>
        <line num="474" count="1" type="cond" truecount="1" falsecount="0"/>
        <line num="476" count="1" type="stmt"/>
        <line num="477" count="1" type="stmt"/>
        <line num="478" count="1" type="stmt"/>
        <line num="479" count="1" type="stmt"/>
        <line num="480" count="1" type="stmt"/>
        <line num="481" count="1" type="stmt"/>
        <line num="482" count="1" type="stmt"/>
        <line num="483" count="1" type="stmt"/>
        <line num="484" count="1" type="stmt"/>
        <line num="486" count="11" type="cond" truecount="1" falsecount="0"/>
        <line num="487" count="1" type="stmt"/>
        <line num="488" count="1" type="stmt"/>
        <line num="489" count="1" type="stmt"/>
        <line num="490" count="1" type="stmt"/>
        <line num="491" count="1" type="stmt"/>
        <line num="492" count="1" type="stmt"/>
        <line num="493" count="1" type="stmt"/>
        <line num="494" count="1" type="stmt"/>
        <line num="496" count="1" type="stmt"/>
        <line num="497" count="1" type="stmt"/>
        <line num="498" count="1" type="stmt"/>
        <line num="499" count="1" type="stmt"/>
        <line num="500" count="1" type="stmt"/>
        <line num="501" count="1" type="stmt"/>
        <line num="503" count="1" type="stmt"/>
        <line num="504" count="1" type="stmt"/>
        <line num="505" count="1" type="stmt"/>
        <line num="506" count="1" type="cond" truecount="0" falsecount="1"/>
        <line num="507" count="0" type="stmt"/>
        <line num="508" count="0" type="stmt"/>
        <line num="509" count="0" type="stmt"/>
        <line num="510" count="1" type="cond" truecount="0" falsecount="1"/>
        <line num="511" count="0" type="stmt"/>
        <line num="512" count="0" type="stmt"/>
        <line num="513" count="1" type="stmt"/>
        <line num="514" count="1" type="stmt"/>
        <line num="515" count="1" type="stmt"/>
        <line num="516" count="1" type="stmt"/>
        <line num="518" count="11" type="cond" truecount="1" falsecount="0"/>
        <line num="519" count="1" type="cond" truecount="0" falsecount="1"/>
        <line num="521" count="1" type="stmt"/>
        <line num="522" count="1" type="cond" truecount="1" falsecount="0"/>
        <line num="524" count="1" type="stmt"/>
        <line num="525" count="1" type="stmt"/>
        <line num="526" count="1" type="stmt"/>
        <line num="527" count="1" type="stmt"/>
        <line num="528" count="1" type="stmt"/>
        <line num="530" count="1" type="stmt"/>
        <line num="531" count="1" type="stmt"/>
        <line num="532" count="1" type="stmt"/>
        <line num="533" count="1" type="stmt"/>
        <line num="534" count="1" type="stmt"/>
        <line num="535" count="1" type="stmt"/>
        <line num="536" count="1" type="stmt"/>
        <line num="537" count="1" type="stmt"/>
        <line num="538" count="1" type="stmt"/>
        <line num="540" count="11" type="cond" truecount="1" falsecount="0"/>
        <line num="541" count="2" type="stmt"/>
        <line num="542" count="2" type="stmt"/>
        <line num="544" count="2" type="cond" truecount="1" falsecount="0"/>
        <line num="545" count="1" type="stmt"/>
        <line num="546" count="1" type="stmt"/>
        <line num="547" count="1" type="stmt"/>
        <line num="548" count="1" type="stmt"/>
        <line num="549" count="1" type="stmt"/>
        <line num="550" count="1" type="stmt"/>
        <line num="551" count="1" type="stmt"/>
        <line num="552" count="1" type="stmt"/>
        <line num="553" count="1" type="stmt"/>
        <line num="554" count="1" type="stmt"/>
        <line num="555" count="2" type="stmt"/>
        <line num="557" count="11" type="cond" truecount="1" falsecount="0"/>
        <line num="558" count="2" type="stmt"/>
        <line num="559" count="2" type="stmt"/>
        <line num="560" count="2" type="stmt"/>
        <line num="561" count="2" type="stmt"/>
        <line num="562" count="2" type="stmt"/>
        <line num="563" count="11" type="stmt"/>
        <line num="565" count="11" type="cond" truecount="1" falsecount="0"/>
        <line num="566" count="1" type="stmt"/>
        <line num="567" count="1" type="cond" truecount="0" falsecount="1"/>
        <line num="569" count="1" type="stmt"/>
        <line num="570" count="1" type="stmt"/>
        <line num="571" count="1" type="stmt"/>
        <line num="572" count="1" type="stmt"/>
        <line num="573" count="1" type="stmt"/>
        <line num="574" count="1" type="stmt"/>
        <line num="576" count="1" type="stmt"/>
        <line num="577" count="1" type="stmt"/>
        <line num="578" count="1" type="stmt"/>
        <line num="579" count="1" type="cond" truecount="0" falsecount="1"/>
        <line num="580" count="0" type="stmt"/>
        <line num="581" count="0" type="stmt"/>
        <line num="582" count="0" type="stmt"/>
        <line num="583" count="1" type="cond" truecount="0" falsecount="1"/>
        <line num="584" count="0" type="stmt"/>
        <line num="585" count="0" type="stmt"/>
        <line num="586" count="1" type="stmt"/>
        <line num="587" count="1" type="stmt"/>
        <line num="588" count="1" type="stmt"/>
        <line num="589" count="1" type="stmt"/>
        <line num="591" count="11" type="cond" truecount="1" falsecount="0"/>
        <line num="592" count="44" type="cond" truecount="1" falsecount="0"/>
        <line num="593" count="7" type="stmt"/>
        <line num="594" count="7" type="cond" truecount="1" falsecount="0"/>
        <line num="595" count="4" type="stmt"/>
        <line num="596" count="4" type="stmt"/>
        <line num="597" count="4" type="stmt"/>
        <line num="598" count="4" type="stmt"/>
        <line num="599" count="7" type="cond" truecount="1" falsecount="0"/>
        <line num="600" count="3" type="stmt"/>
        <line num="601" count="3" type="stmt"/>
        <line num="602" count="44" type="stmt"/>
        <line num="603" count="11" type="stmt"/>
        <line num="605" count="11" type="stmt"/>
        <line num="606" count="11" type="stmt"/>
        <line num="607" count="11" type="stmt"/>
        <line num="608" count="11" type="cond" truecount="1" falsecount="0"/>
        <line num="609" count="2" type="cond" truecount="1" falsecount="0"/>
        <line num="610" count="1" type="stmt"/>
        <line num="611" count="1" type="stmt"/>
        <line num="612" count="1" type="stmt"/>
        <line num="613" count="1" type="stmt"/>
        <line num="614" count="11" type="stmt"/>
        <line num="615" count="11" type="stmt"/>
        <line num="616" count="11" type="stmt"/>
        <line num="618" count="11" type="stmt"/>
        <line num="619" count="11" type="stmt"/>
        <line num="620" count="11" type="stmt"/>
        <line num="622" count="11" type="stmt"/>
        <line num="623" count="11" type="stmt"/>
        <line num="624" count="11" type="stmt"/>
        <line num="625" count="11" type="stmt"/>
        <line num="626" count="11" type="stmt"/>
        <line num="627" count="11" type="stmt"/>
        <line num="628" count="11" type="stmt"/>
        <line num="629" count="11" type="stmt"/>
        <line num="630" count="11" type="stmt"/>
        <line num="631" count="11" type="stmt"/>
        <line num="632" count="11" type="stmt"/>
        <line num="633" count="11" type="stmt"/>
        <line num="634" count="11" type="stmt"/>
        <line num="635" count="11" type="stmt"/>
        <line num="636" count="11" type="stmt"/>
        <line num="637" count="11" type="stmt"/>
        <line num="638" count="11" type="stmt"/>
        <line num="639" count="11" type="stmt"/>
        <line num="641" count="1" type="stmt"/>
        <line num="642" count="0" type="stmt"/>
        <line num="643" count="0" type="stmt"/>
        <line num="644" count="0" type="stmt"/>
        <line num="645" count="0" type="stmt"/>
        <line num="646" count="0" type="stmt"/>
        <line num="647" count="0" type="stmt"/>
        <line num="648" count="0" type="stmt"/>
        <line num="649" count="0" type="stmt"/>
        <line num="650" count="0" type="stmt"/>
        <line num="651" count="0" type="stmt"/>
        <line num="652" count="0" type="stmt"/>
        <line num="653" count="0" type="stmt"/>
        <line num="654" count="0" type="stmt"/>
        <line num="655" count="0" type="stmt"/>
        <line num="656" count="0" type="stmt"/>
        <line num="657" count="0" type="stmt"/>
        <line num="658" count="0" type="stmt"/>
        <line num="659" count="0" type="stmt"/>
        <line num="660" count="0" type="stmt"/>
        <line num="661" count="0" type="stmt"/>
        <line num="662" count="0" type="stmt"/>
        <line num="663" count="0" type="stmt"/>
        <line num="664" count="0" type="stmt"/>
        <line num="665" count="0" type="stmt"/>
        <line num="666" count="0" type="stmt"/>
        <line num="667" count="0" type="stmt"/>
        <line num="668" count="0" type="stmt"/>
        <line num="669" count="0" type="stmt"/>
        <line num="670" count="0" type="stmt"/>
        <line num="671" count="0" type="stmt"/>
        <line num="672" count="0" type="stmt"/>
        <line num="673" count="0" type="stmt"/>
        <line num="674" count="1" type="stmt"/>
      </file>
    </package>
  </project>
</coverage>
