{"/Volumes/KINGSTON/Workspace/fin-app/packages/cf-mony-worker/public/scripts.js": {"path":"/Volumes/KINGSTON/Workspace/fin-app/packages/cf-mony-worker/public/scripts.js","all":false,"statementMap":{"0":{"start":{"line":1,"column":0},"end":{"line":1,"column":22}},"1":{"start":{"line":2,"column":0},"end":{"line":2,"column":23}},"2":{"start":{"line":3,"column":0},"end":{"line":3,"column":20}},"3":{"start":{"line":4,"column":0},"end":{"line":4,"column":31}},"4":{"start":{"line":5,"column":0},"end":{"line":5,"column":30}},"5":{"start":{"line":6,"column":0},"end":{"line":6,"column":29}},"6":{"start":{"line":7,"column":0},"end":{"line":7,"column":20}},"7":{"start":{"line":8,"column":0},"end":{"line":8,"column":21}},"8":{"start":{"line":9,"column":0},"end":{"line":9,"column":2}},"9":{"start":{"line":10,"column":0},"end":{"line":10,"column":29}},"11":{"start":{"line":12,"column":0},"end":{"line":12,"column":24}},"12":{"start":{"line":13,"column":0},"end":{"line":13,"column":33}},"13":{"start":{"line":14,"column":0},"end":{"line":14,"column":44}},"14":{"start":{"line":15,"column":0},"end":{"line":15,"column":33}},"15":{"start":{"line":16,"column":0},"end":{"line":16,"column":43}},"16":{"start":{"line":17,"column":0},"end":{"line":17,"column":42}},"17":{"start":{"line":18,"column":0},"end":{"line":18,"column":33}},"18":{"start":{"line":19,"column":0},"end":{"line":19,"column":33}},"19":{"start":{"line":20,"column":0},"end":{"line":20,"column":34}},"20":{"start":{"line":21,"column":0},"end":{"line":21,"column":2}},"21":{"start":{"line":22,"column":0},"end":{"line":22,"column":118}},"22":{"start":{"line":23,"column":0},"end":{"line":23,"column":48}},"24":{"start":{"line":25,"column":0},"end":{"line":25,"column":54}},"25":{"start":{"line":26,"column":0},"end":{"line":26,"column":43}},"26":{"start":{"line":27,"column":0},"end":{"line":27,"column":34}},"27":{"start":{"line":28,"column":0},"end":{"line":28,"column":78}},"28":{"start":{"line":29,"column":0},"end":{"line":29,"column":5}},"30":{"start":{"line":31,"column":0},"end":{"line":31,"column":43}},"31":{"start":{"line":32,"column":0},"end":{"line":32,"column":46}},"32":{"start":{"line":33,"column":0},"end":{"line":33,"column":49}},"33":{"start":{"line":34,"column":0},"end":{"line":34,"column":49}},"34":{"start":{"line":35,"column":0},"end":{"line":35,"column":28}},"35":{"start":{"line":36,"column":0},"end":{"line":36,"column":5}},"37":{"start":{"line":38,"column":0},"end":{"line":38,"column":11}},"38":{"start":{"line":39,"column":0},"end":{"line":39,"column":90}},"39":{"start":{"line":40,"column":0},"end":{"line":40,"column":93}},"40":{"start":{"line":41,"column":0},"end":{"line":41,"column":89}},"41":{"start":{"line":42,"column":0},"end":{"line":42,"column":96}},"42":{"start":{"line":43,"column":0},"end":{"line":43,"column":85}},"43":{"start":{"line":44,"column":0},"end":{"line":44,"column":88}},"44":{"start":{"line":45,"column":0},"end":{"line":45,"column":20}},"46":{"start":{"line":47,"column":0},"end":{"line":47,"column":28}},"47":{"start":{"line":48,"column":0},"end":{"line":48,"column":33}},"49":{"start":{"line":50,"column":0},"end":{"line":50,"column":29}},"50":{"start":{"line":51,"column":0},"end":{"line":51,"column":58}},"51":{"start":{"line":52,"column":0},"end":{"line":52,"column":34}},"52":{"start":{"line":53,"column":0},"end":{"line":53,"column":56}},"54":{"start":{"line":55,"column":0},"end":{"line":55,"column":50}},"55":{"start":{"line":56,"column":0},"end":{"line":56,"column":61}},"56":{"start":{"line":57,"column":0},"end":{"line":57,"column":60}},"57":{"start":{"line":58,"column":0},"end":{"line":58,"column":40}},"58":{"start":{"line":59,"column":0},"end":{"line":59,"column":7}},"60":{"start":{"line":61,"column":0},"end":{"line":61,"column":34}},"61":{"start":{"line":62,"column":0},"end":{"line":62,"column":81}},"62":{"start":{"line":63,"column":0},"end":{"line":63,"column":81}},"63":{"start":{"line":64,"column":0},"end":{"line":64,"column":50}},"64":{"start":{"line":65,"column":0},"end":{"line":65,"column":5}},"66":{"start":{"line":67,"column":0},"end":{"line":67,"column":37}},"67":{"start":{"line":68,"column":0},"end":{"line":68,"column":81}},"68":{"start":{"line":69,"column":0},"end":{"line":69,"column":28}},"70":{"start":{"line":71,"column":0},"end":{"line":71,"column":33}},"71":{"start":{"line":72,"column":0},"end":{"line":72,"column":38}},"72":{"start":{"line":73,"column":0},"end":{"line":73,"column":33}},"73":{"start":{"line":74,"column":0},"end":{"line":74,"column":50}},"74":{"start":{"line":75,"column":0},"end":{"line":75,"column":20}},"75":{"start":{"line":76,"column":0},"end":{"line":76,"column":53}},"76":{"start":{"line":77,"column":0},"end":{"line":77,"column":13}},"77":{"start":{"line":78,"column":0},"end":{"line":78,"column":11}},"79":{"start":{"line":80,"column":0},"end":{"line":80,"column":24}},"80":{"start":{"line":81,"column":0},"end":{"line":81,"column":5}},"82":{"start":{"line":83,"column":0},"end":{"line":83,"column":35}},"83":{"start":{"line":84,"column":0},"end":{"line":84,"column":31}},"84":{"start":{"line":85,"column":0},"end":{"line":85,"column":29}},"85":{"start":{"line":86,"column":0},"end":{"line":86,"column":31}},"87":{"start":{"line":88,"column":0},"end":{"line":88,"column":154}},"89":{"start":{"line":90,"column":0},"end":{"line":90,"column":48}},"90":{"start":{"line":91,"column":0},"end":{"line":91,"column":40}},"91":{"start":{"line":92,"column":0},"end":{"line":92,"column":43}},"92":{"start":{"line":93,"column":0},"end":{"line":93,"column":50}},"93":{"start":{"line":94,"column":0},"end":{"line":94,"column":79}},"94":{"start":{"line":95,"column":0},"end":{"line":95,"column":13}},"95":{"start":{"line":96,"column":0},"end":{"line":96,"column":11}},"97":{"start":{"line":98,"column":0},"end":{"line":98,"column":27}},"98":{"start":{"line":99,"column":0},"end":{"line":99,"column":35}},"99":{"start":{"line":100,"column":0},"end":{"line":100,"column":9}},"101":{"start":{"line":102,"column":0},"end":{"line":102,"column":47}},"102":{"start":{"line":103,"column":0},"end":{"line":103,"column":24}},"103":{"start":{"line":104,"column":0},"end":{"line":104,"column":19}},"104":{"start":{"line":105,"column":0},"end":{"line":105,"column":36}},"105":{"start":{"line":106,"column":0},"end":{"line":106,"column":28}},"106":{"start":{"line":107,"column":0},"end":{"line":107,"column":50}},"107":{"start":{"line":108,"column":0},"end":{"line":108,"column":36}},"108":{"start":{"line":109,"column":0},"end":{"line":109,"column":49}},"109":{"start":{"line":110,"column":0},"end":{"line":110,"column":18}},"110":{"start":{"line":111,"column":0},"end":{"line":111,"column":14}},"111":{"start":{"line":112,"column":0},"end":{"line":112,"column":22}},"112":{"start":{"line":113,"column":0},"end":{"line":113,"column":33}},"113":{"start":{"line":114,"column":0},"end":{"line":114,"column":43}},"114":{"start":{"line":115,"column":0},"end":{"line":115,"column":26}},"115":{"start":{"line":116,"column":0},"end":{"line":116,"column":48}},"116":{"start":{"line":117,"column":0},"end":{"line":117,"column":75}},"117":{"start":{"line":118,"column":0},"end":{"line":118,"column":17}},"118":{"start":{"line":119,"column":0},"end":{"line":119,"column":13}},"119":{"start":{"line":120,"column":0},"end":{"line":120,"column":11}},"120":{"start":{"line":121,"column":0},"end":{"line":121,"column":5}},"122":{"start":{"line":123,"column":0},"end":{"line":123,"column":36}},"123":{"start":{"line":124,"column":0},"end":{"line":124,"column":55}},"124":{"start":{"line":125,"column":0},"end":{"line":125,"column":46}},"125":{"start":{"line":126,"column":0},"end":{"line":126,"column":42}},"126":{"start":{"line":127,"column":0},"end":{"line":127,"column":33}},"127":{"start":{"line":128,"column":0},"end":{"line":128,"column":34}},"128":{"start":{"line":129,"column":0},"end":{"line":129,"column":13}},"129":{"start":{"line":130,"column":0},"end":{"line":130,"column":36}},"130":{"start":{"line":131,"column":0},"end":{"line":131,"column":23}},"131":{"start":{"line":132,"column":0},"end":{"line":132,"column":15}},"133":{"start":{"line":134,"column":0},"end":{"line":134,"column":29}},"135":{"start":{"line":136,"column":0},"end":{"line":136,"column":53}},"136":{"start":{"line":137,"column":0},"end":{"line":137,"column":39}},"137":{"start":{"line":138,"column":0},"end":{"line":138,"column":47}},"138":{"start":{"line":139,"column":0},"end":{"line":139,"column":46}},"139":{"start":{"line":140,"column":0},"end":{"line":140,"column":42}},"140":{"start":{"line":141,"column":0},"end":{"line":141,"column":47}},"142":{"start":{"line":143,"column":0},"end":{"line":143,"column":48}},"143":{"start":{"line":144,"column":0},"end":{"line":144,"column":26}},"144":{"start":{"line":145,"column":0},"end":{"line":145,"column":93}},"145":{"start":{"line":146,"column":0},"end":{"line":146,"column":103}},"146":{"start":{"line":147,"column":0},"end":{"line":147,"column":79}},"148":{"start":{"line":149,"column":0},"end":{"line":149,"column":41}},"149":{"start":{"line":150,"column":0},"end":{"line":150,"column":46}},"150":{"start":{"line":151,"column":0},"end":{"line":151,"column":66}},"151":{"start":{"line":152,"column":0},"end":{"line":152,"column":43}},"152":{"start":{"line":153,"column":0},"end":{"line":153,"column":157}},"153":{"start":{"line":154,"column":0},"end":{"line":154,"column":156}},"154":{"start":{"line":155,"column":0},"end":{"line":155,"column":68}},"155":{"start":{"line":156,"column":0},"end":{"line":156,"column":232}},"156":{"start":{"line":157,"column":0},"end":{"line":157,"column":30}},"157":{"start":{"line":158,"column":0},"end":{"line":158,"column":26}},"158":{"start":{"line":159,"column":0},"end":{"line":159,"column":22}},"159":{"start":{"line":160,"column":0},"end":{"line":160,"column":14}},"161":{"start":{"line":162,"column":0},"end":{"line":162,"column":163}},"162":{"start":{"line":163,"column":0},"end":{"line":163,"column":116}},"163":{"start":{"line":164,"column":0},"end":{"line":164,"column":123}},"164":{"start":{"line":165,"column":0},"end":{"line":165,"column":103}},"165":{"start":{"line":166,"column":0},"end":{"line":166,"column":79}},"167":{"start":{"line":168,"column":0},"end":{"line":168,"column":49}},"168":{"start":{"line":169,"column":0},"end":{"line":169,"column":46}},"169":{"start":{"line":170,"column":0},"end":{"line":170,"column":45}},"170":{"start":{"line":171,"column":0},"end":{"line":171,"column":46}},"171":{"start":{"line":172,"column":0},"end":{"line":172,"column":172}},"172":{"start":{"line":173,"column":0},"end":{"line":173,"column":26}},"173":{"start":{"line":174,"column":0},"end":{"line":174,"column":43}},"174":{"start":{"line":175,"column":0},"end":{"line":175,"column":157}},"175":{"start":{"line":176,"column":0},"end":{"line":176,"column":156}},"176":{"start":{"line":177,"column":0},"end":{"line":177,"column":68}},"177":{"start":{"line":178,"column":0},"end":{"line":178,"column":232}},"178":{"start":{"line":179,"column":0},"end":{"line":179,"column":30}},"179":{"start":{"line":180,"column":0},"end":{"line":180,"column":26}},"180":{"start":{"line":181,"column":0},"end":{"line":181,"column":22}},"181":{"start":{"line":182,"column":0},"end":{"line":182,"column":14}},"183":{"start":{"line":184,"column":0},"end":{"line":184,"column":87}},"184":{"start":{"line":185,"column":0},"end":{"line":185,"column":56}},"185":{"start":{"line":186,"column":0},"end":{"line":186,"column":60}},"186":{"start":{"line":187,"column":0},"end":{"line":187,"column":53}},"187":{"start":{"line":188,"column":0},"end":{"line":188,"column":87}},"188":{"start":{"line":189,"column":0},"end":{"line":189,"column":73}},"189":{"start":{"line":190,"column":0},"end":{"line":190,"column":37}},"190":{"start":{"line":191,"column":0},"end":{"line":191,"column":56}},"191":{"start":{"line":192,"column":0},"end":{"line":192,"column":42}},"192":{"start":{"line":193,"column":0},"end":{"line":193,"column":51}},"193":{"start":{"line":194,"column":0},"end":{"line":194,"column":83}},"194":{"start":{"line":195,"column":0},"end":{"line":195,"column":161}},"195":{"start":{"line":196,"column":0},"end":{"line":196,"column":144}},"196":{"start":{"line":197,"column":0},"end":{"line":197,"column":76}},"197":{"start":{"line":198,"column":0},"end":{"line":198,"column":220}},"198":{"start":{"line":199,"column":0},"end":{"line":199,"column":38}},"199":{"start":{"line":200,"column":0},"end":{"line":200,"column":34}},"200":{"start":{"line":201,"column":0},"end":{"line":201,"column":30}},"201":{"start":{"line":202,"column":0},"end":{"line":202,"column":26}},"202":{"start":{"line":203,"column":0},"end":{"line":203,"column":18}},"203":{"start":{"line":204,"column":0},"end":{"line":204,"column":15}},"204":{"start":{"line":205,"column":0},"end":{"line":205,"column":41}},"205":{"start":{"line":206,"column":0},"end":{"line":206,"column":64}},"207":{"start":{"line":208,"column":0},"end":{"line":208,"column":79}},"208":{"start":{"line":209,"column":0},"end":{"line":209,"column":142}},"209":{"start":{"line":210,"column":0},"end":{"line":210,"column":53}},"210":{"start":{"line":211,"column":0},"end":{"line":211,"column":70}},"211":{"start":{"line":212,"column":0},"end":{"line":212,"column":73}},"212":{"start":{"line":213,"column":0},"end":{"line":213,"column":33}},"213":{"start":{"line":214,"column":0},"end":{"line":214,"column":56}},"214":{"start":{"line":215,"column":0},"end":{"line":215,"column":42}},"215":{"start":{"line":216,"column":0},"end":{"line":216,"column":51}},"216":{"start":{"line":217,"column":0},"end":{"line":217,"column":83}},"217":{"start":{"line":218,"column":0},"end":{"line":218,"column":161}},"218":{"start":{"line":219,"column":0},"end":{"line":219,"column":144}},"219":{"start":{"line":220,"column":0},"end":{"line":220,"column":76}},"220":{"start":{"line":221,"column":0},"end":{"line":221,"column":220}},"221":{"start":{"line":222,"column":0},"end":{"line":222,"column":38}},"222":{"start":{"line":223,"column":0},"end":{"line":223,"column":34}},"223":{"start":{"line":224,"column":0},"end":{"line":224,"column":30}},"224":{"start":{"line":225,"column":0},"end":{"line":225,"column":26}},"225":{"start":{"line":226,"column":0},"end":{"line":226,"column":18}},"226":{"start":{"line":227,"column":0},"end":{"line":227,"column":15}},"227":{"start":{"line":228,"column":0},"end":{"line":228,"column":37}},"228":{"start":{"line":229,"column":0},"end":{"line":229,"column":56}},"230":{"start":{"line":231,"column":0},"end":{"line":231,"column":107}},"231":{"start":{"line":232,"column":0},"end":{"line":232,"column":79}},"232":{"start":{"line":233,"column":0},"end":{"line":233,"column":43}},"233":{"start":{"line":234,"column":0},"end":{"line":234,"column":92}},"234":{"start":{"line":235,"column":0},"end":{"line":235,"column":42}},"235":{"start":{"line":236,"column":0},"end":{"line":236,"column":60}},"236":{"start":{"line":237,"column":0},"end":{"line":237,"column":46}},"237":{"start":{"line":238,"column":0},"end":{"line":238,"column":67}},"238":{"start":{"line":239,"column":0},"end":{"line":239,"column":75}},"239":{"start":{"line":240,"column":0},"end":{"line":240,"column":153}},"240":{"start":{"line":241,"column":0},"end":{"line":241,"column":38}},"241":{"start":{"line":242,"column":0},"end":{"line":242,"column":34}},"242":{"start":{"line":243,"column":0},"end":{"line":243,"column":30}},"243":{"start":{"line":244,"column":0},"end":{"line":244,"column":22}},"244":{"start":{"line":245,"column":0},"end":{"line":245,"column":19}},"245":{"start":{"line":246,"column":0},"end":{"line":246,"column":20}},"246":{"start":{"line":247,"column":0},"end":{"line":247,"column":76}},"247":{"start":{"line":248,"column":0},"end":{"line":248,"column":13}},"248":{"start":{"line":249,"column":0},"end":{"line":249,"column":42}},"249":{"start":{"line":250,"column":0},"end":{"line":250,"column":66}},"251":{"start":{"line":252,"column":0},"end":{"line":252,"column":50}},"252":{"start":{"line":253,"column":0},"end":{"line":253,"column":95}},"253":{"start":{"line":254,"column":0},"end":{"line":254,"column":101}},"254":{"start":{"line":255,"column":0},"end":{"line":255,"column":87}},"255":{"start":{"line":256,"column":0},"end":{"line":256,"column":5}},"257":{"start":{"line":258,"column":0},"end":{"line":258,"column":35}},"258":{"start":{"line":259,"column":0},"end":{"line":259,"column":35}},"260":{"start":{"line":261,"column":0},"end":{"line":261,"column":52}},"261":{"start":{"line":262,"column":0},"end":{"line":262,"column":65}},"263":{"start":{"line":264,"column":0},"end":{"line":264,"column":33}},"264":{"start":{"line":265,"column":0},"end":{"line":265,"column":63}},"265":{"start":{"line":266,"column":0},"end":{"line":266,"column":38}},"266":{"start":{"line":267,"column":0},"end":{"line":267,"column":29}},"267":{"start":{"line":268,"column":0},"end":{"line":268,"column":31}},"268":{"start":{"line":269,"column":0},"end":{"line":269,"column":13}},"269":{"start":{"line":270,"column":0},"end":{"line":270,"column":36}},"270":{"start":{"line":271,"column":0},"end":{"line":271,"column":23}},"271":{"start":{"line":272,"column":0},"end":{"line":272,"column":15}},"273":{"start":{"line":274,"column":0},"end":{"line":274,"column":47}},"274":{"start":{"line":275,"column":0},"end":{"line":275,"column":45}},"275":{"start":{"line":276,"column":0},"end":{"line":276,"column":39}},"276":{"start":{"line":277,"column":0},"end":{"line":277,"column":62}},"277":{"start":{"line":278,"column":0},"end":{"line":278,"column":57}},"278":{"start":{"line":279,"column":0},"end":{"line":279,"column":68}},"279":{"start":{"line":280,"column":0},"end":{"line":280,"column":50}},"281":{"start":{"line":282,"column":0},"end":{"line":282,"column":45}},"282":{"start":{"line":283,"column":0},"end":{"line":283,"column":56}},"283":{"start":{"line":284,"column":0},"end":{"line":284,"column":57}},"284":{"start":{"line":285,"column":0},"end":{"line":285,"column":33}},"285":{"start":{"line":286,"column":0},"end":{"line":286,"column":125}},"286":{"start":{"line":287,"column":0},"end":{"line":287,"column":51}},"287":{"start":{"line":288,"column":0},"end":{"line":288,"column":48}},"288":{"start":{"line":289,"column":0},"end":{"line":289,"column":45}},"289":{"start":{"line":290,"column":0},"end":{"line":290,"column":102}},"290":{"start":{"line":291,"column":0},"end":{"line":291,"column":104}},"291":{"start":{"line":292,"column":0},"end":{"line":292,"column":25}},"292":{"start":{"line":293,"column":0},"end":{"line":293,"column":18}},"293":{"start":{"line":294,"column":0},"end":{"line":294,"column":45}},"294":{"start":{"line":295,"column":0},"end":{"line":295,"column":15}},"295":{"start":{"line":296,"column":0},"end":{"line":296,"column":9}},"296":{"start":{"line":297,"column":0},"end":{"line":297,"column":5}},"298":{"start":{"line":299,"column":0},"end":{"line":299,"column":39}},"299":{"start":{"line":300,"column":0},"end":{"line":300,"column":28}},"300":{"start":{"line":301,"column":0},"end":{"line":301,"column":54}},"301":{"start":{"line":302,"column":0},"end":{"line":302,"column":41}},"302":{"start":{"line":303,"column":0},"end":{"line":303,"column":48}},"303":{"start":{"line":304,"column":0},"end":{"line":304,"column":16}},"304":{"start":{"line":305,"column":0},"end":{"line":305,"column":114}},"305":{"start":{"line":306,"column":0},"end":{"line":306,"column":45}},"306":{"start":{"line":307,"column":0},"end":{"line":307,"column":9}},"307":{"start":{"line":308,"column":0},"end":{"line":308,"column":5}},"309":{"start":{"line":310,"column":0},"end":{"line":310,"column":44}},"310":{"start":{"line":311,"column":0},"end":{"line":311,"column":59}},"311":{"start":{"line":312,"column":0},"end":{"line":312,"column":13}},"312":{"start":{"line":313,"column":0},"end":{"line":313,"column":82}},"313":{"start":{"line":314,"column":0},"end":{"line":314,"column":30}},"314":{"start":{"line":315,"column":0},"end":{"line":315,"column":60}},"315":{"start":{"line":316,"column":0},"end":{"line":316,"column":91}},"316":{"start":{"line":317,"column":0},"end":{"line":317,"column":82}},"317":{"start":{"line":318,"column":0},"end":{"line":318,"column":20}},"318":{"start":{"line":319,"column":0},"end":{"line":319,"column":82}},"319":{"start":{"line":320,"column":0},"end":{"line":320,"column":112}},"320":{"start":{"line":321,"column":0},"end":{"line":321,"column":47}},"321":{"start":{"line":322,"column":0},"end":{"line":322,"column":55}},"322":{"start":{"line":323,"column":0},"end":{"line":323,"column":54}},"323":{"start":{"line":324,"column":0},"end":{"line":324,"column":50}},"324":{"start":{"line":325,"column":0},"end":{"line":325,"column":55}},"325":{"start":{"line":326,"column":0},"end":{"line":326,"column":13}},"326":{"start":{"line":327,"column":0},"end":{"line":327,"column":25}},"327":{"start":{"line":328,"column":0},"end":{"line":328,"column":61}},"328":{"start":{"line":329,"column":0},"end":{"line":329,"column":121}},"329":{"start":{"line":330,"column":0},"end":{"line":330,"column":43}},"330":{"start":{"line":331,"column":0},"end":{"line":331,"column":51}},"331":{"start":{"line":332,"column":0},"end":{"line":332,"column":50}},"332":{"start":{"line":333,"column":0},"end":{"line":333,"column":46}},"333":{"start":{"line":334,"column":0},"end":{"line":334,"column":51}},"334":{"start":{"line":335,"column":0},"end":{"line":335,"column":9}},"335":{"start":{"line":336,"column":0},"end":{"line":336,"column":5}},"337":{"start":{"line":338,"column":0},"end":{"line":338,"column":34}},"338":{"start":{"line":339,"column":0},"end":{"line":339,"column":27}},"339":{"start":{"line":340,"column":0},"end":{"line":340,"column":38}},"340":{"start":{"line":341,"column":0},"end":{"line":341,"column":19}},"341":{"start":{"line":342,"column":0},"end":{"line":342,"column":9}},"343":{"start":{"line":344,"column":0},"end":{"line":344,"column":57}},"344":{"start":{"line":345,"column":0},"end":{"line":345,"column":38}},"346":{"start":{"line":347,"column":0},"end":{"line":347,"column":28}},"347":{"start":{"line":348,"column":0},"end":{"line":348,"column":34}},"348":{"start":{"line":349,"column":0},"end":{"line":349,"column":67}},"349":{"start":{"line":350,"column":0},"end":{"line":350,"column":48}},"350":{"start":{"line":351,"column":0},"end":{"line":351,"column":42}},"351":{"start":{"line":352,"column":0},"end":{"line":352,"column":10}},"353":{"start":{"line":354,"column":0},"end":{"line":354,"column":13}},"354":{"start":{"line":355,"column":0},"end":{"line":355,"column":50}},"355":{"start":{"line":356,"column":0},"end":{"line":356,"column":31}},"356":{"start":{"line":357,"column":0},"end":{"line":357,"column":64}},"357":{"start":{"line":358,"column":0},"end":{"line":358,"column":49}},"358":{"start":{"line":359,"column":0},"end":{"line":359,"column":15}},"360":{"start":{"line":361,"column":0},"end":{"line":361,"column":30}},"361":{"start":{"line":362,"column":0},"end":{"line":362,"column":58}},"362":{"start":{"line":363,"column":0},"end":{"line":363,"column":74}},"363":{"start":{"line":364,"column":0},"end":{"line":364,"column":36}},"364":{"start":{"line":365,"column":0},"end":{"line":365,"column":46}},"365":{"start":{"line":366,"column":0},"end":{"line":366,"column":20}},"366":{"start":{"line":367,"column":0},"end":{"line":367,"column":80}},"367":{"start":{"line":368,"column":0},"end":{"line":368,"column":108}},"368":{"start":{"line":369,"column":0},"end":{"line":369,"column":13}},"369":{"start":{"line":370,"column":0},"end":{"line":370,"column":25}},"370":{"start":{"line":371,"column":0},"end":{"line":371,"column":59}},"371":{"start":{"line":372,"column":0},"end":{"line":372,"column":73}},"372":{"start":{"line":373,"column":0},"end":{"line":373,"column":19}},"373":{"start":{"line":374,"column":0},"end":{"line":374,"column":43}},"374":{"start":{"line":375,"column":0},"end":{"line":375,"column":9}},"375":{"start":{"line":376,"column":0},"end":{"line":376,"column":5}},"377":{"start":{"line":378,"column":0},"end":{"line":378,"column":31}},"378":{"start":{"line":379,"column":0},"end":{"line":379,"column":59}},"379":{"start":{"line":380,"column":0},"end":{"line":380,"column":88}},"381":{"start":{"line":382,"column":0},"end":{"line":382,"column":30}},"382":{"start":{"line":383,"column":0},"end":{"line":383,"column":63}},"383":{"start":{"line":384,"column":0},"end":{"line":384,"column":57}},"384":{"start":{"line":385,"column":0},"end":{"line":385,"column":86}},"385":{"start":{"line":386,"column":0},"end":{"line":386,"column":71}},"386":{"start":{"line":387,"column":0},"end":{"line":387,"column":65}},"387":{"start":{"line":388,"column":0},"end":{"line":388,"column":38}},"388":{"start":{"line":389,"column":0},"end":{"line":389,"column":9}},"389":{"start":{"line":390,"column":0},"end":{"line":390,"column":5}},"391":{"start":{"line":392,"column":0},"end":{"line":392,"column":42}},"392":{"start":{"line":393,"column":0},"end":{"line":393,"column":53}},"393":{"start":{"line":394,"column":0},"end":{"line":394,"column":32}},"394":{"start":{"line":395,"column":0},"end":{"line":395,"column":36}},"395":{"start":{"line":396,"column":0},"end":{"line":396,"column":40}},"396":{"start":{"line":397,"column":0},"end":{"line":397,"column":73}},"397":{"start":{"line":398,"column":0},"end":{"line":398,"column":54}},"398":{"start":{"line":399,"column":0},"end":{"line":399,"column":48}},"399":{"start":{"line":400,"column":0},"end":{"line":400,"column":10}},"401":{"start":{"line":402,"column":0},"end":{"line":402,"column":13}},"402":{"start":{"line":403,"column":0},"end":{"line":403,"column":50}},"403":{"start":{"line":404,"column":0},"end":{"line":404,"column":30}},"404":{"start":{"line":405,"column":0},"end":{"line":405,"column":64}},"405":{"start":{"line":406,"column":0},"end":{"line":406,"column":53}},"406":{"start":{"line":407,"column":0},"end":{"line":407,"column":15}},"408":{"start":{"line":409,"column":0},"end":{"line":409,"column":30}},"409":{"start":{"line":410,"column":0},"end":{"line":410,"column":61}},"410":{"start":{"line":411,"column":0},"end":{"line":411,"column":74}},"411":{"start":{"line":412,"column":0},"end":{"line":412,"column":20}},"412":{"start":{"line":413,"column":0},"end":{"line":413,"column":82}},"413":{"start":{"line":414,"column":0},"end":{"line":414,"column":76}},"414":{"start":{"line":415,"column":0},"end":{"line":415,"column":13}},"415":{"start":{"line":416,"column":0},"end":{"line":416,"column":25}},"416":{"start":{"line":417,"column":0},"end":{"line":417,"column":60}},"417":{"start":{"line":418,"column":0},"end":{"line":418,"column":83}},"418":{"start":{"line":419,"column":0},"end":{"line":419,"column":19}},"419":{"start":{"line":420,"column":0},"end":{"line":420,"column":38}},"420":{"start":{"line":421,"column":0},"end":{"line":421,"column":9}},"421":{"start":{"line":422,"column":0},"end":{"line":422,"column":5}},"423":{"start":{"line":424,"column":0},"end":{"line":424,"column":37}},"424":{"start":{"line":425,"column":0},"end":{"line":425,"column":63}},"426":{"start":{"line":427,"column":0},"end":{"line":427,"column":59}},"427":{"start":{"line":428,"column":0},"end":{"line":428,"column":88}},"429":{"start":{"line":430,"column":0},"end":{"line":430,"column":30}},"430":{"start":{"line":431,"column":0},"end":{"line":431,"column":47}},"431":{"start":{"line":432,"column":0},"end":{"line":432,"column":152}},"432":{"start":{"line":433,"column":0},"end":{"line":433,"column":52}},"433":{"start":{"line":434,"column":0},"end":{"line":434,"column":69}},"435":{"start":{"line":436,"column":0},"end":{"line":436,"column":31}},"436":{"start":{"line":437,"column":0},"end":{"line":437,"column":41}},"437":{"start":{"line":438,"column":0},"end":{"line":438,"column":45}},"438":{"start":{"line":439,"column":0},"end":{"line":439,"column":49}},"439":{"start":{"line":440,"column":0},"end":{"line":440,"column":61}},"440":{"start":{"line":441,"column":0},"end":{"line":441,"column":12}},"441":{"start":{"line":442,"column":0},"end":{"line":442,"column":38}},"442":{"start":{"line":443,"column":0},"end":{"line":443,"column":9}},"443":{"start":{"line":444,"column":0},"end":{"line":444,"column":5}},"445":{"start":{"line":446,"column":0},"end":{"line":446,"column":43}},"446":{"start":{"line":447,"column":0},"end":{"line":447,"column":62}},"447":{"start":{"line":448,"column":0},"end":{"line":448,"column":73}},"449":{"start":{"line":450,"column":0},"end":{"line":450,"column":46}},"450":{"start":{"line":451,"column":0},"end":{"line":451,"column":46}},"451":{"start":{"line":452,"column":0},"end":{"line":452,"column":61}},"452":{"start":{"line":453,"column":0},"end":{"line":453,"column":49}},"453":{"start":{"line":454,"column":0},"end":{"line":454,"column":16}},"454":{"start":{"line":455,"column":0},"end":{"line":455,"column":45}},"455":{"start":{"line":456,"column":0},"end":{"line":456,"column":91}},"456":{"start":{"line":457,"column":0},"end":{"line":457,"column":62}},"457":{"start":{"line":458,"column":0},"end":{"line":458,"column":54}},"458":{"start":{"line":459,"column":0},"end":{"line":459,"column":13}},"459":{"start":{"line":460,"column":0},"end":{"line":460,"column":9}},"460":{"start":{"line":461,"column":0},"end":{"line":461,"column":5}},"462":{"start":{"line":463,"column":0},"end":{"line":463,"column":56}},"463":{"start":{"line":464,"column":0},"end":{"line":464,"column":61}},"464":{"start":{"line":465,"column":0},"end":{"line":465,"column":60}},"465":{"start":{"line":466,"column":0},"end":{"line":466,"column":40}},"466":{"start":{"line":467,"column":0},"end":{"line":467,"column":8}},"467":{"start":{"line":468,"column":0},"end":{"line":468,"column":37}},"468":{"start":{"line":469,"column":0},"end":{"line":469,"column":7}},"470":{"start":{"line":471,"column":0},"end":{"line":471,"column":42}},"471":{"start":{"line":472,"column":0},"end":{"line":472,"column":54}},"472":{"start":{"line":473,"column":0},"end":{"line":473,"column":31}},"474":{"start":{"line":475,"column":0},"end":{"line":475,"column":13}},"475":{"start":{"line":476,"column":0},"end":{"line":476,"column":50}},"476":{"start":{"line":477,"column":0},"end":{"line":477,"column":33}},"477":{"start":{"line":478,"column":0},"end":{"line":478,"column":64}},"478":{"start":{"line":479,"column":0},"end":{"line":479,"column":56}},"479":{"start":{"line":480,"column":0},"end":{"line":480,"column":15}},"481":{"start":{"line":482,"column":0},"end":{"line":482,"column":30}},"482":{"start":{"line":483,"column":0},"end":{"line":483,"column":61}},"483":{"start":{"line":484,"column":0},"end":{"line":484,"column":74}},"484":{"start":{"line":485,"column":0},"end":{"line":485,"column":20}},"485":{"start":{"line":486,"column":0},"end":{"line":486,"column":82}},"486":{"start":{"line":487,"column":0},"end":{"line":487,"column":78}},"487":{"start":{"line":488,"column":0},"end":{"line":488,"column":13}},"488":{"start":{"line":489,"column":0},"end":{"line":489,"column":25}},"489":{"start":{"line":490,"column":0},"end":{"line":490,"column":60}},"490":{"start":{"line":491,"column":0},"end":{"line":491,"column":83}},"491":{"start":{"line":492,"column":0},"end":{"line":492,"column":19}},"492":{"start":{"line":493,"column":0},"end":{"line":493,"column":38}},"493":{"start":{"line":494,"column":0},"end":{"line":494,"column":9}},"494":{"start":{"line":495,"column":0},"end":{"line":495,"column":5}},"496":{"start":{"line":497,"column":0},"end":{"line":497,"column":80}},"497":{"start":{"line":498,"column":0},"end":{"line":498,"column":47}},"498":{"start":{"line":499,"column":0},"end":{"line":499,"column":32}},"499":{"start":{"line":500,"column":0},"end":{"line":500,"column":44}},"500":{"start":{"line":501,"column":0},"end":{"line":501,"column":53}},"501":{"start":{"line":502,"column":0},"end":{"line":502,"column":13}},"502":{"start":{"line":503,"column":0},"end":{"line":503,"column":11}},"503":{"start":{"line":504,"column":0},"end":{"line":504,"column":7}},"505":{"start":{"line":506,"column":0},"end":{"line":506,"column":66}},"506":{"start":{"line":507,"column":0},"end":{"line":507,"column":92}},"507":{"start":{"line":508,"column":0},"end":{"line":508,"column":55}},"508":{"start":{"line":509,"column":0},"end":{"line":509,"column":50}},"509":{"start":{"line":510,"column":0},"end":{"line":510,"column":56}},"510":{"start":{"line":511,"column":0},"end":{"line":511,"column":29}},"511":{"start":{"line":512,"column":0},"end":{"line":512,"column":61}},"512":{"start":{"line":513,"column":0},"end":{"line":513,"column":29}},"513":{"start":{"line":514,"column":0},"end":{"line":514,"column":9}},"514":{"start":{"line":515,"column":0},"end":{"line":515,"column":7}},"515":{"start":{"line":516,"column":0},"end":{"line":516,"column":68}},"516":{"start":{"line":517,"column":0},"end":{"line":517,"column":68}},"518":{"start":{"line":519,"column":0},"end":{"line":519,"column":19}},"519":{"start":{"line":520,"column":0},"end":{"line":520,"column":28}},"520":{"start":{"line":521,"column":0},"end":{"line":521,"column":24}},"522":{"start":{"line":523,"column":0},"end":{"line":523,"column":12}},"523":{"start":{"line":524,"column":0},"end":{"line":524,"column":30}},"524":{"start":{"line":525,"column":0},"end":{"line":525,"column":19}},"525":{"start":{"line":526,"column":0},"end":{"line":526,"column":22}},"526":{"start":{"line":527,"column":0},"end":{"line":527,"column":22}},"527":{"start":{"line":528,"column":0},"end":{"line":528,"column":28}},"528":{"start":{"line":529,"column":0},"end":{"line":529,"column":28}},"529":{"start":{"line":530,"column":0},"end":{"line":530,"column":26}},"530":{"start":{"line":531,"column":0},"end":{"line":531,"column":29}},"531":{"start":{"line":532,"column":0},"end":{"line":532,"column":20}},"532":{"start":{"line":533,"column":0},"end":{"line":533,"column":24}},"533":{"start":{"line":534,"column":0},"end":{"line":534,"column":23}},"534":{"start":{"line":535,"column":0},"end":{"line":535,"column":20}},"535":{"start":{"line":536,"column":0},"end":{"line":536,"column":21}},"536":{"start":{"line":537,"column":0},"end":{"line":537,"column":28}},"537":{"start":{"line":538,"column":0},"end":{"line":538,"column":34}},"538":{"start":{"line":539,"column":0},"end":{"line":539,"column":6}},"539":{"start":{"line":540,"column":0},"end":{"line":540,"column":1}},"541":{"start":{"line":542,"column":0},"end":{"line":542,"column":53}},"542":{"start":{"line":543,"column":0},"end":{"line":543,"column":25}},"543":{"start":{"line":544,"column":0},"end":{"line":544,"column":61}},"544":{"start":{"line":545,"column":0},"end":{"line":545,"column":61}},"545":{"start":{"line":546,"column":0},"end":{"line":546,"column":51}},"546":{"start":{"line":547,"column":0},"end":{"line":547,"column":55}},"547":{"start":{"line":548,"column":0},"end":{"line":548,"column":65}},"548":{"start":{"line":549,"column":0},"end":{"line":549,"column":59}},"549":{"start":{"line":550,"column":0},"end":{"line":550,"column":66}},"550":{"start":{"line":551,"column":0},"end":{"line":551,"column":61}},"551":{"start":{"line":552,"column":0},"end":{"line":552,"column":67}},"552":{"start":{"line":553,"column":0},"end":{"line":553,"column":66}},"553":{"start":{"line":554,"column":0},"end":{"line":554,"column":83}},"554":{"start":{"line":555,"column":0},"end":{"line":555,"column":82}},"555":{"start":{"line":556,"column":0},"end":{"line":556,"column":72}},"556":{"start":{"line":557,"column":0},"end":{"line":557,"column":83}},"557":{"start":{"line":558,"column":0},"end":{"line":558,"column":62}},"558":{"start":{"line":559,"column":0},"end":{"line":559,"column":97}},"559":{"start":{"line":560,"column":0},"end":{"line":560,"column":70}},"560":{"start":{"line":561,"column":0},"end":{"line":561,"column":72}},"561":{"start":{"line":562,"column":0},"end":{"line":562,"column":74}},"562":{"start":{"line":563,"column":0},"end":{"line":563,"column":65}},"563":{"start":{"line":564,"column":0},"end":{"line":564,"column":97}},"564":{"start":{"line":565,"column":0},"end":{"line":565,"column":74}},"565":{"start":{"line":566,"column":0},"end":{"line":566,"column":75}},"566":{"start":{"line":567,"column":0},"end":{"line":567,"column":64}},"567":{"start":{"line":568,"column":0},"end":{"line":568,"column":68}},"568":{"start":{"line":569,"column":0},"end":{"line":569,"column":78}},"569":{"start":{"line":570,"column":0},"end":{"line":570,"column":72}},"570":{"start":{"line":571,"column":0},"end":{"line":571,"column":71}},"571":{"start":{"line":572,"column":0},"end":{"line":572,"column":6}},"572":{"start":{"line":573,"column":0},"end":{"line":573,"column":41}},"573":{"start":{"line":574,"column":0},"end":{"line":574,"column":3}}},"s":{"0":1,"1":1,"2":1,"3":1,"4":1,"5":1,"6":1,"7":1,"8":1,"9":1,"11":1,"12":1,"13":1,"14":1,"15":1,"16":1,"17":1,"18":1,"19":1,"20":1,"21":1,"22":1,"24":1,"25":10,"26":10,"27":6,"28":6,"30":10,"31":10,"32":96,"33":96,"34":64,"35":96,"37":10,"38":10,"39":10,"40":10,"41":10,"42":10,"43":10,"44":10,"46":10,"47":10,"49":10,"50":10,"51":10,"52":10,"54":10,"55":3,"56":3,"57":3,"58":10,"60":10,"61":16,"62":16,"63":16,"64":16,"66":10,"67":2,"68":2,"70":2,"71":8,"72":1,"73":1,"74":8,"75":7,"76":7,"77":2,"79":2,"80":2,"82":10,"83":12,"84":12,"85":12,"87":12,"89":12,"90":48,"91":25,"92":25,"93":25,"94":25,"95":12,"97":12,"98":4,"99":4,"101":12,"102":12,"103":12,"104":12,"105":12,"106":12,"107":12,"108":12,"109":12,"110":12,"111":12,"112":12,"113":12,"114":12,"115":12,"116":12,"117":12,"118":12,"119":12,"120":12,"122":10,"123":12,"124":49,"125":49,"126":49,"127":41,"128":41,"129":49,"130":49,"131":12,"133":12,"135":12,"136":12,"137":12,"138":12,"139":12,"140":12,"142":12,"143":12,"144":12,"145":12,"146":12,"148":12,"149":12,"150":12,"151":12,"152":12,"153":12,"154":12,"155":12,"156":12,"157":12,"158":12,"159":12,"161":12,"162":12,"163":12,"164":12,"165":12,"167":12,"168":12,"169":12,"170":12,"171":12,"172":12,"173":12,"174":12,"175":12,"176":12,"177":12,"178":12,"179":12,"180":12,"181":12,"183":12,"184":12,"185":24,"186":24,"187":24,"188":24,"189":24,"190":24,"191":24,"192":24,"193":24,"194":24,"195":24,"196":24,"197":24,"198":24,"199":24,"200":24,"201":24,"202":24,"203":12,"204":12,"205":12,"207":12,"208":12,"209":48,"210":48,"211":48,"212":48,"213":48,"214":48,"215":48,"216":48,"217":48,"218":48,"219":48,"220":48,"221":48,"222":48,"223":48,"224":48,"225":48,"226":12,"227":12,"228":12,"230":12,"231":12,"232":12,"233":8,"234":8,"235":8,"236":8,"237":8,"238":8,"239":8,"240":8,"241":8,"242":8,"243":8,"244":8,"245":12,"246":4,"247":4,"248":12,"249":12,"251":12,"252":12,"253":12,"254":12,"255":12,"257":10,"258":14,"260":14,"261":14,"263":14,"264":14,"265":57,"266":57,"267":20,"268":20,"269":57,"270":57,"271":14,"273":14,"274":14,"275":20,"276":20,"277":20,"278":20,"279":20,"281":20,"282":20,"283":57,"284":57,"285":57,"286":57,"287":57,"288":57,"289":57,"290":57,"291":57,"292":57,"293":57,"294":20,"295":20,"296":14,"298":10,"299":10,"300":14,"301":14,"302":13,"303":14,"304":1,"305":1,"306":1,"307":14,"309":10,"310":14,"311":14,"312":14,"313":14,"314":12,"315":12,"316":12,"317":14,"318":1,"319":1,"320":1,"321":1,"322":1,"323":1,"324":1,"325":1,"326":14,"327":1,"328":1,"329":1,"330":1,"331":1,"332":1,"333":1,"334":1,"335":14,"337":10,"338":2,"339":2,"340":1,"341":1,"343":1,"344":1,"346":1,"347":1,"348":1,"349":1,"350":1,"351":1,"353":1,"354":1,"355":1,"356":1,"357":1,"358":1,"360":1,"361":1,"362":1,"363":1,"364":1,"365":2,"366":0,"367":0,"368":0,"369":2,"370":0,"371":0,"372":2,"373":1,"374":1,"375":2,"377":10,"378":1,"379":1,"381":1,"382":1,"383":1,"384":1,"385":1,"386":1,"387":1,"388":1,"389":1,"391":10,"392":1,"393":1,"394":1,"395":1,"396":1,"397":1,"398":1,"399":1,"401":1,"402":1,"403":1,"404":1,"405":1,"406":1,"408":1,"409":1,"410":1,"411":1,"412":0,"413":0,"414":0,"415":1,"416":0,"417":0,"418":1,"419":1,"420":1,"421":1,"423":10,"424":1,"426":1,"427":1,"429":1,"430":1,"431":1,"432":1,"433":1,"435":1,"436":1,"437":1,"438":1,"439":1,"440":1,"441":1,"442":1,"443":1,"445":10,"446":2,"447":2,"449":2,"450":1,"451":1,"452":1,"453":1,"454":1,"455":1,"456":1,"457":1,"458":1,"459":1,"460":2,"462":10,"463":2,"464":2,"465":2,"466":2,"467":2,"468":10,"470":10,"471":1,"472":1,"474":1,"475":1,"476":1,"477":1,"478":1,"479":1,"481":1,"482":1,"483":1,"484":1,"485":0,"486":0,"487":0,"488":1,"489":0,"490":0,"491":1,"492":1,"493":1,"494":1,"496":10,"497":40,"498":6,"499":6,"500":6,"501":6,"502":40,"503":10,"505":10,"506":10,"507":10,"508":10,"509":2,"510":1,"511":1,"512":1,"513":1,"514":10,"515":10,"516":10,"518":10,"519":10,"520":10,"522":10,"523":10,"524":10,"525":10,"526":10,"527":10,"528":10,"529":10,"530":10,"531":10,"532":10,"533":10,"534":10,"535":10,"536":10,"537":10,"538":10,"539":10,"541":1,"542":0,"543":0,"544":0,"545":0,"546":0,"547":0,"548":0,"549":0,"550":0,"551":0,"552":0,"553":0,"554":0,"555":0,"556":0,"557":0,"558":0,"559":0,"560":0,"561":0,"562":0,"563":0,"564":0,"565":0,"566":0,"567":0,"568":0,"569":0,"570":0,"571":0,"572":0,"573":1},"branchMap":{"0":{"type":"branch","line":25,"loc":{"start":{"line":25,"column":7},"end":{"line":540,"column":1}},"locations":[{"start":{"line":25,"column":7},"end":{"line":540,"column":1}}]},"1":{"type":"branch","line":27,"loc":{"start":{"line":27,"column":4},"end":{"line":29,"column":5}},"locations":[{"start":{"line":27,"column":4},"end":{"line":29,"column":5}}]},"2":{"type":"branch","line":32,"loc":{"start":{"line":32,"column":4},"end":{"line":36,"column":5}},"locations":[{"start":{"line":32,"column":4},"end":{"line":36,"column":5}}]},"3":{"type":"branch","line":33,"loc":{"start":{"line":33,"column":30},"end":{"line":33,"column":49}},"locations":[{"start":{"line":33,"column":30},"end":{"line":33,"column":49}}]},"4":{"type":"branch","line":33,"loc":{"start":{"line":33,"column":48},"end":{"line":34,"column":29}},"locations":[{"start":{"line":33,"column":48},"end":{"line":34,"column":29}}]},"5":{"type":"branch","line":34,"loc":{"start":{"line":34,"column":29},"end":{"line":34,"column":49}},"locations":[{"start":{"line":34,"column":29},"end":{"line":34,"column":49}}]},"6":{"type":"branch","line":34,"loc":{"start":{"line":34,"column":48},"end":{"line":36,"column":4}},"locations":[{"start":{"line":34,"column":48},"end":{"line":36,"column":4}}]},"7":{"type":"branch","line":55,"loc":{"start":{"line":55,"column":42},"end":{"line":59,"column":5}},"locations":[{"start":{"line":55,"column":42},"end":{"line":59,"column":5}}]},"8":{"type":"branch","line":61,"loc":{"start":{"line":61,"column":4},"end":{"line":65,"column":5}},"locations":[{"start":{"line":61,"column":4},"end":{"line":65,"column":5}}]},"9":{"type":"branch","line":63,"loc":{"start":{"line":63,"column":45},"end":{"line":63,"column":79}},"locations":[{"start":{"line":63,"column":45},"end":{"line":63,"column":79}}]},"10":{"type":"branch","line":67,"loc":{"start":{"line":67,"column":4},"end":{"line":81,"column":5}},"locations":[{"start":{"line":67,"column":4},"end":{"line":81,"column":5}}]},"11":{"type":"branch","line":71,"loc":{"start":{"line":71,"column":23},"end":{"line":78,"column":9}},"locations":[{"start":{"line":71,"column":23},"end":{"line":78,"column":9}}]},"12":{"type":"branch","line":72,"loc":{"start":{"line":72,"column":37},"end":{"line":75,"column":13}},"locations":[{"start":{"line":72,"column":37},"end":{"line":75,"column":13}}]},"13":{"type":"branch","line":75,"loc":{"start":{"line":75,"column":13},"end":{"line":77,"column":13}},"locations":[{"start":{"line":75,"column":13},"end":{"line":77,"column":13}}]},"14":{"type":"branch","line":83,"loc":{"start":{"line":83,"column":4},"end":{"line":121,"column":5}},"locations":[{"start":{"line":83,"column":4},"end":{"line":121,"column":5}}]},"15":{"type":"branch","line":98,"loc":{"start":{"line":98,"column":26},"end":{"line":100,"column":9}},"locations":[{"start":{"line":98,"column":26},"end":{"line":100,"column":9}}]},"16":{"type":"branch","line":88,"loc":{"start":{"line":88,"column":56},"end":{"line":88,"column":152}},"locations":[{"start":{"line":88,"column":56},"end":{"line":88,"column":152}}]},"17":{"type":"branch","line":88,"loc":{"start":{"line":88,"column":107},"end":{"line":88,"column":152}},"locations":[{"start":{"line":88,"column":107},"end":{"line":88,"column":152}}]},"18":{"type":"branch","line":90,"loc":{"start":{"line":90,"column":35},"end":{"line":96,"column":9}},"locations":[{"start":{"line":90,"column":35},"end":{"line":96,"column":9}}]},"19":{"type":"branch","line":91,"loc":{"start":{"line":91,"column":39},"end":{"line":95,"column":13}},"locations":[{"start":{"line":91,"column":39},"end":{"line":95,"column":13}}]},"20":{"type":"branch","line":94,"loc":{"start":{"line":94,"column":65},"end":{"line":94,"column":77}},"locations":[{"start":{"line":94,"column":65},"end":{"line":94,"column":77}}]},"21":{"type":"branch","line":123,"loc":{"start":{"line":123,"column":4},"end":{"line":256,"column":5}},"locations":[{"start":{"line":123,"column":4},"end":{"line":256,"column":5}}]},"22":{"type":"branch","line":124,"loc":{"start":{"line":124,"column":36},"end":{"line":132,"column":9}},"locations":[{"start":{"line":124,"column":36},"end":{"line":132,"column":9}}]},"23":{"type":"branch","line":127,"loc":{"start":{"line":127,"column":32},"end":{"line":129,"column":13}},"locations":[{"start":{"line":127,"column":32},"end":{"line":129,"column":13}}]},"24":{"type":"branch","line":144,"loc":{"start":{"line":144,"column":19},"end":{"line":255,"column":9}},"locations":[{"start":{"line":144,"column":19},"end":{"line":255,"column":9}}]},"25":{"type":"branch","line":146,"loc":{"start":{"line":146,"column":99},"end":{"line":146,"column":102}},"locations":[{"start":{"line":146,"column":99},"end":{"line":146,"column":102}}]},"26":{"type":"branch","line":165,"loc":{"start":{"line":165,"column":99},"end":{"line":165,"column":102}},"locations":[{"start":{"line":165,"column":99},"end":{"line":165,"column":102}}]},"27":{"type":"branch","line":233,"loc":{"start":{"line":233,"column":42},"end":{"line":246,"column":13}},"locations":[{"start":{"line":233,"column":42},"end":{"line":246,"column":13}}]},"28":{"type":"branch","line":246,"loc":{"start":{"line":246,"column":13},"end":{"line":248,"column":13}},"locations":[{"start":{"line":246,"column":13},"end":{"line":248,"column":13}}]},"29":{"type":"branch","line":145,"loc":{"start":{"line":145,"column":61},"end":{"line":145,"column":88}},"locations":[{"start":{"line":145,"column":61},"end":{"line":145,"column":88}}]},"30":{"type":"branch","line":162,"loc":{"start":{"line":162,"column":65},"end":{"line":162,"column":161}},"locations":[{"start":{"line":162,"column":65},"end":{"line":162,"column":161}}]},"31":{"type":"branch","line":162,"loc":{"start":{"line":162,"column":116},"end":{"line":162,"column":161}},"locations":[{"start":{"line":162,"column":116},"end":{"line":162,"column":161}}]},"32":{"type":"branch","line":163,"loc":{"start":{"line":163,"column":62},"end":{"line":163,"column":111}},"locations":[{"start":{"line":163,"column":62},"end":{"line":163,"column":111}}]},"33":{"type":"branch","line":163,"loc":{"start":{"line":163,"column":106},"end":{"line":163,"column":110}},"locations":[{"start":{"line":163,"column":106},"end":{"line":163,"column":110}}]},"34":{"type":"branch","line":164,"loc":{"start":{"line":164,"column":63},"end":{"line":164,"column":118}},"locations":[{"start":{"line":164,"column":63},"end":{"line":164,"column":118}}]},"35":{"type":"branch","line":164,"loc":{"start":{"line":164,"column":113},"end":{"line":164,"column":117}},"locations":[{"start":{"line":164,"column":113},"end":{"line":164,"column":117}}]},"36":{"type":"branch","line":185,"loc":{"start":{"line":185,"column":43},"end":{"line":204,"column":13}},"locations":[{"start":{"line":185,"column":43},"end":{"line":204,"column":13}}]},"37":{"type":"branch","line":186,"loc":{"start":{"line":186,"column":55},"end":{"line":186,"column":59}},"locations":[{"start":{"line":186,"column":55},"end":{"line":186,"column":59}}]},"38":{"type":"branch","line":187,"loc":{"start":{"line":187,"column":48},"end":{"line":187,"column":52}},"locations":[{"start":{"line":187,"column":48},"end":{"line":187,"column":52}}]},"39":{"type":"branch","line":188,"loc":{"start":{"line":188,"column":83},"end":{"line":188,"column":86}},"locations":[{"start":{"line":188,"column":83},"end":{"line":188,"column":86}}]},"40":{"type":"branch","line":209,"loc":{"start":{"line":209,"column":49},"end":{"line":209,"column":107}},"locations":[{"start":{"line":209,"column":49},"end":{"line":209,"column":107}}]},"41":{"type":"branch","line":209,"loc":{"start":{"line":209,"column":117},"end":{"line":227,"column":13}},"locations":[{"start":{"line":209,"column":117},"end":{"line":227,"column":13}}]},"42":{"type":"branch","line":210,"loc":{"start":{"line":210,"column":48},"end":{"line":210,"column":52}},"locations":[{"start":{"line":210,"column":48},"end":{"line":210,"column":52}}]},"43":{"type":"branch","line":231,"loc":{"start":{"line":231,"column":65},"end":{"line":231,"column":105}},"locations":[{"start":{"line":231,"column":65},"end":{"line":231,"column":105}}]},"44":{"type":"branch","line":234,"loc":{"start":{"line":234,"column":68},"end":{"line":245,"column":17}},"locations":[{"start":{"line":234,"column":68},"end":{"line":245,"column":17}}]},"45":{"type":"branch","line":254,"loc":{"start":{"line":254,"column":40},"end":{"line":254,"column":99}},"locations":[{"start":{"line":254,"column":40},"end":{"line":254,"column":99}}]},"46":{"type":"branch","line":258,"loc":{"start":{"line":258,"column":4},"end":{"line":297,"column":5}},"locations":[{"start":{"line":258,"column":4},"end":{"line":297,"column":5}}]},"47":{"type":"branch","line":275,"loc":{"start":{"line":275,"column":44},"end":{"line":296,"column":9}},"locations":[{"start":{"line":275,"column":44},"end":{"line":296,"column":9}}]},"48":{"type":"branch","line":262,"loc":{"start":{"line":262,"column":18},"end":{"line":262,"column":63}},"locations":[{"start":{"line":262,"column":18},"end":{"line":262,"column":63}}]},"49":{"type":"branch","line":265,"loc":{"start":{"line":265,"column":44},"end":{"line":272,"column":9}},"locations":[{"start":{"line":265,"column":44},"end":{"line":272,"column":9}}]},"50":{"type":"branch","line":267,"loc":{"start":{"line":267,"column":28},"end":{"line":269,"column":13}},"locations":[{"start":{"line":267,"column":28},"end":{"line":269,"column":13}}]},"51":{"type":"branch","line":283,"loc":{"start":{"line":283,"column":42},"end":{"line":295,"column":13}},"locations":[{"start":{"line":283,"column":42},"end":{"line":295,"column":13}}]},"52":{"type":"branch","line":300,"loc":{"start":{"line":300,"column":4},"end":{"line":308,"column":5}},"locations":[{"start":{"line":300,"column":4},"end":{"line":308,"column":5}}]},"53":{"type":"branch","line":302,"loc":{"start":{"line":302,"column":40},"end":{"line":304,"column":9}},"locations":[{"start":{"line":302,"column":40},"end":{"line":304,"column":9}}]},"54":{"type":"branch","line":304,"loc":{"start":{"line":304,"column":9},"end":{"line":307,"column":9}},"locations":[{"start":{"line":304,"column":9},"end":{"line":307,"column":9}}]},"55":{"type":"branch","line":305,"loc":{"start":{"line":305,"column":64},"end":{"line":305,"column":112}},"locations":[{"start":{"line":305,"column":64},"end":{"line":305,"column":112}}]},"56":{"type":"branch","line":310,"loc":{"start":{"line":310,"column":4},"end":{"line":336,"column":5}},"locations":[{"start":{"line":310,"column":4},"end":{"line":336,"column":5}}]},"57":{"type":"branch","line":313,"loc":{"start":{"line":313,"column":81},"end":{"line":314,"column":29}},"locations":[{"start":{"line":313,"column":81},"end":{"line":314,"column":29}}]},"58":{"type":"branch","line":314,"loc":{"start":{"line":314,"column":29},"end":{"line":318,"column":13}},"locations":[{"start":{"line":314,"column":29},"end":{"line":318,"column":13}}]},"59":{"type":"branch","line":318,"loc":{"start":{"line":318,"column":13},"end":{"line":326,"column":13}},"locations":[{"start":{"line":318,"column":13},"end":{"line":326,"column":13}}]},"60":{"type":"branch","line":327,"loc":{"start":{"line":327,"column":10},"end":{"line":335,"column":9}},"locations":[{"start":{"line":327,"column":10},"end":{"line":335,"column":9}}]},"61":{"type":"branch","line":338,"loc":{"start":{"line":338,"column":4},"end":{"line":376,"column":5}},"locations":[{"start":{"line":338,"column":4},"end":{"line":376,"column":5}}]},"62":{"type":"branch","line":340,"loc":{"start":{"line":340,"column":37},"end":{"line":366,"column":13}},"locations":[{"start":{"line":340,"column":37},"end":{"line":366,"column":13}}]},"63":{"type":"branch","line":366,"loc":{"start":{"line":366,"column":13},"end":{"line":369,"column":13}},"locations":[{"start":{"line":366,"column":13},"end":{"line":369,"column":13}}]},"64":{"type":"branch","line":370,"loc":{"start":{"line":370,"column":10},"end":{"line":373,"column":9}},"locations":[{"start":{"line":370,"column":10},"end":{"line":373,"column":9}}]},"65":{"type":"branch","line":373,"loc":{"start":{"line":373,"column":9},"end":{"line":375,"column":9}},"locations":[{"start":{"line":373,"column":9},"end":{"line":375,"column":9}}]},"66":{"type":"branch","line":378,"loc":{"start":{"line":378,"column":4},"end":{"line":390,"column":5}},"locations":[{"start":{"line":378,"column":4},"end":{"line":390,"column":5}}]},"67":{"type":"branch","line":380,"loc":{"start":{"line":380,"column":57},"end":{"line":380,"column":86}},"locations":[{"start":{"line":380,"column":57},"end":{"line":380,"column":86}}]},"68":{"type":"branch","line":392,"loc":{"start":{"line":392,"column":4},"end":{"line":422,"column":5}},"locations":[{"start":{"line":392,"column":4},"end":{"line":422,"column":5}}]},"69":{"type":"branch","line":412,"loc":{"start":{"line":412,"column":13},"end":{"line":415,"column":13}},"locations":[{"start":{"line":412,"column":13},"end":{"line":415,"column":13}}]},"70":{"type":"branch","line":416,"loc":{"start":{"line":416,"column":10},"end":{"line":419,"column":9}},"locations":[{"start":{"line":416,"column":10},"end":{"line":419,"column":9}}]},"71":{"type":"branch","line":424,"loc":{"start":{"line":424,"column":4},"end":{"line":444,"column":5}},"locations":[{"start":{"line":424,"column":4},"end":{"line":444,"column":5}}]},"72":{"type":"branch","line":425,"loc":{"start":{"line":425,"column":56},"end":{"line":425,"column":63}},"locations":[{"start":{"line":425,"column":56},"end":{"line":425,"column":63}}]},"73":{"type":"branch","line":428,"loc":{"start":{"line":428,"column":57},"end":{"line":428,"column":86}},"locations":[{"start":{"line":428,"column":57},"end":{"line":428,"column":86}}]},"74":{"type":"branch","line":446,"loc":{"start":{"line":446,"column":4},"end":{"line":461,"column":5}},"locations":[{"start":{"line":446,"column":4},"end":{"line":461,"column":5}}]},"75":{"type":"branch","line":450,"loc":{"start":{"line":450,"column":45},"end":{"line":460,"column":9}},"locations":[{"start":{"line":450,"column":45},"end":{"line":460,"column":9}}]},"76":{"type":"branch","line":463,"loc":{"start":{"line":463,"column":48},"end":{"line":469,"column":5}},"locations":[{"start":{"line":463,"column":48},"end":{"line":469,"column":5}}]},"77":{"type":"branch","line":471,"loc":{"start":{"line":471,"column":4},"end":{"line":495,"column":5}},"locations":[{"start":{"line":471,"column":4},"end":{"line":495,"column":5}}]},"78":{"type":"branch","line":473,"loc":{"start":{"line":473,"column":24},"end":{"line":473,"column":31}},"locations":[{"start":{"line":473,"column":24},"end":{"line":473,"column":31}}]},"79":{"type":"branch","line":485,"loc":{"start":{"line":485,"column":13},"end":{"line":488,"column":13}},"locations":[{"start":{"line":485,"column":13},"end":{"line":488,"column":13}}]},"80":{"type":"branch","line":489,"loc":{"start":{"line":489,"column":10},"end":{"line":492,"column":9}},"locations":[{"start":{"line":489,"column":10},"end":{"line":492,"column":9}}]},"81":{"type":"branch","line":497,"loc":{"start":{"line":497,"column":70},"end":{"line":504,"column":5}},"locations":[{"start":{"line":497,"column":70},"end":{"line":504,"column":5}}]},"82":{"type":"branch","line":498,"loc":{"start":{"line":498,"column":40},"end":{"line":503,"column":9}},"locations":[{"start":{"line":498,"column":40},"end":{"line":503,"column":9}}]},"83":{"type":"branch","line":509,"loc":{"start":{"line":509,"column":42},"end":{"line":515,"column":5}},"locations":[{"start":{"line":509,"column":42},"end":{"line":515,"column":5}}]},"84":{"type":"branch","line":510,"loc":{"start":{"line":510,"column":55},"end":{"line":514,"column":9}},"locations":[{"start":{"line":510,"column":55},"end":{"line":514,"column":9}}]}},"b":{"0":[10],"1":[6],"2":[96],"3":[16],"4":[80],"5":[16],"6":[64],"7":[3],"8":[16],"9":[42],"10":[2],"11":[8],"12":[1],"13":[7],"14":[12],"15":[4],"16":[96],"17":[72],"18":[48],"19":[25],"20":[0],"21":[12],"22":[49],"23":[41],"24":[12],"25":[0],"26":[0],"27":[8],"28":[4],"29":[41],"30":[96],"31":[72],"32":[48],"33":[23],"34":[48],"35":[0],"36":[24],"37":[0],"38":[16],"39":[0],"40":[72],"41":[48],"42":[23],"43":[41],"44":[8],"45":[12],"46":[14],"47":[20],"48":[52],"49":[57],"50":[20],"51":[57],"52":[14],"53":[13],"54":[1],"55":[6],"56":[14],"57":[13],"58":[12],"59":[1],"60":[1],"61":[2],"62":[1],"63":[0],"64":[0],"65":[1],"66":[1],"67":[1],"68":[1],"69":[0],"70":[0],"71":[1],"72":[0],"73":[1],"74":[2],"75":[1],"76":[2],"77":[1],"78":[0],"79":[0],"80":[0],"81":[40],"82":[6],"83":[2],"84":[1]},"fnMap":{"0":{"name":"createExpenseTrackerApp","decl":{"start":{"line":25,"column":7},"end":{"line":540,"column":1}},"loc":{"start":{"line":25,"column":7},"end":{"line":540,"column":1}},"line":25},"1":{"name":"formatNumber","decl":{"start":{"line":27,"column":4},"end":{"line":29,"column":5}},"loc":{"start":{"line":27,"column":4},"end":{"line":29,"column":5}},"line":27},"2":{"name":"getProgressBarColor","decl":{"start":{"line":32,"column":4},"end":{"line":36,"column":5}},"loc":{"start":{"line":32,"column":4},"end":{"line":36,"column":5}},"line":32},"3":{"name":"checkFormValidity","decl":{"start":{"line":61,"column":4},"end":{"line":65,"column":5}},"loc":{"start":{"line":61,"column":4},"end":{"line":65,"column":5}},"line":61},"4":{"name":"validateAndHighlight","decl":{"start":{"line":67,"column":4},"end":{"line":81,"column":5}},"loc":{"start":{"line":67,"column":4},"end":{"line":81,"column":5}},"line":67},"5":{"name":"renderChart","decl":{"start":{"line":83,"column":4},"end":{"line":121,"column":5}},"loc":{"start":{"line":83,"column":4},"end":{"line":121,"column":5}},"line":83},"6":{"name":"renderSummaries","decl":{"start":{"line":123,"column":4},"end":{"line":256,"column":5}},"loc":{"start":{"line":123,"column":4},"end":{"line":256,"column":5}},"line":123},"7":{"name":"renderExpenses","decl":{"start":{"line":258,"column":4},"end":{"line":297,"column":5}},"loc":{"start":{"line":258,"column":4},"end":{"line":297,"column":5}},"line":258},"8":{"name":"applyFilter","decl":{"start":{"line":300,"column":4},"end":{"line":308,"column":5}},"loc":{"start":{"line":300,"column":4},"end":{"line":308,"column":5}},"line":300},"9":{"name":"fetchExpensesForMonth","decl":{"start":{"line":310,"column":4},"end":{"line":336,"column":5}},"loc":{"start":{"line":310,"column":4},"end":{"line":336,"column":5}},"line":310},"10":{"name":"addExpense","decl":{"start":{"line":338,"column":4},"end":{"line":376,"column":5}},"loc":{"start":{"line":338,"column":4},"end":{"line":376,"column":5}},"line":338},"11":{"name":"modifyExpense","decl":{"start":{"line":378,"column":4},"end":{"line":390,"column":5}},"loc":{"start":{"line":378,"column":4},"end":{"line":390,"column":5}},"line":378},"12":{"name":"handleConfirmModify","decl":{"start":{"line":392,"column":4},"end":{"line":422,"column":5}},"loc":{"start":{"line":392,"column":4},"end":{"line":422,"column":5}},"line":392},"13":{"name":"deleteExpense","decl":{"start":{"line":424,"column":4},"end":{"line":444,"column":5}},"loc":{"start":{"line":424,"column":4},"end":{"line":444,"column":5}},"line":424},"14":{"name":"validateDeleteConfirmation","decl":{"start":{"line":446,"column":4},"end":{"line":461,"column":5}},"loc":{"start":{"line":446,"column":4},"end":{"line":461,"column":5}},"line":446},"15":{"name":"handleConfirmDelete","decl":{"start":{"line":471,"column":4},"end":{"line":495,"column":5}},"loc":{"start":{"line":471,"column":4},"end":{"line":495,"column":5}},"line":471}},"f":{"0":10,"1":6,"2":96,"3":16,"4":2,"5":12,"6":12,"7":14,"8":14,"9":14,"10":2,"11":1,"12":1,"13":1,"14":2,"15":1}}
}
