{"/Volumes/KINGSTON/Workspace/expense-tracker-worker/index.js": {"path":"/Volumes/KINGSTON/Workspace/expense-tracker-worker/index.js","all":false,"statementMap":{"0":{"start":{"line":1,"column":0},"end":{"line":1,"column":61}},"1":{"start":{"line":2,"column":0},"end":{"line":2,"column":90}},"3":{"start":{"line":4,"column":0},"end":{"line":4,"column":31}},"4":{"start":{"line":5,"column":0},"end":{"line":5,"column":24}},"5":{"start":{"line":6,"column":0},"end":{"line":6,"column":40}},"6":{"start":{"line":7,"column":0},"end":{"line":7,"column":67}},"7":{"start":{"line":8,"column":0},"end":{"line":8,"column":28}},"8":{"start":{"line":9,"column":0},"end":{"line":9,"column":54}},"9":{"start":{"line":10,"column":0},"end":{"line":10,"column":28}},"10":{"start":{"line":11,"column":0},"end":{"line":11,"column":2}},"12":{"start":{"line":13,"column":0},"end":{"line":13,"column":55}},"13":{"start":{"line":14,"column":0},"end":{"line":14,"column":33}},"14":{"start":{"line":15,"column":0},"end":{"line":15,"column":42}},"15":{"start":{"line":16,"column":0},"end":{"line":16,"column":16}},"16":{"start":{"line":17,"column":0},"end":{"line":17,"column":50}},"17":{"start":{"line":18,"column":0},"end":{"line":18,"column":78}},"18":{"start":{"line":19,"column":0},"end":{"line":19,"column":59}},"19":{"start":{"line":20,"column":0},"end":{"line":20,"column":10}},"20":{"start":{"line":21,"column":0},"end":{"line":21,"column":5}},"21":{"start":{"line":22,"column":0},"end":{"line":22,"column":12}},"22":{"start":{"line":23,"column":0},"end":{"line":23,"column":72}},"23":{"start":{"line":24,"column":0},"end":{"line":24,"column":6}},"24":{"start":{"line":25,"column":0},"end":{"line":25,"column":1}},"26":{"start":{"line":27,"column":0},"end":{"line":27,"column":24}},"28":{"start":{"line":29,"column":0},"end":{"line":29,"column":38}},"29":{"start":{"line":30,"column":0},"end":{"line":30,"column":34}},"30":{"start":{"line":31,"column":0},"end":{"line":31,"column":49}},"31":{"start":{"line":32,"column":0},"end":{"line":32,"column":31}},"32":{"start":{"line":33,"column":0},"end":{"line":33,"column":20}},"33":{"start":{"line":34,"column":0},"end":{"line":34,"column":40}},"34":{"start":{"line":35,"column":0},"end":{"line":35,"column":7}},"35":{"start":{"line":36,"column":0},"end":{"line":36,"column":3}},"37":{"start":{"line":38,"column":0},"end":{"line":38,"column":22}},"38":{"start":{"line":39,"column":0},"end":{"line":39,"column":50}},"39":{"start":{"line":40,"column":0},"end":{"line":40,"column":41}},"40":{"start":{"line":41,"column":0},"end":{"line":41,"column":37}},"41":{"start":{"line":42,"column":0},"end":{"line":42,"column":50}},"42":{"start":{"line":43,"column":0},"end":{"line":43,"column":25}},"43":{"start":{"line":44,"column":0},"end":{"line":44,"column":5}},"45":{"start":{"line":46,"column":0},"end":{"line":46,"column":31}},"46":{"start":{"line":47,"column":0},"end":{"line":47,"column":63}},"47":{"start":{"line":48,"column":0},"end":{"line":48,"column":5}},"49":{"start":{"line":50,"column":0},"end":{"line":50,"column":31}},"50":{"start":{"line":51,"column":0},"end":{"line":51,"column":59}},"51":{"start":{"line":52,"column":0},"end":{"line":52,"column":42}},"52":{"start":{"line":53,"column":0},"end":{"line":53,"column":36}},"53":{"start":{"line":54,"column":0},"end":{"line":54,"column":55}},"54":{"start":{"line":55,"column":0},"end":{"line":55,"column":63}},"55":{"start":{"line":56,"column":0},"end":{"line":56,"column":5}},"57":{"start":{"line":58,"column":0},"end":{"line":58,"column":9}},"58":{"start":{"line":59,"column":0},"end":{"line":59,"column":36}},"59":{"start":{"line":60,"column":0},"end":{"line":60,"column":13}},"60":{"start":{"line":61,"column":0},"end":{"line":61,"column":38}},"61":{"start":{"line":62,"column":0},"end":{"line":62,"column":82}},"62":{"start":{"line":63,"column":0},"end":{"line":63,"column":77}},"63":{"start":{"line":64,"column":0},"end":{"line":64,"column":63}},"64":{"start":{"line":65,"column":0},"end":{"line":65,"column":14}},"65":{"start":{"line":66,"column":0},"end":{"line":66,"column":13}},"66":{"start":{"line":67,"column":0},"end":{"line":67,"column":54}},"67":{"start":{"line":68,"column":0},"end":{"line":68,"column":62}},"68":{"start":{"line":69,"column":0},"end":{"line":69,"column":13}},"69":{"start":{"line":70,"column":0},"end":{"line":70,"column":10}},"70":{"start":{"line":71,"column":0},"end":{"line":71,"column":17}},"71":{"start":{"line":72,"column":0},"end":{"line":72,"column":81}},"72":{"start":{"line":73,"column":0},"end":{"line":73,"column":25}},"73":{"start":{"line":74,"column":0},"end":{"line":74,"column":5}},"74":{"start":{"line":75,"column":0},"end":{"line":75,"column":3}},"76":{"start":{"line":77,"column":0},"end":{"line":77,"column":22}},"77":{"start":{"line":78,"column":0},"end":{"line":78,"column":52}},"78":{"start":{"line":79,"column":0},"end":{"line":79,"column":49}},"79":{"start":{"line":80,"column":0},"end":{"line":80,"column":47}},"80":{"start":{"line":81,"column":0},"end":{"line":81,"column":9}},"81":{"start":{"line":82,"column":0},"end":{"line":82,"column":41}},"82":{"start":{"line":83,"column":0},"end":{"line":83,"column":50}},"83":{"start":{"line":84,"column":0},"end":{"line":84,"column":52}},"85":{"start":{"line":86,"column":0},"end":{"line":86,"column":30}},"86":{"start":{"line":87,"column":0},"end":{"line":87,"column":121}},"87":{"start":{"line":88,"column":0},"end":{"line":88,"column":9}},"89":{"start":{"line":90,"column":0},"end":{"line":90,"column":35}},"90":{"start":{"line":91,"column":0},"end":{"line":91,"column":32}},"91":{"start":{"line":92,"column":0},"end":{"line":92,"column":136}},"92":{"start":{"line":93,"column":0},"end":{"line":93,"column":10}},"93":{"start":{"line":94,"column":0},"end":{"line":94,"column":80}},"95":{"start":{"line":96,"column":0},"end":{"line":96,"column":54}},"96":{"start":{"line":97,"column":0},"end":{"line":97,"column":76}},"97":{"start":{"line":98,"column":0},"end":{"line":98,"column":24}},"98":{"start":{"line":99,"column":0},"end":{"line":99,"column":11}},"99":{"start":{"line":100,"column":0},"end":{"line":100,"column":21}},"100":{"start":{"line":101,"column":0},"end":{"line":101,"column":57}},"101":{"start":{"line":102,"column":0},"end":{"line":102,"column":106}},"102":{"start":{"line":103,"column":0},"end":{"line":103,"column":5}},"103":{"start":{"line":104,"column":0},"end":{"line":104,"column":3}},"105":{"start":{"line":106,"column":0},"end":{"line":106,"column":23}},"106":{"start":{"line":107,"column":0},"end":{"line":107,"column":53}},"107":{"start":{"line":108,"column":0},"end":{"line":108,"column":49}},"108":{"start":{"line":109,"column":0},"end":{"line":109,"column":47}},"109":{"start":{"line":110,"column":0},"end":{"line":110,"column":9}},"110":{"start":{"line":111,"column":0},"end":{"line":111,"column":42}},"111":{"start":{"line":112,"column":0},"end":{"line":112,"column":61}},"113":{"start":{"line":114,"column":0},"end":{"line":114,"column":60}},"114":{"start":{"line":115,"column":0},"end":{"line":115,"column":98}},"115":{"start":{"line":116,"column":0},"end":{"line":116,"column":9}},"116":{"start":{"line":117,"column":0},"end":{"line":117,"column":41}},"117":{"start":{"line":118,"column":0},"end":{"line":118,"column":100}},"118":{"start":{"line":119,"column":0},"end":{"line":119,"column":9}},"120":{"start":{"line":121,"column":0},"end":{"line":121,"column":35}},"121":{"start":{"line":122,"column":0},"end":{"line":122,"column":32}},"122":{"start":{"line":123,"column":0},"end":{"line":123,"column":91}},"123":{"start":{"line":124,"column":0},"end":{"line":124,"column":10}},"124":{"start":{"line":125,"column":0},"end":{"line":125,"column":67}},"126":{"start":{"line":127,"column":0},"end":{"line":127,"column":97}},"127":{"start":{"line":128,"column":0},"end":{"line":128,"column":21}},"128":{"start":{"line":129,"column":0},"end":{"line":129,"column":58}},"129":{"start":{"line":130,"column":0},"end":{"line":130,"column":106}},"130":{"start":{"line":131,"column":0},"end":{"line":131,"column":5}},"131":{"start":{"line":132,"column":0},"end":{"line":132,"column":3}},"133":{"start":{"line":134,"column":0},"end":{"line":134,"column":22}},"134":{"start":{"line":135,"column":0},"end":{"line":135,"column":52}},"135":{"start":{"line":136,"column":0},"end":{"line":136,"column":49}},"136":{"start":{"line":137,"column":0},"end":{"line":137,"column":47}},"137":{"start":{"line":138,"column":0},"end":{"line":138,"column":9}},"138":{"start":{"line":139,"column":0},"end":{"line":139,"column":42}},"139":{"start":{"line":140,"column":0},"end":{"line":140,"column":65}},"141":{"start":{"line":142,"column":0},"end":{"line":142,"column":67}},"142":{"start":{"line":143,"column":0},"end":{"line":143,"column":98}},"143":{"start":{"line":144,"column":0},"end":{"line":144,"column":9}},"144":{"start":{"line":145,"column":0},"end":{"line":145,"column":41}},"145":{"start":{"line":146,"column":0},"end":{"line":146,"column":100}},"146":{"start":{"line":147,"column":0},"end":{"line":147,"column":9}},"148":{"start":{"line":149,"column":0},"end":{"line":149,"column":35}},"149":{"start":{"line":150,"column":0},"end":{"line":150,"column":32}},"150":{"start":{"line":151,"column":0},"end":{"line":151,"column":100}},"151":{"start":{"line":152,"column":0},"end":{"line":152,"column":10}},"152":{"start":{"line":153,"column":0},"end":{"line":153,"column":71}},"154":{"start":{"line":155,"column":0},"end":{"line":155,"column":99}},"155":{"start":{"line":156,"column":0},"end":{"line":156,"column":21}},"156":{"start":{"line":157,"column":0},"end":{"line":157,"column":58}},"157":{"start":{"line":158,"column":0},"end":{"line":158,"column":106}},"158":{"start":{"line":159,"column":0},"end":{"line":159,"column":5}},"159":{"start":{"line":160,"column":0},"end":{"line":160,"column":3}},"161":{"start":{"line":162,"column":0},"end":{"line":162,"column":25}},"162":{"start":{"line":163,"column":0},"end":{"line":163,"column":55}},"163":{"start":{"line":164,"column":0},"end":{"line":164,"column":49}},"164":{"start":{"line":165,"column":0},"end":{"line":165,"column":47}},"165":{"start":{"line":166,"column":0},"end":{"line":166,"column":9}},"166":{"start":{"line":167,"column":0},"end":{"line":167,"column":44}},"168":{"start":{"line":169,"column":0},"end":{"line":169,"column":18}},"169":{"start":{"line":170,"column":0},"end":{"line":170,"column":101}},"170":{"start":{"line":171,"column":0},"end":{"line":171,"column":9}},"172":{"start":{"line":173,"column":0},"end":{"line":173,"column":35}},"173":{"start":{"line":174,"column":0},"end":{"line":174,"column":71}},"174":{"start":{"line":175,"column":0},"end":{"line":175,"column":54}},"176":{"start":{"line":177,"column":0},"end":{"line":177,"column":22}},"177":{"start":{"line":178,"column":0},"end":{"line":178,"column":103}},"178":{"start":{"line":179,"column":0},"end":{"line":179,"column":16}},"179":{"start":{"line":180,"column":0},"end":{"line":180,"column":112}},"180":{"start":{"line":181,"column":0},"end":{"line":181,"column":9}},"181":{"start":{"line":182,"column":0},"end":{"line":182,"column":21}},"182":{"start":{"line":183,"column":0},"end":{"line":183,"column":106}},"183":{"start":{"line":184,"column":0},"end":{"line":184,"column":5}},"184":{"start":{"line":185,"column":0},"end":{"line":185,"column":3}},"186":{"start":{"line":187,"column":0},"end":{"line":187,"column":21}},"187":{"start":{"line":188,"column":0},"end":{"line":188,"column":72}},"189":{"start":{"line":190,"column":0},"end":{"line":190,"column":16}},"190":{"start":{"line":191,"column":0},"end":{"line":191,"column":24}},"191":{"start":{"line":192,"column":0},"end":{"line":192,"column":2}}},"s":{"0":1,"1":1,"3":1,"4":1,"5":1,"6":1,"7":1,"8":1,"9":1,"10":1,"12":1,"13":21,"14":21,"15":18,"16":18,"17":18,"18":18,"19":18,"20":18,"21":3,"22":3,"23":3,"24":3,"26":1,"28":1,"29":1,"30":2,"31":2,"32":2,"33":2,"34":2,"35":1,"37":1,"38":1,"39":12,"40":12,"41":12,"42":7,"43":7,"45":12,"46":1,"47":1,"49":4,"50":4,"51":12,"52":1,"53":1,"54":1,"55":1,"57":4,"58":4,"59":4,"60":4,"61":4,"62":4,"63":12,"64":12,"65":12,"66":12,"67":12,"68":12,"69":12,"70":12,"71":2,"72":2,"73":2,"74":1,"76":1,"77":1,"78":7,"79":7,"80":7,"81":7,"82":7,"83":7,"85":7,"86":2,"87":2,"89":5,"90":5,"91":5,"92":5,"93":5,"95":3,"96":3,"97":3,"98":3,"99":7,"100":2,"101":2,"102":2,"103":1,"105":1,"106":1,"107":4,"108":4,"109":4,"110":4,"111":4,"113":4,"114":1,"115":1,"116":4,"117":1,"118":1,"120":2,"121":2,"122":2,"123":2,"124":2,"126":1,"127":1,"128":1,"129":1,"130":1,"131":1,"133":1,"134":1,"135":4,"136":4,"137":4,"138":4,"139":4,"141":4,"142":1,"143":1,"144":4,"145":1,"146":1,"148":2,"149":2,"150":2,"151":2,"152":2,"154":1,"155":1,"156":1,"157":1,"158":1,"159":1,"161":1,"162":1,"163":4,"164":4,"165":4,"166":4,"168":4,"169":1,"170":1,"172":3,"173":3,"174":3,"176":4,"177":1,"178":1,"179":1,"180":1,"181":4,"182":1,"183":1,"184":1,"186":1,"187":1,"189":1,"190":1,"191":1},"branchMap":{"0":{"type":"branch","line":14,"loc":{"start":{"line":14,"column":0},"end":{"line":25,"column":1}},"locations":[{"start":{"line":14,"column":0},"end":{"line":25,"column":1}}]},"1":{"type":"branch","line":15,"loc":{"start":{"line":15,"column":41},"end":{"line":21,"column":5}},"locations":[{"start":{"line":15,"column":41},"end":{"line":21,"column":5}}]},"2":{"type":"branch","line":21,"loc":{"start":{"line":21,"column":4},"end":{"line":25,"column":1}},"locations":[{"start":{"line":21,"column":4},"end":{"line":25,"column":1}}]},"3":{"type":"branch","line":30,"loc":{"start":{"line":30,"column":20},"end":{"line":36,"column":2}},"locations":[{"start":{"line":30,"column":20},"end":{"line":36,"column":2}}]},"4":{"type":"branch","line":39,"loc":{"start":{"line":39,"column":16},"end":{"line":75,"column":2}},"locations":[{"start":{"line":39,"column":16},"end":{"line":75,"column":2}}]},"5":{"type":"branch","line":42,"loc":{"start":{"line":42,"column":49},"end":{"line":44,"column":5}},"locations":[{"start":{"line":42,"column":49},"end":{"line":44,"column":5}}]},"6":{"type":"branch","line":44,"loc":{"start":{"line":44,"column":4},"end":{"line":46,"column":30}},"locations":[{"start":{"line":44,"column":4},"end":{"line":46,"column":30}}]},"7":{"type":"branch","line":46,"loc":{"start":{"line":46,"column":30},"end":{"line":48,"column":5}},"locations":[{"start":{"line":46,"column":30},"end":{"line":48,"column":5}}]},"8":{"type":"branch","line":48,"loc":{"start":{"line":48,"column":4},"end":{"line":52,"column":41}},"locations":[{"start":{"line":48,"column":4},"end":{"line":52,"column":41}}]},"9":{"type":"branch","line":52,"loc":{"start":{"line":52,"column":41},"end":{"line":56,"column":5}},"locations":[{"start":{"line":52,"column":41},"end":{"line":56,"column":5}}]},"10":{"type":"branch","line":56,"loc":{"start":{"line":56,"column":4},"end":{"line":64,"column":45}},"locations":[{"start":{"line":56,"column":4},"end":{"line":64,"column":45}}]},"11":{"type":"branch","line":56,"loc":{"start":{"line":56,"column":4},"end":{"line":64,"column":34}},"locations":[{"start":{"line":56,"column":4},"end":{"line":64,"column":34}}]},"12":{"type":"branch","line":64,"loc":{"start":{"line":64,"column":34},"end":{"line":64,"column":45}},"locations":[{"start":{"line":64,"column":34},"end":{"line":64,"column":45}}]},"13":{"type":"branch","line":64,"loc":{"start":{"line":64,"column":46},"end":{"line":64,"column":62}},"locations":[{"start":{"line":64,"column":46},"end":{"line":64,"column":62}}]},"14":{"type":"branch","line":71,"loc":{"start":{"line":71,"column":6},"end":{"line":74,"column":5}},"locations":[{"start":{"line":71,"column":6},"end":{"line":74,"column":5}}]},"15":{"type":"branch","line":78,"loc":{"start":{"line":78,"column":27},"end":{"line":104,"column":2}},"locations":[{"start":{"line":78,"column":27},"end":{"line":104,"column":2}}]},"16":{"type":"branch","line":86,"loc":{"start":{"line":86,"column":18},"end":{"line":86,"column":27}},"locations":[{"start":{"line":86,"column":18},"end":{"line":86,"column":27}}]},"17":{"type":"branch","line":86,"loc":{"start":{"line":86,"column":29},"end":{"line":88,"column":9}},"locations":[{"start":{"line":86,"column":29},"end":{"line":88,"column":9}}]},"18":{"type":"branch","line":88,"loc":{"start":{"line":88,"column":8},"end":{"line":94,"column":80}},"locations":[{"start":{"line":88,"column":8},"end":{"line":94,"column":80}}]},"19":{"type":"branch","line":94,"loc":{"start":{"line":94,"column":79},"end":{"line":100,"column":6}},"locations":[{"start":{"line":94,"column":79},"end":{"line":100,"column":6}}]},"20":{"type":"branch","line":100,"loc":{"start":{"line":100,"column":6},"end":{"line":103,"column":5}},"locations":[{"start":{"line":100,"column":6},"end":{"line":103,"column":5}}]},"21":{"type":"branch","line":107,"loc":{"start":{"line":107,"column":28},"end":{"line":132,"column":2}},"locations":[{"start":{"line":107,"column":28},"end":{"line":132,"column":2}}]},"22":{"type":"branch","line":114,"loc":{"start":{"line":114,"column":59},"end":{"line":116,"column":9}},"locations":[{"start":{"line":114,"column":59},"end":{"line":116,"column":9}}]},"23":{"type":"branch","line":116,"loc":{"start":{"line":116,"column":8},"end":{"line":117,"column":40}},"locations":[{"start":{"line":116,"column":8},"end":{"line":117,"column":40}}]},"24":{"type":"branch","line":117,"loc":{"start":{"line":117,"column":40},"end":{"line":119,"column":9}},"locations":[{"start":{"line":117,"column":40},"end":{"line":119,"column":9}}]},"25":{"type":"branch","line":119,"loc":{"start":{"line":119,"column":8},"end":{"line":125,"column":67}},"locations":[{"start":{"line":119,"column":8},"end":{"line":125,"column":67}}]},"26":{"type":"branch","line":125,"loc":{"start":{"line":125,"column":66},"end":{"line":131,"column":5}},"locations":[{"start":{"line":125,"column":66},"end":{"line":131,"column":5}}]},"27":{"type":"branch","line":135,"loc":{"start":{"line":135,"column":27},"end":{"line":160,"column":2}},"locations":[{"start":{"line":135,"column":27},"end":{"line":160,"column":2}}]},"28":{"type":"branch","line":142,"loc":{"start":{"line":142,"column":52},"end":{"line":142,"column":64}},"locations":[{"start":{"line":142,"column":52},"end":{"line":142,"column":64}}]},"29":{"type":"branch","line":142,"loc":{"start":{"line":142,"column":66},"end":{"line":144,"column":9}},"locations":[{"start":{"line":142,"column":66},"end":{"line":144,"column":9}}]},"30":{"type":"branch","line":144,"loc":{"start":{"line":144,"column":8},"end":{"line":145,"column":40}},"locations":[{"start":{"line":144,"column":8},"end":{"line":145,"column":40}}]},"31":{"type":"branch","line":145,"loc":{"start":{"line":145,"column":40},"end":{"line":147,"column":9}},"locations":[{"start":{"line":145,"column":40},"end":{"line":147,"column":9}}]},"32":{"type":"branch","line":147,"loc":{"start":{"line":147,"column":8},"end":{"line":153,"column":71}},"locations":[{"start":{"line":147,"column":8},"end":{"line":153,"column":71}}]},"33":{"type":"branch","line":153,"loc":{"start":{"line":153,"column":70},"end":{"line":159,"column":5}},"locations":[{"start":{"line":153,"column":70},"end":{"line":159,"column":5}}]},"34":{"type":"branch","line":163,"loc":{"start":{"line":163,"column":30},"end":{"line":185,"column":2}},"locations":[{"start":{"line":163,"column":30},"end":{"line":185,"column":2}}]},"35":{"type":"branch","line":169,"loc":{"start":{"line":169,"column":17},"end":{"line":171,"column":9}},"locations":[{"start":{"line":169,"column":17},"end":{"line":171,"column":9}}]},"36":{"type":"branch","line":171,"loc":{"start":{"line":171,"column":8},"end":{"line":175,"column":54}},"locations":[{"start":{"line":171,"column":8},"end":{"line":175,"column":54}}]},"37":{"type":"branch","line":175,"loc":{"start":{"line":175,"column":53},"end":{"line":177,"column":21}},"locations":[{"start":{"line":175,"column":53},"end":{"line":177,"column":21}}]},"38":{"type":"branch","line":177,"loc":{"start":{"line":177,"column":21},"end":{"line":181,"column":9}},"locations":[{"start":{"line":177,"column":21},"end":{"line":181,"column":9}}]},"39":{"type":"branch","line":182,"loc":{"start":{"line":182,"column":6},"end":{"line":184,"column":5}},"locations":[{"start":{"line":182,"column":6},"end":{"line":184,"column":5}}]},"40":{"type":"branch","line":188,"loc":{"start":{"line":188,"column":16},"end":{"line":188,"column":70}},"locations":[{"start":{"line":188,"column":16},"end":{"line":188,"column":70}}]}},"b":{"0":[21],"1":[18],"2":[3],"3":[2],"4":[12],"5":[7],"6":[5],"7":[1],"8":[4],"9":[1],"10":[10],"11":[4],"12":[2],"13":[2],"14":[2],"15":[7],"16":[6],"17":[2],"18":[5],"19":[3],"20":[2],"21":[4],"22":[1],"23":[3],"24":[1],"25":[2],"26":[1],"27":[4],"28":[3],"29":[1],"30":[3],"31":[1],"32":[2],"33":[1],"34":[4],"35":[1],"36":[3],"37":[2],"38":[1],"39":[1],"40":[2]},"fnMap":{"0":{"name":"getCorsHeaders","decl":{"start":{"line":14,"column":0},"end":{"line":25,"column":1}},"loc":{"start":{"line":14,"column":0},"end":{"line":25,"column":1}},"line":14}},"f":{"0":21}}
,"/Volumes/KINGSTON/Workspace/expense-tracker-worker/public/scripts.js": {"path":"/Volumes/KINGSTON/Workspace/expense-tracker-worker/public/scripts.js","all":false,"statementMap":{"0":{"start":{"line":1,"column":0},"end":{"line":1,"column":30}},"1":{"start":{"line":2,"column":0},"end":{"line":2,"column":23}},"2":{"start":{"line":3,"column":0},"end":{"line":3,"column":20}},"3":{"start":{"line":4,"column":0},"end":{"line":4,"column":31}},"4":{"start":{"line":5,"column":0},"end":{"line":5,"column":30}},"5":{"start":{"line":6,"column":0},"end":{"line":6,"column":29}},"6":{"start":{"line":7,"column":0},"end":{"line":7,"column":20}},"7":{"start":{"line":8,"column":0},"end":{"line":8,"column":21}},"8":{"start":{"line":9,"column":0},"end":{"line":9,"column":2}},"9":{"start":{"line":10,"column":0},"end":{"line":10,"column":29}},"11":{"start":{"line":12,"column":0},"end":{"line":12,"column":24}},"12":{"start":{"line":13,"column":0},"end":{"line":13,"column":33}},"13":{"start":{"line":14,"column":0},"end":{"line":14,"column":44}},"14":{"start":{"line":15,"column":0},"end":{"line":15,"column":33}},"15":{"start":{"line":16,"column":0},"end":{"line":16,"column":43}},"16":{"start":{"line":17,"column":0},"end":{"line":17,"column":42}},"17":{"start":{"line":18,"column":0},"end":{"line":18,"column":33}},"18":{"start":{"line":19,"column":0},"end":{"line":19,"column":33}},"19":{"start":{"line":20,"column":0},"end":{"line":20,"column":34}},"20":{"start":{"line":21,"column":0},"end":{"line":21,"column":2}},"21":{"start":{"line":22,"column":0},"end":{"line":22,"column":118}},"22":{"start":{"line":23,"column":0},"end":{"line":23,"column":48}},"24":{"start":{"line":25,"column":0},"end":{"line":25,"column":54}},"25":{"start":{"line":26,"column":0},"end":{"line":26,"column":43}},"26":{"start":{"line":27,"column":0},"end":{"line":27,"column":34}},"27":{"start":{"line":28,"column":0},"end":{"line":28,"column":49}},"28":{"start":{"line":29,"column":0},"end":{"line":29,"column":48}},"29":{"start":{"line":30,"column":0},"end":{"line":30,"column":77}},"30":{"start":{"line":31,"column":0},"end":{"line":31,"column":25}},"31":{"start":{"line":32,"column":0},"end":{"line":32,"column":56}},"32":{"start":{"line":33,"column":0},"end":{"line":33,"column":9}},"33":{"start":{"line":34,"column":0},"end":{"line":34,"column":31}},"34":{"start":{"line":35,"column":0},"end":{"line":35,"column":5}},"36":{"start":{"line":37,"column":0},"end":{"line":37,"column":43}},"37":{"start":{"line":38,"column":0},"end":{"line":38,"column":46}},"38":{"start":{"line":39,"column":0},"end":{"line":39,"column":49}},"39":{"start":{"line":40,"column":0},"end":{"line":40,"column":49}},"40":{"start":{"line":41,"column":0},"end":{"line":41,"column":28}},"41":{"start":{"line":42,"column":0},"end":{"line":42,"column":5}},"43":{"start":{"line":44,"column":0},"end":{"line":44,"column":11}},"44":{"start":{"line":45,"column":0},"end":{"line":45,"column":90}},"45":{"start":{"line":46,"column":0},"end":{"line":46,"column":93}},"46":{"start":{"line":47,"column":0},"end":{"line":47,"column":105}},"47":{"start":{"line":48,"column":0},"end":{"line":48,"column":96}},"48":{"start":{"line":49,"column":0},"end":{"line":49,"column":85}},"49":{"start":{"line":50,"column":0},"end":{"line":50,"column":88}},"50":{"start":{"line":51,"column":0},"end":{"line":51,"column":20}},"52":{"start":{"line":53,"column":0},"end":{"line":53,"column":28}},"53":{"start":{"line":54,"column":0},"end":{"line":54,"column":29}},"54":{"start":{"line":55,"column":0},"end":{"line":55,"column":33}},"56":{"start":{"line":57,"column":0},"end":{"line":57,"column":29}},"57":{"start":{"line":58,"column":0},"end":{"line":58,"column":58}},"58":{"start":{"line":59,"column":0},"end":{"line":59,"column":34}},"59":{"start":{"line":60,"column":0},"end":{"line":60,"column":56}},"61":{"start":{"line":62,"column":0},"end":{"line":62,"column":50}},"62":{"start":{"line":63,"column":0},"end":{"line":63,"column":61}},"63":{"start":{"line":64,"column":0},"end":{"line":64,"column":60}},"64":{"start":{"line":65,"column":0},"end":{"line":65,"column":40}},"65":{"start":{"line":66,"column":0},"end":{"line":66,"column":7}},"67":{"start":{"line":68,"column":0},"end":{"line":68,"column":34}},"68":{"start":{"line":69,"column":0},"end":{"line":69,"column":65}},"69":{"start":{"line":70,"column":0},"end":{"line":70,"column":72}},"70":{"start":{"line":71,"column":0},"end":{"line":71,"column":73}},"71":{"start":{"line":72,"column":0},"end":{"line":72,"column":103}},"72":{"start":{"line":73,"column":0},"end":{"line":73,"column":50}},"73":{"start":{"line":74,"column":0},"end":{"line":74,"column":5}},"75":{"start":{"line":76,"column":0},"end":{"line":76,"column":37}},"76":{"start":{"line":77,"column":0},"end":{"line":77,"column":73}},"77":{"start":{"line":78,"column":0},"end":{"line":78,"column":28}},"79":{"start":{"line":80,"column":0},"end":{"line":80,"column":38}},"80":{"start":{"line":81,"column":0},"end":{"line":81,"column":38}},"81":{"start":{"line":82,"column":0},"end":{"line":82,"column":33}},"82":{"start":{"line":83,"column":0},"end":{"line":83,"column":50}},"83":{"start":{"line":84,"column":0},"end":{"line":84,"column":20}},"84":{"start":{"line":85,"column":0},"end":{"line":85,"column":53}},"85":{"start":{"line":86,"column":0},"end":{"line":86,"column":13}},"86":{"start":{"line":87,"column":0},"end":{"line":87,"column":11}},"88":{"start":{"line":89,"column":0},"end":{"line":89,"column":65}},"89":{"start":{"line":90,"column":0},"end":{"line":90,"column":56}},"90":{"start":{"line":91,"column":0},"end":{"line":91,"column":29}},"91":{"start":{"line":92,"column":0},"end":{"line":92,"column":52}},"92":{"start":{"line":93,"column":0},"end":{"line":93,"column":16}},"93":{"start":{"line":94,"column":0},"end":{"line":94,"column":55}},"94":{"start":{"line":95,"column":0},"end":{"line":95,"column":9}},"96":{"start":{"line":97,"column":0},"end":{"line":97,"column":24}},"97":{"start":{"line":98,"column":0},"end":{"line":98,"column":5}},"99":{"start":{"line":100,"column":0},"end":{"line":100,"column":35}},"100":{"start":{"line":101,"column":0},"end":{"line":101,"column":31}},"101":{"start":{"line":102,"column":0},"end":{"line":102,"column":29}},"102":{"start":{"line":103,"column":0},"end":{"line":103,"column":31}},"104":{"start":{"line":105,"column":0},"end":{"line":105,"column":154}},"106":{"start":{"line":107,"column":0},"end":{"line":107,"column":48}},"107":{"start":{"line":108,"column":0},"end":{"line":108,"column":40}},"108":{"start":{"line":109,"column":0},"end":{"line":109,"column":43}},"109":{"start":{"line":110,"column":0},"end":{"line":110,"column":50}},"110":{"start":{"line":111,"column":0},"end":{"line":111,"column":79}},"111":{"start":{"line":112,"column":0},"end":{"line":112,"column":13}},"112":{"start":{"line":113,"column":0},"end":{"line":113,"column":11}},"114":{"start":{"line":115,"column":0},"end":{"line":115,"column":27}},"115":{"start":{"line":116,"column":0},"end":{"line":116,"column":35}},"116":{"start":{"line":117,"column":0},"end":{"line":117,"column":9}},"118":{"start":{"line":119,"column":0},"end":{"line":119,"column":47}},"119":{"start":{"line":120,"column":0},"end":{"line":120,"column":24}},"120":{"start":{"line":121,"column":0},"end":{"line":121,"column":19}},"121":{"start":{"line":122,"column":0},"end":{"line":122,"column":36}},"122":{"start":{"line":123,"column":0},"end":{"line":123,"column":28}},"123":{"start":{"line":124,"column":0},"end":{"line":124,"column":50}},"124":{"start":{"line":125,"column":0},"end":{"line":125,"column":36}},"125":{"start":{"line":126,"column":0},"end":{"line":126,"column":49}},"126":{"start":{"line":127,"column":0},"end":{"line":127,"column":18}},"127":{"start":{"line":128,"column":0},"end":{"line":128,"column":14}},"128":{"start":{"line":129,"column":0},"end":{"line":129,"column":22}},"129":{"start":{"line":130,"column":0},"end":{"line":130,"column":33}},"130":{"start":{"line":131,"column":0},"end":{"line":131,"column":43}},"131":{"start":{"line":132,"column":0},"end":{"line":132,"column":26}},"132":{"start":{"line":133,"column":0},"end":{"line":133,"column":48}},"133":{"start":{"line":134,"column":0},"end":{"line":134,"column":75}},"134":{"start":{"line":135,"column":0},"end":{"line":135,"column":17}},"135":{"start":{"line":136,"column":0},"end":{"line":136,"column":13}},"136":{"start":{"line":137,"column":0},"end":{"line":137,"column":11}},"137":{"start":{"line":138,"column":0},"end":{"line":138,"column":5}},"138":{"start":{"line":139,"column":0},"end":{"line":139,"column":40}},"139":{"start":{"line":140,"column":0},"end":{"line":140,"column":59}},"140":{"start":{"line":141,"column":0},"end":{"line":141,"column":63}},"142":{"start":{"line":143,"column":0},"end":{"line":143,"column":159}},"143":{"start":{"line":144,"column":0},"end":{"line":144,"column":119}},"145":{"start":{"line":146,"column":0},"end":{"line":146,"column":55}},"146":{"start":{"line":147,"column":0},"end":{"line":147,"column":33}},"147":{"start":{"line":148,"column":0},"end":{"line":148,"column":48}},"148":{"start":{"line":149,"column":0},"end":{"line":149,"column":74}},"149":{"start":{"line":150,"column":0},"end":{"line":150,"column":55}},"150":{"start":{"line":151,"column":0},"end":{"line":151,"column":111}},"151":{"start":{"line":152,"column":0},"end":{"line":152,"column":66}},"152":{"start":{"line":153,"column":0},"end":{"line":153,"column":13}},"153":{"start":{"line":154,"column":0},"end":{"line":154,"column":11}},"155":{"start":{"line":156,"column":0},"end":{"line":156,"column":26}},"156":{"start":{"line":157,"column":0},"end":{"line":157,"column":56}},"157":{"start":{"line":158,"column":0},"end":{"line":158,"column":75}},"158":{"start":{"line":159,"column":0},"end":{"line":159,"column":43}},"159":{"start":{"line":160,"column":0},"end":{"line":160,"column":78}},"160":{"start":{"line":161,"column":0},"end":{"line":161,"column":24}},"161":{"start":{"line":162,"column":0},"end":{"line":162,"column":47}},"162":{"start":{"line":163,"column":0},"end":{"line":163,"column":38}},"163":{"start":{"line":164,"column":0},"end":{"line":164,"column":52}},"164":{"start":{"line":165,"column":0},"end":{"line":165,"column":34}},"165":{"start":{"line":166,"column":0},"end":{"line":166,"column":20}},"166":{"start":{"line":167,"column":0},"end":{"line":167,"column":37}},"167":{"start":{"line":168,"column":0},"end":{"line":168,"column":13}},"168":{"start":{"line":169,"column":0},"end":{"line":169,"column":9}},"170":{"start":{"line":171,"column":0},"end":{"line":171,"column":28}},"171":{"start":{"line":172,"column":0},"end":{"line":172,"column":52}},"172":{"start":{"line":173,"column":0},"end":{"line":173,"column":47}},"173":{"start":{"line":174,"column":0},"end":{"line":174,"column":47}},"174":{"start":{"line":175,"column":0},"end":{"line":175,"column":9}},"176":{"start":{"line":177,"column":0},"end":{"line":177,"column":76}},"178":{"start":{"line":179,"column":0},"end":{"line":179,"column":28}},"179":{"start":{"line":180,"column":0},"end":{"line":180,"column":36}},"180":{"start":{"line":181,"column":0},"end":{"line":181,"column":9}},"182":{"start":{"line":183,"column":0},"end":{"line":183,"column":51}},"183":{"start":{"line":184,"column":0},"end":{"line":184,"column":25}},"184":{"start":{"line":185,"column":0},"end":{"line":185,"column":19}},"185":{"start":{"line":186,"column":0},"end":{"line":186,"column":23}},"186":{"start":{"line":187,"column":0},"end":{"line":187,"column":27}},"187":{"start":{"line":188,"column":0},"end":{"line":188,"column":21}},"188":{"start":{"line":189,"column":0},"end":{"line":189,"column":49}},"189":{"start":{"line":190,"column":0},"end":{"line":190,"column":37}},"190":{"start":{"line":191,"column":0},"end":{"line":191,"column":47}},"191":{"start":{"line":192,"column":0},"end":{"line":192,"column":36}},"192":{"start":{"line":193,"column":0},"end":{"line":193,"column":34}},"193":{"start":{"line":194,"column":0},"end":{"line":194,"column":22}},"194":{"start":{"line":195,"column":0},"end":{"line":195,"column":21}},"195":{"start":{"line":196,"column":0},"end":{"line":196,"column":51}},"196":{"start":{"line":197,"column":0},"end":{"line":197,"column":39}},"197":{"start":{"line":198,"column":0},"end":{"line":198,"column":47}},"198":{"start":{"line":199,"column":0},"end":{"line":199,"column":43}},"199":{"start":{"line":200,"column":0},"end":{"line":200,"column":36}},"200":{"start":{"line":201,"column":0},"end":{"line":201,"column":34}},"201":{"start":{"line":202,"column":0},"end":{"line":202,"column":21}},"202":{"start":{"line":203,"column":0},"end":{"line":203,"column":17}},"203":{"start":{"line":204,"column":0},"end":{"line":204,"column":14}},"204":{"start":{"line":205,"column":0},"end":{"line":205,"column":22}},"205":{"start":{"line":206,"column":0},"end":{"line":206,"column":33}},"206":{"start":{"line":207,"column":0},"end":{"line":207,"column":43}},"207":{"start":{"line":208,"column":0},"end":{"line":208,"column":26}},"208":{"start":{"line":209,"column":0},"end":{"line":209,"column":48}},"209":{"start":{"line":210,"column":0},"end":{"line":210,"column":77}},"210":{"start":{"line":211,"column":0},"end":{"line":211,"column":17}},"211":{"start":{"line":212,"column":0},"end":{"line":212,"column":13}},"212":{"start":{"line":213,"column":0},"end":{"line":213,"column":11}},"213":{"start":{"line":214,"column":0},"end":{"line":214,"column":5}},"215":{"start":{"line":216,"column":0},"end":{"line":216,"column":36}},"216":{"start":{"line":217,"column":0},"end":{"line":217,"column":55}},"217":{"start":{"line":218,"column":0},"end":{"line":218,"column":46}},"218":{"start":{"line":219,"column":0},"end":{"line":219,"column":42}},"219":{"start":{"line":220,"column":0},"end":{"line":220,"column":33}},"220":{"start":{"line":221,"column":0},"end":{"line":221,"column":34}},"221":{"start":{"line":222,"column":0},"end":{"line":222,"column":13}},"222":{"start":{"line":223,"column":0},"end":{"line":223,"column":36}},"223":{"start":{"line":224,"column":0},"end":{"line":224,"column":23}},"224":{"start":{"line":225,"column":0},"end":{"line":225,"column":15}},"226":{"start":{"line":227,"column":0},"end":{"line":227,"column":29}},"227":{"start":{"line":228,"column":0},"end":{"line":228,"column":34}},"229":{"start":{"line":230,"column":0},"end":{"line":230,"column":53}},"230":{"start":{"line":231,"column":0},"end":{"line":231,"column":39}},"231":{"start":{"line":232,"column":0},"end":{"line":232,"column":47}},"232":{"start":{"line":233,"column":0},"end":{"line":233,"column":46}},"233":{"start":{"line":234,"column":0},"end":{"line":234,"column":42}},"234":{"start":{"line":235,"column":0},"end":{"line":235,"column":47}},"236":{"start":{"line":237,"column":0},"end":{"line":237,"column":48}},"237":{"start":{"line":238,"column":0},"end":{"line":238,"column":26}},"238":{"start":{"line":239,"column":0},"end":{"line":239,"column":93}},"239":{"start":{"line":240,"column":0},"end":{"line":240,"column":103}},"240":{"start":{"line":241,"column":0},"end":{"line":241,"column":79}},"242":{"start":{"line":243,"column":0},"end":{"line":243,"column":41}},"243":{"start":{"line":244,"column":0},"end":{"line":244,"column":46}},"244":{"start":{"line":245,"column":0},"end":{"line":245,"column":66}},"245":{"start":{"line":246,"column":0},"end":{"line":246,"column":43}},"246":{"start":{"line":247,"column":0},"end":{"line":247,"column":157}},"247":{"start":{"line":248,"column":0},"end":{"line":248,"column":156}},"248":{"start":{"line":249,"column":0},"end":{"line":249,"column":68}},"249":{"start":{"line":250,"column":0},"end":{"line":250,"column":232}},"250":{"start":{"line":251,"column":0},"end":{"line":251,"column":30}},"251":{"start":{"line":252,"column":0},"end":{"line":252,"column":26}},"252":{"start":{"line":253,"column":0},"end":{"line":253,"column":22}},"253":{"start":{"line":254,"column":0},"end":{"line":254,"column":14}},"255":{"start":{"line":256,"column":0},"end":{"line":256,"column":163}},"256":{"start":{"line":257,"column":0},"end":{"line":257,"column":116}},"257":{"start":{"line":258,"column":0},"end":{"line":258,"column":123}},"258":{"start":{"line":259,"column":0},"end":{"line":259,"column":103}},"259":{"start":{"line":260,"column":0},"end":{"line":260,"column":79}},"261":{"start":{"line":262,"column":0},"end":{"line":262,"column":49}},"262":{"start":{"line":263,"column":0},"end":{"line":263,"column":46}},"263":{"start":{"line":264,"column":0},"end":{"line":264,"column":45}},"264":{"start":{"line":265,"column":0},"end":{"line":265,"column":46}},"265":{"start":{"line":266,"column":0},"end":{"line":266,"column":172}},"266":{"start":{"line":267,"column":0},"end":{"line":267,"column":26}},"267":{"start":{"line":268,"column":0},"end":{"line":268,"column":43}},"268":{"start":{"line":269,"column":0},"end":{"line":269,"column":157}},"269":{"start":{"line":270,"column":0},"end":{"line":270,"column":156}},"270":{"start":{"line":271,"column":0},"end":{"line":271,"column":68}},"271":{"start":{"line":272,"column":0},"end":{"line":272,"column":232}},"272":{"start":{"line":273,"column":0},"end":{"line":273,"column":30}},"273":{"start":{"line":274,"column":0},"end":{"line":274,"column":26}},"274":{"start":{"line":275,"column":0},"end":{"line":275,"column":22}},"275":{"start":{"line":276,"column":0},"end":{"line":276,"column":14}},"277":{"start":{"line":278,"column":0},"end":{"line":278,"column":87}},"278":{"start":{"line":279,"column":0},"end":{"line":279,"column":56}},"279":{"start":{"line":280,"column":0},"end":{"line":280,"column":60}},"280":{"start":{"line":281,"column":0},"end":{"line":281,"column":53}},"281":{"start":{"line":282,"column":0},"end":{"line":282,"column":87}},"282":{"start":{"line":283,"column":0},"end":{"line":283,"column":73}},"283":{"start":{"line":284,"column":0},"end":{"line":284,"column":37}},"284":{"start":{"line":285,"column":0},"end":{"line":285,"column":56}},"285":{"start":{"line":286,"column":0},"end":{"line":286,"column":42}},"286":{"start":{"line":287,"column":0},"end":{"line":287,"column":51}},"287":{"start":{"line":288,"column":0},"end":{"line":288,"column":83}},"288":{"start":{"line":289,"column":0},"end":{"line":289,"column":161}},"289":{"start":{"line":290,"column":0},"end":{"line":290,"column":144}},"290":{"start":{"line":291,"column":0},"end":{"line":291,"column":76}},"291":{"start":{"line":292,"column":0},"end":{"line":292,"column":220}},"292":{"start":{"line":293,"column":0},"end":{"line":293,"column":38}},"293":{"start":{"line":294,"column":0},"end":{"line":294,"column":34}},"294":{"start":{"line":295,"column":0},"end":{"line":295,"column":30}},"295":{"start":{"line":296,"column":0},"end":{"line":296,"column":26}},"296":{"start":{"line":297,"column":0},"end":{"line":297,"column":18}},"297":{"start":{"line":298,"column":0},"end":{"line":298,"column":15}},"298":{"start":{"line":299,"column":0},"end":{"line":299,"column":41}},"299":{"start":{"line":300,"column":0},"end":{"line":300,"column":64}},"301":{"start":{"line":302,"column":0},"end":{"line":302,"column":79}},"302":{"start":{"line":303,"column":0},"end":{"line":303,"column":142}},"303":{"start":{"line":304,"column":0},"end":{"line":304,"column":53}},"304":{"start":{"line":305,"column":0},"end":{"line":305,"column":70}},"305":{"start":{"line":306,"column":0},"end":{"line":306,"column":73}},"306":{"start":{"line":307,"column":0},"end":{"line":307,"column":33}},"307":{"start":{"line":308,"column":0},"end":{"line":308,"column":56}},"308":{"start":{"line":309,"column":0},"end":{"line":309,"column":42}},"309":{"start":{"line":310,"column":0},"end":{"line":310,"column":51}},"310":{"start":{"line":311,"column":0},"end":{"line":311,"column":83}},"311":{"start":{"line":312,"column":0},"end":{"line":312,"column":161}},"312":{"start":{"line":313,"column":0},"end":{"line":313,"column":144}},"313":{"start":{"line":314,"column":0},"end":{"line":314,"column":76}},"314":{"start":{"line":315,"column":0},"end":{"line":315,"column":220}},"315":{"start":{"line":316,"column":0},"end":{"line":316,"column":38}},"316":{"start":{"line":317,"column":0},"end":{"line":317,"column":34}},"317":{"start":{"line":318,"column":0},"end":{"line":318,"column":30}},"318":{"start":{"line":319,"column":0},"end":{"line":319,"column":26}},"319":{"start":{"line":320,"column":0},"end":{"line":320,"column":18}},"320":{"start":{"line":321,"column":0},"end":{"line":321,"column":15}},"321":{"start":{"line":322,"column":0},"end":{"line":322,"column":37}},"322":{"start":{"line":323,"column":0},"end":{"line":323,"column":56}},"324":{"start":{"line":325,"column":0},"end":{"line":325,"column":107}},"325":{"start":{"line":326,"column":0},"end":{"line":326,"column":79}},"326":{"start":{"line":327,"column":0},"end":{"line":327,"column":43}},"327":{"start":{"line":328,"column":0},"end":{"line":328,"column":92}},"328":{"start":{"line":329,"column":0},"end":{"line":329,"column":42}},"329":{"start":{"line":330,"column":0},"end":{"line":330,"column":60}},"330":{"start":{"line":331,"column":0},"end":{"line":331,"column":46}},"331":{"start":{"line":332,"column":0},"end":{"line":332,"column":67}},"332":{"start":{"line":333,"column":0},"end":{"line":333,"column":75}},"333":{"start":{"line":334,"column":0},"end":{"line":334,"column":153}},"334":{"start":{"line":335,"column":0},"end":{"line":335,"column":38}},"335":{"start":{"line":336,"column":0},"end":{"line":336,"column":34}},"336":{"start":{"line":337,"column":0},"end":{"line":337,"column":30}},"337":{"start":{"line":338,"column":0},"end":{"line":338,"column":22}},"338":{"start":{"line":339,"column":0},"end":{"line":339,"column":19}},"339":{"start":{"line":340,"column":0},"end":{"line":340,"column":20}},"340":{"start":{"line":341,"column":0},"end":{"line":341,"column":76}},"341":{"start":{"line":342,"column":0},"end":{"line":342,"column":13}},"342":{"start":{"line":343,"column":0},"end":{"line":343,"column":42}},"343":{"start":{"line":344,"column":0},"end":{"line":344,"column":66}},"345":{"start":{"line":346,"column":0},"end":{"line":346,"column":50}},"346":{"start":{"line":347,"column":0},"end":{"line":347,"column":95}},"347":{"start":{"line":348,"column":0},"end":{"line":348,"column":101}},"348":{"start":{"line":349,"column":0},"end":{"line":349,"column":87}},"349":{"start":{"line":350,"column":0},"end":{"line":350,"column":5}},"351":{"start":{"line":352,"column":0},"end":{"line":352,"column":35}},"352":{"start":{"line":353,"column":0},"end":{"line":353,"column":35}},"354":{"start":{"line":355,"column":0},"end":{"line":355,"column":52}},"355":{"start":{"line":356,"column":0},"end":{"line":356,"column":65}},"357":{"start":{"line":358,"column":0},"end":{"line":358,"column":33}},"358":{"start":{"line":359,"column":0},"end":{"line":359,"column":63}},"359":{"start":{"line":360,"column":0},"end":{"line":360,"column":38}},"360":{"start":{"line":361,"column":0},"end":{"line":361,"column":29}},"361":{"start":{"line":362,"column":0},"end":{"line":362,"column":31}},"362":{"start":{"line":363,"column":0},"end":{"line":363,"column":13}},"363":{"start":{"line":364,"column":0},"end":{"line":364,"column":36}},"364":{"start":{"line":365,"column":0},"end":{"line":365,"column":23}},"365":{"start":{"line":366,"column":0},"end":{"line":366,"column":15}},"367":{"start":{"line":368,"column":0},"end":{"line":368,"column":47}},"368":{"start":{"line":369,"column":0},"end":{"line":369,"column":45}},"369":{"start":{"line":370,"column":0},"end":{"line":370,"column":39}},"370":{"start":{"line":371,"column":0},"end":{"line":371,"column":62}},"371":{"start":{"line":372,"column":0},"end":{"line":372,"column":57}},"372":{"start":{"line":373,"column":0},"end":{"line":373,"column":68}},"373":{"start":{"line":374,"column":0},"end":{"line":374,"column":50}},"375":{"start":{"line":376,"column":0},"end":{"line":376,"column":45}},"376":{"start":{"line":377,"column":0},"end":{"line":377,"column":56}},"377":{"start":{"line":378,"column":0},"end":{"line":378,"column":57}},"378":{"start":{"line":379,"column":0},"end":{"line":379,"column":33}},"379":{"start":{"line":380,"column":0},"end":{"line":380,"column":125}},"380":{"start":{"line":381,"column":0},"end":{"line":381,"column":51}},"381":{"start":{"line":382,"column":0},"end":{"line":382,"column":48}},"382":{"start":{"line":383,"column":0},"end":{"line":383,"column":45}},"383":{"start":{"line":384,"column":0},"end":{"line":384,"column":102}},"384":{"start":{"line":385,"column":0},"end":{"line":385,"column":104}},"385":{"start":{"line":386,"column":0},"end":{"line":386,"column":25}},"386":{"start":{"line":387,"column":0},"end":{"line":387,"column":18}},"387":{"start":{"line":388,"column":0},"end":{"line":388,"column":45}},"388":{"start":{"line":389,"column":0},"end":{"line":389,"column":15}},"389":{"start":{"line":390,"column":0},"end":{"line":390,"column":9}},"390":{"start":{"line":391,"column":0},"end":{"line":391,"column":5}},"392":{"start":{"line":393,"column":0},"end":{"line":393,"column":39}},"393":{"start":{"line":394,"column":0},"end":{"line":394,"column":28}},"394":{"start":{"line":395,"column":0},"end":{"line":395,"column":54}},"395":{"start":{"line":396,"column":0},"end":{"line":396,"column":41}},"396":{"start":{"line":397,"column":0},"end":{"line":397,"column":48}},"397":{"start":{"line":398,"column":0},"end":{"line":398,"column":16}},"398":{"start":{"line":399,"column":0},"end":{"line":399,"column":114}},"399":{"start":{"line":400,"column":0},"end":{"line":400,"column":45}},"400":{"start":{"line":401,"column":0},"end":{"line":401,"column":9}},"401":{"start":{"line":402,"column":0},"end":{"line":402,"column":5}},"403":{"start":{"line":404,"column":0},"end":{"line":404,"column":44}},"404":{"start":{"line":405,"column":0},"end":{"line":405,"column":59}},"405":{"start":{"line":406,"column":0},"end":{"line":406,"column":13}},"406":{"start":{"line":407,"column":0},"end":{"line":407,"column":82}},"407":{"start":{"line":408,"column":0},"end":{"line":408,"column":30}},"408":{"start":{"line":409,"column":0},"end":{"line":409,"column":60}},"409":{"start":{"line":410,"column":0},"end":{"line":410,"column":91}},"410":{"start":{"line":411,"column":0},"end":{"line":411,"column":82}},"411":{"start":{"line":412,"column":0},"end":{"line":412,"column":20}},"412":{"start":{"line":413,"column":0},"end":{"line":413,"column":82}},"413":{"start":{"line":414,"column":0},"end":{"line":414,"column":112}},"414":{"start":{"line":415,"column":0},"end":{"line":415,"column":47}},"415":{"start":{"line":416,"column":0},"end":{"line":416,"column":55}},"416":{"start":{"line":417,"column":0},"end":{"line":417,"column":54}},"417":{"start":{"line":418,"column":0},"end":{"line":418,"column":50}},"418":{"start":{"line":419,"column":0},"end":{"line":419,"column":55}},"419":{"start":{"line":420,"column":0},"end":{"line":420,"column":13}},"420":{"start":{"line":421,"column":0},"end":{"line":421,"column":25}},"421":{"start":{"line":422,"column":0},"end":{"line":422,"column":61}},"422":{"start":{"line":423,"column":0},"end":{"line":423,"column":121}},"423":{"start":{"line":424,"column":0},"end":{"line":424,"column":43}},"424":{"start":{"line":425,"column":0},"end":{"line":425,"column":51}},"425":{"start":{"line":426,"column":0},"end":{"line":426,"column":50}},"426":{"start":{"line":427,"column":0},"end":{"line":427,"column":46}},"427":{"start":{"line":428,"column":0},"end":{"line":428,"column":51}},"428":{"start":{"line":429,"column":0},"end":{"line":429,"column":9}},"429":{"start":{"line":430,"column":0},"end":{"line":430,"column":5}},"431":{"start":{"line":432,"column":0},"end":{"line":432,"column":34}},"432":{"start":{"line":433,"column":0},"end":{"line":433,"column":27}},"433":{"start":{"line":434,"column":0},"end":{"line":434,"column":38}},"434":{"start":{"line":435,"column":0},"end":{"line":435,"column":19}},"435":{"start":{"line":436,"column":0},"end":{"line":436,"column":9}},"437":{"start":{"line":438,"column":0},"end":{"line":438,"column":57}},"438":{"start":{"line":439,"column":0},"end":{"line":439,"column":38}},"440":{"start":{"line":441,"column":0},"end":{"line":441,"column":28}},"441":{"start":{"line":442,"column":0},"end":{"line":442,"column":34}},"442":{"start":{"line":443,"column":0},"end":{"line":443,"column":67}},"443":{"start":{"line":444,"column":0},"end":{"line":444,"column":48}},"444":{"start":{"line":445,"column":0},"end":{"line":445,"column":42}},"445":{"start":{"line":446,"column":0},"end":{"line":446,"column":10}},"447":{"start":{"line":448,"column":0},"end":{"line":448,"column":13}},"448":{"start":{"line":449,"column":0},"end":{"line":449,"column":50}},"449":{"start":{"line":450,"column":0},"end":{"line":450,"column":31}},"450":{"start":{"line":451,"column":0},"end":{"line":451,"column":64}},"451":{"start":{"line":452,"column":0},"end":{"line":452,"column":49}},"452":{"start":{"line":453,"column":0},"end":{"line":453,"column":15}},"454":{"start":{"line":455,"column":0},"end":{"line":455,"column":30}},"455":{"start":{"line":456,"column":0},"end":{"line":456,"column":58}},"456":{"start":{"line":457,"column":0},"end":{"line":457,"column":74}},"457":{"start":{"line":458,"column":0},"end":{"line":458,"column":36}},"458":{"start":{"line":459,"column":0},"end":{"line":459,"column":46}},"459":{"start":{"line":460,"column":0},"end":{"line":460,"column":20}},"460":{"start":{"line":461,"column":0},"end":{"line":461,"column":80}},"461":{"start":{"line":462,"column":0},"end":{"line":462,"column":108}},"462":{"start":{"line":463,"column":0},"end":{"line":463,"column":13}},"463":{"start":{"line":464,"column":0},"end":{"line":464,"column":25}},"464":{"start":{"line":465,"column":0},"end":{"line":465,"column":59}},"465":{"start":{"line":466,"column":0},"end":{"line":466,"column":73}},"466":{"start":{"line":467,"column":0},"end":{"line":467,"column":19}},"467":{"start":{"line":468,"column":0},"end":{"line":468,"column":43}},"468":{"start":{"line":469,"column":0},"end":{"line":469,"column":9}},"469":{"start":{"line":470,"column":0},"end":{"line":470,"column":5}},"471":{"start":{"line":472,"column":0},"end":{"line":472,"column":31}},"472":{"start":{"line":473,"column":0},"end":{"line":473,"column":59}},"473":{"start":{"line":474,"column":0},"end":{"line":474,"column":88}},"475":{"start":{"line":476,"column":0},"end":{"line":476,"column":30}},"476":{"start":{"line":477,"column":0},"end":{"line":477,"column":63}},"477":{"start":{"line":478,"column":0},"end":{"line":478,"column":57}},"478":{"start":{"line":479,"column":0},"end":{"line":479,"column":86}},"479":{"start":{"line":480,"column":0},"end":{"line":480,"column":71}},"480":{"start":{"line":481,"column":0},"end":{"line":481,"column":65}},"481":{"start":{"line":482,"column":0},"end":{"line":482,"column":38}},"482":{"start":{"line":483,"column":0},"end":{"line":483,"column":9}},"483":{"start":{"line":484,"column":0},"end":{"line":484,"column":5}},"485":{"start":{"line":486,"column":0},"end":{"line":486,"column":42}},"486":{"start":{"line":487,"column":0},"end":{"line":487,"column":53}},"487":{"start":{"line":488,"column":0},"end":{"line":488,"column":32}},"488":{"start":{"line":489,"column":0},"end":{"line":489,"column":36}},"489":{"start":{"line":490,"column":0},"end":{"line":490,"column":40}},"490":{"start":{"line":491,"column":0},"end":{"line":491,"column":73}},"491":{"start":{"line":492,"column":0},"end":{"line":492,"column":54}},"492":{"start":{"line":493,"column":0},"end":{"line":493,"column":48}},"493":{"start":{"line":494,"column":0},"end":{"line":494,"column":10}},"495":{"start":{"line":496,"column":0},"end":{"line":496,"column":13}},"496":{"start":{"line":497,"column":0},"end":{"line":497,"column":50}},"497":{"start":{"line":498,"column":0},"end":{"line":498,"column":30}},"498":{"start":{"line":499,"column":0},"end":{"line":499,"column":64}},"499":{"start":{"line":500,"column":0},"end":{"line":500,"column":53}},"500":{"start":{"line":501,"column":0},"end":{"line":501,"column":15}},"502":{"start":{"line":503,"column":0},"end":{"line":503,"column":30}},"503":{"start":{"line":504,"column":0},"end":{"line":504,"column":61}},"504":{"start":{"line":505,"column":0},"end":{"line":505,"column":74}},"505":{"start":{"line":506,"column":0},"end":{"line":506,"column":20}},"506":{"start":{"line":507,"column":0},"end":{"line":507,"column":82}},"507":{"start":{"line":508,"column":0},"end":{"line":508,"column":76}},"508":{"start":{"line":509,"column":0},"end":{"line":509,"column":13}},"509":{"start":{"line":510,"column":0},"end":{"line":510,"column":25}},"510":{"start":{"line":511,"column":0},"end":{"line":511,"column":60}},"511":{"start":{"line":512,"column":0},"end":{"line":512,"column":83}},"512":{"start":{"line":513,"column":0},"end":{"line":513,"column":19}},"513":{"start":{"line":514,"column":0},"end":{"line":514,"column":38}},"514":{"start":{"line":515,"column":0},"end":{"line":515,"column":9}},"515":{"start":{"line":516,"column":0},"end":{"line":516,"column":5}},"517":{"start":{"line":518,"column":0},"end":{"line":518,"column":37}},"518":{"start":{"line":519,"column":0},"end":{"line":519,"column":63}},"520":{"start":{"line":521,"column":0},"end":{"line":521,"column":59}},"521":{"start":{"line":522,"column":0},"end":{"line":522,"column":88}},"523":{"start":{"line":524,"column":0},"end":{"line":524,"column":30}},"524":{"start":{"line":525,"column":0},"end":{"line":525,"column":47}},"525":{"start":{"line":526,"column":0},"end":{"line":526,"column":152}},"526":{"start":{"line":527,"column":0},"end":{"line":527,"column":52}},"527":{"start":{"line":528,"column":0},"end":{"line":528,"column":69}},"529":{"start":{"line":530,"column":0},"end":{"line":530,"column":31}},"530":{"start":{"line":531,"column":0},"end":{"line":531,"column":41}},"531":{"start":{"line":532,"column":0},"end":{"line":532,"column":45}},"532":{"start":{"line":533,"column":0},"end":{"line":533,"column":49}},"533":{"start":{"line":534,"column":0},"end":{"line":534,"column":61}},"534":{"start":{"line":535,"column":0},"end":{"line":535,"column":12}},"535":{"start":{"line":536,"column":0},"end":{"line":536,"column":38}},"536":{"start":{"line":537,"column":0},"end":{"line":537,"column":9}},"537":{"start":{"line":538,"column":0},"end":{"line":538,"column":5}},"539":{"start":{"line":540,"column":0},"end":{"line":540,"column":43}},"540":{"start":{"line":541,"column":0},"end":{"line":541,"column":62}},"541":{"start":{"line":542,"column":0},"end":{"line":542,"column":73}},"543":{"start":{"line":544,"column":0},"end":{"line":544,"column":46}},"544":{"start":{"line":545,"column":0},"end":{"line":545,"column":46}},"545":{"start":{"line":546,"column":0},"end":{"line":546,"column":61}},"546":{"start":{"line":547,"column":0},"end":{"line":547,"column":49}},"547":{"start":{"line":548,"column":0},"end":{"line":548,"column":16}},"548":{"start":{"line":549,"column":0},"end":{"line":549,"column":45}},"549":{"start":{"line":550,"column":0},"end":{"line":550,"column":91}},"550":{"start":{"line":551,"column":0},"end":{"line":551,"column":62}},"551":{"start":{"line":552,"column":0},"end":{"line":552,"column":54}},"552":{"start":{"line":553,"column":0},"end":{"line":553,"column":13}},"553":{"start":{"line":554,"column":0},"end":{"line":554,"column":9}},"554":{"start":{"line":555,"column":0},"end":{"line":555,"column":5}},"556":{"start":{"line":557,"column":0},"end":{"line":557,"column":56}},"557":{"start":{"line":558,"column":0},"end":{"line":558,"column":61}},"558":{"start":{"line":559,"column":0},"end":{"line":559,"column":60}},"559":{"start":{"line":560,"column":0},"end":{"line":560,"column":40}},"560":{"start":{"line":561,"column":0},"end":{"line":561,"column":8}},"561":{"start":{"line":562,"column":0},"end":{"line":562,"column":37}},"562":{"start":{"line":563,"column":0},"end":{"line":563,"column":7}},"564":{"start":{"line":565,"column":0},"end":{"line":565,"column":42}},"565":{"start":{"line":566,"column":0},"end":{"line":566,"column":54}},"566":{"start":{"line":567,"column":0},"end":{"line":567,"column":31}},"568":{"start":{"line":569,"column":0},"end":{"line":569,"column":13}},"569":{"start":{"line":570,"column":0},"end":{"line":570,"column":50}},"570":{"start":{"line":571,"column":0},"end":{"line":571,"column":33}},"571":{"start":{"line":572,"column":0},"end":{"line":572,"column":64}},"572":{"start":{"line":573,"column":0},"end":{"line":573,"column":56}},"573":{"start":{"line":574,"column":0},"end":{"line":574,"column":15}},"575":{"start":{"line":576,"column":0},"end":{"line":576,"column":30}},"576":{"start":{"line":577,"column":0},"end":{"line":577,"column":61}},"577":{"start":{"line":578,"column":0},"end":{"line":578,"column":74}},"578":{"start":{"line":579,"column":0},"end":{"line":579,"column":20}},"579":{"start":{"line":580,"column":0},"end":{"line":580,"column":82}},"580":{"start":{"line":581,"column":0},"end":{"line":581,"column":78}},"581":{"start":{"line":582,"column":0},"end":{"line":582,"column":13}},"582":{"start":{"line":583,"column":0},"end":{"line":583,"column":25}},"583":{"start":{"line":584,"column":0},"end":{"line":584,"column":60}},"584":{"start":{"line":585,"column":0},"end":{"line":585,"column":83}},"585":{"start":{"line":586,"column":0},"end":{"line":586,"column":19}},"586":{"start":{"line":587,"column":0},"end":{"line":587,"column":38}},"587":{"start":{"line":588,"column":0},"end":{"line":588,"column":9}},"588":{"start":{"line":589,"column":0},"end":{"line":589,"column":5}},"590":{"start":{"line":591,"column":0},"end":{"line":591,"column":80}},"591":{"start":{"line":592,"column":0},"end":{"line":592,"column":47}},"592":{"start":{"line":593,"column":0},"end":{"line":593,"column":32}},"593":{"start":{"line":594,"column":0},"end":{"line":594,"column":40}},"594":{"start":{"line":595,"column":0},"end":{"line":595,"column":65}},"595":{"start":{"line":596,"column":0},"end":{"line":596,"column":48}},"596":{"start":{"line":597,"column":0},"end":{"line":597,"column":63}},"597":{"start":{"line":598,"column":0},"end":{"line":598,"column":17}},"598":{"start":{"line":599,"column":0},"end":{"line":599,"column":51}},"599":{"start":{"line":600,"column":0},"end":{"line":600,"column":53}},"600":{"start":{"line":601,"column":0},"end":{"line":601,"column":13}},"601":{"start":{"line":602,"column":0},"end":{"line":602,"column":11}},"602":{"start":{"line":603,"column":0},"end":{"line":603,"column":7}},"604":{"start":{"line":605,"column":0},"end":{"line":605,"column":66}},"605":{"start":{"line":606,"column":0},"end":{"line":606,"column":92}},"606":{"start":{"line":607,"column":0},"end":{"line":607,"column":55}},"607":{"start":{"line":608,"column":0},"end":{"line":608,"column":50}},"608":{"start":{"line":609,"column":0},"end":{"line":609,"column":56}},"609":{"start":{"line":610,"column":0},"end":{"line":610,"column":29}},"610":{"start":{"line":611,"column":0},"end":{"line":611,"column":61}},"611":{"start":{"line":612,"column":0},"end":{"line":612,"column":29}},"612":{"start":{"line":613,"column":0},"end":{"line":613,"column":9}},"613":{"start":{"line":614,"column":0},"end":{"line":614,"column":7}},"614":{"start":{"line":615,"column":0},"end":{"line":615,"column":68}},"615":{"start":{"line":616,"column":0},"end":{"line":616,"column":68}},"617":{"start":{"line":618,"column":0},"end":{"line":618,"column":19}},"618":{"start":{"line":619,"column":0},"end":{"line":619,"column":28}},"619":{"start":{"line":620,"column":0},"end":{"line":620,"column":24}},"621":{"start":{"line":622,"column":0},"end":{"line":622,"column":12}},"622":{"start":{"line":623,"column":0},"end":{"line":623,"column":30}},"623":{"start":{"line":624,"column":0},"end":{"line":624,"column":19}},"624":{"start":{"line":625,"column":0},"end":{"line":625,"column":22}},"625":{"start":{"line":626,"column":0},"end":{"line":626,"column":22}},"626":{"start":{"line":627,"column":0},"end":{"line":627,"column":28}},"627":{"start":{"line":628,"column":0},"end":{"line":628,"column":28}},"628":{"start":{"line":629,"column":0},"end":{"line":629,"column":26}},"629":{"start":{"line":630,"column":0},"end":{"line":630,"column":29}},"630":{"start":{"line":631,"column":0},"end":{"line":631,"column":20}},"631":{"start":{"line":632,"column":0},"end":{"line":632,"column":24}},"632":{"start":{"line":633,"column":0},"end":{"line":633,"column":23}},"633":{"start":{"line":634,"column":0},"end":{"line":634,"column":20}},"634":{"start":{"line":635,"column":0},"end":{"line":635,"column":21}},"635":{"start":{"line":636,"column":0},"end":{"line":636,"column":28}},"636":{"start":{"line":637,"column":0},"end":{"line":637,"column":34}},"637":{"start":{"line":638,"column":0},"end":{"line":638,"column":6}},"638":{"start":{"line":639,"column":0},"end":{"line":639,"column":1}},"640":{"start":{"line":641,"column":0},"end":{"line":641,"column":53}},"641":{"start":{"line":642,"column":0},"end":{"line":642,"column":25}},"642":{"start":{"line":643,"column":0},"end":{"line":643,"column":61}},"643":{"start":{"line":644,"column":0},"end":{"line":644,"column":61}},"644":{"start":{"line":645,"column":0},"end":{"line":645,"column":51}},"645":{"start":{"line":646,"column":0},"end":{"line":646,"column":55}},"646":{"start":{"line":647,"column":0},"end":{"line":647,"column":65}},"647":{"start":{"line":648,"column":0},"end":{"line":648,"column":59}},"648":{"start":{"line":649,"column":0},"end":{"line":649,"column":66}},"649":{"start":{"line":650,"column":0},"end":{"line":650,"column":61}},"650":{"start":{"line":651,"column":0},"end":{"line":651,"column":67}},"651":{"start":{"line":652,"column":0},"end":{"line":652,"column":66}},"652":{"start":{"line":653,"column":0},"end":{"line":653,"column":83}},"653":{"start":{"line":654,"column":0},"end":{"line":654,"column":82}},"654":{"start":{"line":655,"column":0},"end":{"line":655,"column":72}},"655":{"start":{"line":656,"column":0},"end":{"line":656,"column":83}},"656":{"start":{"line":657,"column":0},"end":{"line":657,"column":62}},"657":{"start":{"line":658,"column":0},"end":{"line":658,"column":66}},"658":{"start":{"line":659,"column":0},"end":{"line":659,"column":97}},"659":{"start":{"line":660,"column":0},"end":{"line":660,"column":70}},"660":{"start":{"line":661,"column":0},"end":{"line":661,"column":72}},"661":{"start":{"line":662,"column":0},"end":{"line":662,"column":74}},"662":{"start":{"line":663,"column":0},"end":{"line":663,"column":65}},"663":{"start":{"line":664,"column":0},"end":{"line":664,"column":97}},"664":{"start":{"line":665,"column":0},"end":{"line":665,"column":74}},"665":{"start":{"line":666,"column":0},"end":{"line":666,"column":75}},"666":{"start":{"line":667,"column":0},"end":{"line":667,"column":64}},"667":{"start":{"line":668,"column":0},"end":{"line":668,"column":68}},"668":{"start":{"line":669,"column":0},"end":{"line":669,"column":78}},"669":{"start":{"line":670,"column":0},"end":{"line":670,"column":72}},"670":{"start":{"line":671,"column":0},"end":{"line":671,"column":71}},"671":{"start":{"line":672,"column":0},"end":{"line":672,"column":6}},"672":{"start":{"line":673,"column":0},"end":{"line":673,"column":41}},"673":{"start":{"line":674,"column":0},"end":{"line":674,"column":3}}},"s":{"0":1,"1":1,"2":1,"3":1,"4":1,"5":1,"6":1,"7":1,"8":1,"9":1,"11":1,"12":1,"13":1,"14":1,"15":1,"16":1,"17":1,"18":1,"19":1,"20":1,"21":1,"22":1,"24":1,"25":11,"26":11,"27":7,"28":7,"29":7,"30":7,"31":1,"32":1,"33":6,"34":7,"36":11,"37":11,"38":104,"39":104,"40":74,"41":104,"43":11,"44":11,"45":11,"46":11,"47":11,"48":11,"49":11,"50":11,"52":11,"53":11,"54":11,"56":11,"57":11,"58":11,"59":11,"61":11,"62":4,"63":4,"64":4,"65":11,"67":11,"68":18,"69":18,"70":18,"71":18,"72":18,"73":18,"75":11,"76":4,"77":4,"79":4,"80":12,"81":1,"82":1,"83":12,"84":11,"85":11,"86":4,"88":4,"89":4,"90":2,"91":2,"92":2,"93":2,"94":2,"96":4,"97":4,"99":11,"100":13,"101":13,"102":13,"104":13,"106":13,"107":52,"108":25,"109":25,"110":25,"111":25,"112":13,"114":13,"115":4,"116":4,"118":13,"119":13,"120":13,"121":13,"122":13,"123":13,"124":13,"125":13,"126":13,"127":13,"128":13,"129":13,"130":13,"131":13,"132":13,"133":13,"134":13,"135":13,"136":13,"137":13,"138":11,"139":13,"140":13,"142":13,"143":13,"145":13,"146":13,"147":48,"148":48,"149":48,"150":48,"151":32,"152":32,"153":13,"155":13,"156":13,"157":13,"158":13,"159":13,"160":13,"161":13,"162":403,"163":403,"164":264,"165":403,"166":139,"167":139,"168":403,"170":13,"171":13,"172":13,"173":403,"174":403,"176":13,"178":13,"179":4,"180":4,"182":13,"183":13,"184":13,"185":13,"186":13,"187":13,"188":13,"189":13,"190":13,"191":13,"192":13,"193":13,"194":13,"195":13,"196":13,"197":13,"198":13,"199":13,"200":13,"201":13,"202":13,"203":13,"204":13,"205":13,"206":13,"207":13,"208":13,"209":13,"210":13,"211":13,"212":13,"213":13,"215":11,"216":13,"217":48,"218":48,"219":48,"220":41,"221":41,"222":48,"223":48,"224":13,"226":13,"227":13,"229":13,"230":13,"231":13,"232":13,"233":13,"234":13,"236":13,"237":13,"238":13,"239":13,"240":13,"242":13,"243":13,"244":13,"245":13,"246":13,"247":13,"248":13,"249":13,"250":13,"251":13,"252":13,"253":13,"255":13,"256":13,"257":13,"258":13,"259":13,"261":13,"262":13,"263":13,"264":13,"265":13,"266":13,"267":13,"268":13,"269":13,"270":13,"271":13,"272":13,"273":13,"274":13,"275":13,"277":13,"278":13,"279":26,"280":26,"281":26,"282":26,"283":26,"284":26,"285":26,"286":26,"287":26,"288":26,"289":26,"290":26,"291":26,"292":26,"293":26,"294":26,"295":26,"296":26,"297":13,"298":13,"299":13,"301":13,"302":13,"303":52,"304":52,"305":52,"306":52,"307":52,"308":52,"309":52,"310":52,"311":52,"312":52,"313":52,"314":52,"315":52,"316":52,"317":52,"318":52,"319":52,"320":13,"321":13,"322":13,"324":13,"325":13,"326":13,"327":8,"328":8,"329":8,"330":8,"331":8,"332":8,"333":8,"334":8,"335":8,"336":8,"337":8,"338":8,"339":13,"340":5,"341":5,"342":13,"343":13,"345":13,"346":13,"347":13,"348":13,"349":13,"351":11,"352":15,"354":15,"355":15,"357":15,"358":15,"359":56,"360":56,"361":20,"362":20,"363":56,"364":56,"365":15,"367":15,"368":15,"369":20,"370":20,"371":20,"372":20,"373":20,"375":20,"376":20,"377":56,"378":56,"379":56,"380":56,"381":56,"382":56,"383":56,"384":56,"385":56,"386":56,"387":56,"388":20,"389":20,"390":15,"392":11,"393":11,"394":15,"395":15,"396":14,"397":15,"398":1,"399":1,"400":1,"401":15,"403":11,"404":15,"405":15,"406":15,"407":15,"408":13,"409":13,"410":13,"411":15,"412":1,"413":1,"414":1,"415":1,"416":1,"417":1,"418":1,"419":1,"420":15,"421":1,"422":1,"423":1,"424":1,"425":1,"426":1,"427":1,"428":1,"429":15,"431":11,"432":2,"433":2,"434":1,"435":1,"437":1,"438":1,"440":1,"441":1,"442":1,"443":1,"444":1,"445":1,"447":1,"448":1,"449":1,"450":1,"451":1,"452":1,"454":1,"455":1,"456":1,"457":1,"458":1,"459":2,"460":0,"461":0,"462":0,"463":2,"464":0,"465":0,"466":2,"467":1,"468":1,"469":2,"471":11,"472":1,"473":1,"475":1,"476":1,"477":1,"478":1,"479":1,"480":1,"481":1,"482":1,"483":1,"485":11,"486":1,"487":1,"488":1,"489":1,"490":1,"491":1,"492":1,"493":1,"495":1,"496":1,"497":1,"498":1,"499":1,"500":1,"502":1,"503":1,"504":1,"505":1,"506":0,"507":0,"508":0,"509":1,"510":0,"511":0,"512":1,"513":1,"514":1,"515":1,"517":11,"518":1,"520":1,"521":1,"523":1,"524":1,"525":1,"526":1,"527":1,"529":1,"530":1,"531":1,"532":1,"533":1,"534":1,"535":1,"536":1,"537":1,"539":11,"540":2,"541":2,"543":2,"544":1,"545":1,"546":1,"547":1,"548":1,"549":1,"550":1,"551":1,"552":1,"553":1,"554":2,"556":11,"557":2,"558":2,"559":2,"560":2,"561":2,"562":11,"564":11,"565":1,"566":1,"568":1,"569":1,"570":1,"571":1,"572":1,"573":1,"575":1,"576":1,"577":1,"578":1,"579":0,"580":0,"581":0,"582":1,"583":0,"584":0,"585":1,"586":1,"587":1,"588":1,"590":11,"591":44,"592":7,"593":7,"594":4,"595":4,"596":4,"597":4,"598":7,"599":3,"600":3,"601":44,"602":11,"604":11,"605":11,"606":11,"607":11,"608":2,"609":1,"610":1,"611":1,"612":1,"613":11,"614":11,"615":11,"617":11,"618":11,"619":11,"621":11,"622":11,"623":11,"624":11,"625":11,"626":11,"627":11,"628":11,"629":11,"630":11,"631":11,"632":11,"633":11,"634":11,"635":11,"636":11,"637":11,"638":11,"640":1,"641":0,"642":0,"643":0,"644":0,"645":0,"646":0,"647":0,"648":0,"649":0,"650":0,"651":0,"652":0,"653":0,"654":0,"655":0,"656":0,"657":0,"658":0,"659":0,"660":0,"661":0,"662":0,"663":0,"664":0,"665":0,"666":0,"667":0,"668":0,"669":0,"670":0,"671":0,"672":0,"673":1},"branchMap":{"0":{"type":"branch","line":25,"loc":{"start":{"line":25,"column":7},"end":{"line":639,"column":1}},"locations":[{"start":{"line":25,"column":7},"end":{"line":639,"column":1}}]},"1":{"type":"branch","line":27,"loc":{"start":{"line":27,"column":4},"end":{"line":35,"column":5}},"locations":[{"start":{"line":27,"column":4},"end":{"line":35,"column":5}}]},"2":{"type":"branch","line":31,"loc":{"start":{"line":31,"column":24},"end":{"line":33,"column":9}},"locations":[{"start":{"line":31,"column":24},"end":{"line":33,"column":9}}]},"3":{"type":"branch","line":32,"loc":{"start":{"line":32,"column":50},"end":{"line":32,"column":55}},"locations":[{"start":{"line":32,"column":50},"end":{"line":32,"column":55}}]},"4":{"type":"branch","line":33,"loc":{"start":{"line":33,"column":8},"end":{"line":35,"column":4}},"locations":[{"start":{"line":33,"column":8},"end":{"line":35,"column":4}}]},"5":{"type":"branch","line":38,"loc":{"start":{"line":38,"column":4},"end":{"line":42,"column":5}},"locations":[{"start":{"line":38,"column":4},"end":{"line":42,"column":5}}]},"6":{"type":"branch","line":39,"loc":{"start":{"line":39,"column":30},"end":{"line":39,"column":49}},"locations":[{"start":{"line":39,"column":30},"end":{"line":39,"column":49}}]},"7":{"type":"branch","line":39,"loc":{"start":{"line":39,"column":48},"end":{"line":40,"column":29}},"locations":[{"start":{"line":39,"column":48},"end":{"line":40,"column":29}}]},"8":{"type":"branch","line":40,"loc":{"start":{"line":40,"column":29},"end":{"line":40,"column":49}},"locations":[{"start":{"line":40,"column":29},"end":{"line":40,"column":49}}]},"9":{"type":"branch","line":40,"loc":{"start":{"line":40,"column":48},"end":{"line":42,"column":4}},"locations":[{"start":{"line":40,"column":48},"end":{"line":42,"column":4}}]},"10":{"type":"branch","line":62,"loc":{"start":{"line":62,"column":42},"end":{"line":66,"column":5}},"locations":[{"start":{"line":62,"column":42},"end":{"line":66,"column":5}}]},"11":{"type":"branch","line":68,"loc":{"start":{"line":68,"column":4},"end":{"line":74,"column":5}},"locations":[{"start":{"line":68,"column":4},"end":{"line":74,"column":5}}]},"12":{"type":"branch","line":70,"loc":{"start":{"line":70,"column":49},"end":{"line":70,"column":71}},"locations":[{"start":{"line":70,"column":49},"end":{"line":70,"column":71}}]},"13":{"type":"branch","line":72,"loc":{"start":{"line":72,"column":86},"end":{"line":72,"column":102}},"locations":[{"start":{"line":72,"column":86},"end":{"line":72,"column":102}}]},"14":{"type":"branch","line":72,"loc":{"start":{"line":72,"column":50},"end":{"line":72,"column":84}},"locations":[{"start":{"line":72,"column":50},"end":{"line":72,"column":84}}]},"15":{"type":"branch","line":76,"loc":{"start":{"line":76,"column":4},"end":{"line":98,"column":5}},"locations":[{"start":{"line":76,"column":4},"end":{"line":98,"column":5}}]},"16":{"type":"branch","line":90,"loc":{"start":{"line":90,"column":31},"end":{"line":90,"column":53}},"locations":[{"start":{"line":90,"column":31},"end":{"line":90,"column":53}}]},"17":{"type":"branch","line":90,"loc":{"start":{"line":90,"column":55},"end":{"line":95,"column":9}},"locations":[{"start":{"line":90,"column":55},"end":{"line":95,"column":9}}]},"18":{"type":"branch","line":80,"loc":{"start":{"line":80,"column":28},"end":{"line":87,"column":9}},"locations":[{"start":{"line":80,"column":28},"end":{"line":87,"column":9}}]},"19":{"type":"branch","line":81,"loc":{"start":{"line":81,"column":37},"end":{"line":84,"column":13}},"locations":[{"start":{"line":81,"column":37},"end":{"line":84,"column":13}}]},"20":{"type":"branch","line":84,"loc":{"start":{"line":84,"column":13},"end":{"line":86,"column":13}},"locations":[{"start":{"line":84,"column":13},"end":{"line":86,"column":13}}]},"21":{"type":"branch","line":100,"loc":{"start":{"line":100,"column":4},"end":{"line":138,"column":5}},"locations":[{"start":{"line":100,"column":4},"end":{"line":138,"column":5}}]},"22":{"type":"branch","line":115,"loc":{"start":{"line":115,"column":26},"end":{"line":117,"column":9}},"locations":[{"start":{"line":115,"column":26},"end":{"line":117,"column":9}}]},"23":{"type":"branch","line":105,"loc":{"start":{"line":105,"column":56},"end":{"line":105,"column":152}},"locations":[{"start":{"line":105,"column":56},"end":{"line":105,"column":152}}]},"24":{"type":"branch","line":105,"loc":{"start":{"line":105,"column":107},"end":{"line":105,"column":152}},"locations":[{"start":{"line":105,"column":107},"end":{"line":105,"column":152}}]},"25":{"type":"branch","line":107,"loc":{"start":{"line":107,"column":35},"end":{"line":113,"column":9}},"locations":[{"start":{"line":107,"column":35},"end":{"line":113,"column":9}}]},"26":{"type":"branch","line":108,"loc":{"start":{"line":108,"column":39},"end":{"line":112,"column":13}},"locations":[{"start":{"line":108,"column":39},"end":{"line":112,"column":13}}]},"27":{"type":"branch","line":111,"loc":{"start":{"line":111,"column":65},"end":{"line":111,"column":77}},"locations":[{"start":{"line":111,"column":65},"end":{"line":111,"column":77}}]},"28":{"type":"branch","line":139,"loc":{"start":{"line":139,"column":4},"end":{"line":214,"column":5}},"locations":[{"start":{"line":139,"column":4},"end":{"line":214,"column":5}}]},"29":{"type":"branch","line":162,"loc":{"start":{"line":162,"column":46},"end":{"line":169,"column":9}},"locations":[{"start":{"line":162,"column":46},"end":{"line":169,"column":9}}]},"30":{"type":"branch","line":164,"loc":{"start":{"line":164,"column":31},"end":{"line":164,"column":49}},"locations":[{"start":{"line":164,"column":31},"end":{"line":164,"column":49}}]},"31":{"type":"branch","line":164,"loc":{"start":{"line":164,"column":51},"end":{"line":166,"column":13}},"locations":[{"start":{"line":164,"column":51},"end":{"line":166,"column":13}}]},"32":{"type":"branch","line":166,"loc":{"start":{"line":166,"column":13},"end":{"line":168,"column":13}},"locations":[{"start":{"line":166,"column":13},"end":{"line":168,"column":13}}]},"33":{"type":"branch","line":173,"loc":{"start":{"line":173,"column":46},"end":{"line":175,"column":9}},"locations":[{"start":{"line":173,"column":46},"end":{"line":175,"column":9}}]},"34":{"type":"branch","line":179,"loc":{"start":{"line":179,"column":27},"end":{"line":181,"column":9}},"locations":[{"start":{"line":179,"column":27},"end":{"line":181,"column":9}}]},"35":{"type":"branch","line":143,"loc":{"start":{"line":143,"column":61},"end":{"line":143,"column":157}},"locations":[{"start":{"line":143,"column":61},"end":{"line":143,"column":157}}]},"36":{"type":"branch","line":143,"loc":{"start":{"line":143,"column":112},"end":{"line":143,"column":157}},"locations":[{"start":{"line":143,"column":112},"end":{"line":143,"column":157}}]},"37":{"type":"branch","line":144,"loc":{"start":{"line":144,"column":59},"end":{"line":144,"column":114}},"locations":[{"start":{"line":144,"column":59},"end":{"line":144,"column":114}}]},"38":{"type":"branch","line":144,"loc":{"start":{"line":144,"column":109},"end":{"line":144,"column":113}},"locations":[{"start":{"line":144,"column":109},"end":{"line":144,"column":113}}]},"39":{"type":"branch","line":147,"loc":{"start":{"line":147,"column":21},"end":{"line":154,"column":9}},"locations":[{"start":{"line":147,"column":21},"end":{"line":154,"column":9}}]},"40":{"type":"branch","line":151,"loc":{"start":{"line":151,"column":110},"end":{"line":153,"column":13}},"locations":[{"start":{"line":151,"column":110},"end":{"line":153,"column":13}}]},"41":{"type":"branch","line":177,"loc":{"start":{"line":177,"column":59},"end":{"line":177,"column":74}},"locations":[{"start":{"line":177,"column":59},"end":{"line":177,"column":74}}]},"42":{"type":"branch","line":216,"loc":{"start":{"line":216,"column":4},"end":{"line":350,"column":5}},"locations":[{"start":{"line":216,"column":4},"end":{"line":350,"column":5}}]},"43":{"type":"branch","line":217,"loc":{"start":{"line":217,"column":36},"end":{"line":225,"column":9}},"locations":[{"start":{"line":217,"column":36},"end":{"line":225,"column":9}}]},"44":{"type":"branch","line":220,"loc":{"start":{"line":220,"column":32},"end":{"line":222,"column":13}},"locations":[{"start":{"line":220,"column":32},"end":{"line":222,"column":13}}]},"45":{"type":"branch","line":238,"loc":{"start":{"line":238,"column":19},"end":{"line":349,"column":9}},"locations":[{"start":{"line":238,"column":19},"end":{"line":349,"column":9}}]},"46":{"type":"branch","line":240,"loc":{"start":{"line":240,"column":99},"end":{"line":240,"column":102}},"locations":[{"start":{"line":240,"column":99},"end":{"line":240,"column":102}}]},"47":{"type":"branch","line":259,"loc":{"start":{"line":259,"column":99},"end":{"line":259,"column":102}},"locations":[{"start":{"line":259,"column":99},"end":{"line":259,"column":102}}]},"48":{"type":"branch","line":327,"loc":{"start":{"line":327,"column":42},"end":{"line":340,"column":13}},"locations":[{"start":{"line":327,"column":42},"end":{"line":340,"column":13}}]},"49":{"type":"branch","line":340,"loc":{"start":{"line":340,"column":13},"end":{"line":342,"column":13}},"locations":[{"start":{"line":340,"column":13},"end":{"line":342,"column":13}}]},"50":{"type":"branch","line":239,"loc":{"start":{"line":239,"column":61},"end":{"line":239,"column":88}},"locations":[{"start":{"line":239,"column":61},"end":{"line":239,"column":88}}]},"51":{"type":"branch","line":256,"loc":{"start":{"line":256,"column":65},"end":{"line":256,"column":161}},"locations":[{"start":{"line":256,"column":65},"end":{"line":256,"column":161}}]},"52":{"type":"branch","line":256,"loc":{"start":{"line":256,"column":116},"end":{"line":256,"column":161}},"locations":[{"start":{"line":256,"column":116},"end":{"line":256,"column":161}}]},"53":{"type":"branch","line":257,"loc":{"start":{"line":257,"column":62},"end":{"line":257,"column":111}},"locations":[{"start":{"line":257,"column":62},"end":{"line":257,"column":111}}]},"54":{"type":"branch","line":257,"loc":{"start":{"line":257,"column":106},"end":{"line":257,"column":110}},"locations":[{"start":{"line":257,"column":106},"end":{"line":257,"column":110}}]},"55":{"type":"branch","line":258,"loc":{"start":{"line":258,"column":63},"end":{"line":258,"column":118}},"locations":[{"start":{"line":258,"column":63},"end":{"line":258,"column":118}}]},"56":{"type":"branch","line":258,"loc":{"start":{"line":258,"column":113},"end":{"line":258,"column":117}},"locations":[{"start":{"line":258,"column":113},"end":{"line":258,"column":117}}]},"57":{"type":"branch","line":279,"loc":{"start":{"line":279,"column":43},"end":{"line":298,"column":13}},"locations":[{"start":{"line":279,"column":43},"end":{"line":298,"column":13}}]},"58":{"type":"branch","line":280,"loc":{"start":{"line":280,"column":55},"end":{"line":280,"column":59}},"locations":[{"start":{"line":280,"column":55},"end":{"line":280,"column":59}}]},"59":{"type":"branch","line":281,"loc":{"start":{"line":281,"column":48},"end":{"line":281,"column":52}},"locations":[{"start":{"line":281,"column":48},"end":{"line":281,"column":52}}]},"60":{"type":"branch","line":282,"loc":{"start":{"line":282,"column":83},"end":{"line":282,"column":86}},"locations":[{"start":{"line":282,"column":83},"end":{"line":282,"column":86}}]},"61":{"type":"branch","line":303,"loc":{"start":{"line":303,"column":49},"end":{"line":303,"column":107}},"locations":[{"start":{"line":303,"column":49},"end":{"line":303,"column":107}}]},"62":{"type":"branch","line":303,"loc":{"start":{"line":303,"column":117},"end":{"line":321,"column":13}},"locations":[{"start":{"line":303,"column":117},"end":{"line":321,"column":13}}]},"63":{"type":"branch","line":304,"loc":{"start":{"line":304,"column":48},"end":{"line":304,"column":52}},"locations":[{"start":{"line":304,"column":48},"end":{"line":304,"column":52}}]},"64":{"type":"branch","line":325,"loc":{"start":{"line":325,"column":65},"end":{"line":325,"column":105}},"locations":[{"start":{"line":325,"column":65},"end":{"line":325,"column":105}}]},"65":{"type":"branch","line":328,"loc":{"start":{"line":328,"column":68},"end":{"line":339,"column":17}},"locations":[{"start":{"line":328,"column":68},"end":{"line":339,"column":17}}]},"66":{"type":"branch","line":348,"loc":{"start":{"line":348,"column":40},"end":{"line":348,"column":99}},"locations":[{"start":{"line":348,"column":40},"end":{"line":348,"column":99}}]},"67":{"type":"branch","line":352,"loc":{"start":{"line":352,"column":4},"end":{"line":391,"column":5}},"locations":[{"start":{"line":352,"column":4},"end":{"line":391,"column":5}}]},"68":{"type":"branch","line":369,"loc":{"start":{"line":369,"column":44},"end":{"line":390,"column":9}},"locations":[{"start":{"line":369,"column":44},"end":{"line":390,"column":9}}]},"69":{"type":"branch","line":356,"loc":{"start":{"line":356,"column":18},"end":{"line":356,"column":63}},"locations":[{"start":{"line":356,"column":18},"end":{"line":356,"column":63}}]},"70":{"type":"branch","line":359,"loc":{"start":{"line":359,"column":44},"end":{"line":366,"column":9}},"locations":[{"start":{"line":359,"column":44},"end":{"line":366,"column":9}}]},"71":{"type":"branch","line":361,"loc":{"start":{"line":361,"column":28},"end":{"line":363,"column":13}},"locations":[{"start":{"line":361,"column":28},"end":{"line":363,"column":13}}]},"72":{"type":"branch","line":377,"loc":{"start":{"line":377,"column":42},"end":{"line":389,"column":13}},"locations":[{"start":{"line":377,"column":42},"end":{"line":389,"column":13}}]},"73":{"type":"branch","line":394,"loc":{"start":{"line":394,"column":4},"end":{"line":402,"column":5}},"locations":[{"start":{"line":394,"column":4},"end":{"line":402,"column":5}}]},"74":{"type":"branch","line":396,"loc":{"start":{"line":396,"column":40},"end":{"line":398,"column":9}},"locations":[{"start":{"line":396,"column":40},"end":{"line":398,"column":9}}]},"75":{"type":"branch","line":398,"loc":{"start":{"line":398,"column":9},"end":{"line":401,"column":9}},"locations":[{"start":{"line":398,"column":9},"end":{"line":401,"column":9}}]},"76":{"type":"branch","line":399,"loc":{"start":{"line":399,"column":64},"end":{"line":399,"column":112}},"locations":[{"start":{"line":399,"column":64},"end":{"line":399,"column":112}}]},"77":{"type":"branch","line":404,"loc":{"start":{"line":404,"column":4},"end":{"line":430,"column":5}},"locations":[{"start":{"line":404,"column":4},"end":{"line":430,"column":5}}]},"78":{"type":"branch","line":407,"loc":{"start":{"line":407,"column":81},"end":{"line":408,"column":29}},"locations":[{"start":{"line":407,"column":81},"end":{"line":408,"column":29}}]},"79":{"type":"branch","line":408,"loc":{"start":{"line":408,"column":29},"end":{"line":412,"column":13}},"locations":[{"start":{"line":408,"column":29},"end":{"line":412,"column":13}}]},"80":{"type":"branch","line":412,"loc":{"start":{"line":412,"column":13},"end":{"line":420,"column":13}},"locations":[{"start":{"line":412,"column":13},"end":{"line":420,"column":13}}]},"81":{"type":"branch","line":421,"loc":{"start":{"line":421,"column":10},"end":{"line":429,"column":9}},"locations":[{"start":{"line":421,"column":10},"end":{"line":429,"column":9}}]},"82":{"type":"branch","line":432,"loc":{"start":{"line":432,"column":4},"end":{"line":470,"column":5}},"locations":[{"start":{"line":432,"column":4},"end":{"line":470,"column":5}}]},"83":{"type":"branch","line":434,"loc":{"start":{"line":434,"column":37},"end":{"line":460,"column":13}},"locations":[{"start":{"line":434,"column":37},"end":{"line":460,"column":13}}]},"84":{"type":"branch","line":460,"loc":{"start":{"line":460,"column":13},"end":{"line":463,"column":13}},"locations":[{"start":{"line":460,"column":13},"end":{"line":463,"column":13}}]},"85":{"type":"branch","line":464,"loc":{"start":{"line":464,"column":10},"end":{"line":467,"column":9}},"locations":[{"start":{"line":464,"column":10},"end":{"line":467,"column":9}}]},"86":{"type":"branch","line":467,"loc":{"start":{"line":467,"column":9},"end":{"line":469,"column":9}},"locations":[{"start":{"line":467,"column":9},"end":{"line":469,"column":9}}]},"87":{"type":"branch","line":472,"loc":{"start":{"line":472,"column":4},"end":{"line":484,"column":5}},"locations":[{"start":{"line":472,"column":4},"end":{"line":484,"column":5}}]},"88":{"type":"branch","line":474,"loc":{"start":{"line":474,"column":57},"end":{"line":474,"column":86}},"locations":[{"start":{"line":474,"column":57},"end":{"line":474,"column":86}}]},"89":{"type":"branch","line":486,"loc":{"start":{"line":486,"column":4},"end":{"line":516,"column":5}},"locations":[{"start":{"line":486,"column":4},"end":{"line":516,"column":5}}]},"90":{"type":"branch","line":506,"loc":{"start":{"line":506,"column":13},"end":{"line":509,"column":13}},"locations":[{"start":{"line":506,"column":13},"end":{"line":509,"column":13}}]},"91":{"type":"branch","line":510,"loc":{"start":{"line":510,"column":10},"end":{"line":513,"column":9}},"locations":[{"start":{"line":510,"column":10},"end":{"line":513,"column":9}}]},"92":{"type":"branch","line":518,"loc":{"start":{"line":518,"column":4},"end":{"line":538,"column":5}},"locations":[{"start":{"line":518,"column":4},"end":{"line":538,"column":5}}]},"93":{"type":"branch","line":519,"loc":{"start":{"line":519,"column":56},"end":{"line":519,"column":63}},"locations":[{"start":{"line":519,"column":56},"end":{"line":519,"column":63}}]},"94":{"type":"branch","line":522,"loc":{"start":{"line":522,"column":57},"end":{"line":522,"column":86}},"locations":[{"start":{"line":522,"column":57},"end":{"line":522,"column":86}}]},"95":{"type":"branch","line":540,"loc":{"start":{"line":540,"column":4},"end":{"line":555,"column":5}},"locations":[{"start":{"line":540,"column":4},"end":{"line":555,"column":5}}]},"96":{"type":"branch","line":544,"loc":{"start":{"line":544,"column":45},"end":{"line":554,"column":9}},"locations":[{"start":{"line":544,"column":45},"end":{"line":554,"column":9}}]},"97":{"type":"branch","line":557,"loc":{"start":{"line":557,"column":48},"end":{"line":563,"column":5}},"locations":[{"start":{"line":557,"column":48},"end":{"line":563,"column":5}}]},"98":{"type":"branch","line":565,"loc":{"start":{"line":565,"column":4},"end":{"line":589,"column":5}},"locations":[{"start":{"line":565,"column":4},"end":{"line":589,"column":5}}]},"99":{"type":"branch","line":567,"loc":{"start":{"line":567,"column":24},"end":{"line":567,"column":31}},"locations":[{"start":{"line":567,"column":24},"end":{"line":567,"column":31}}]},"100":{"type":"branch","line":579,"loc":{"start":{"line":579,"column":13},"end":{"line":582,"column":13}},"locations":[{"start":{"line":579,"column":13},"end":{"line":582,"column":13}}]},"101":{"type":"branch","line":583,"loc":{"start":{"line":583,"column":10},"end":{"line":586,"column":9}},"locations":[{"start":{"line":583,"column":10},"end":{"line":586,"column":9}}]},"102":{"type":"branch","line":591,"loc":{"start":{"line":591,"column":70},"end":{"line":603,"column":5}},"locations":[{"start":{"line":591,"column":70},"end":{"line":603,"column":5}}]},"103":{"type":"branch","line":592,"loc":{"start":{"line":592,"column":40},"end":{"line":602,"column":9}},"locations":[{"start":{"line":592,"column":40},"end":{"line":602,"column":9}}]},"104":{"type":"branch","line":594,"loc":{"start":{"line":594,"column":39},"end":{"line":599,"column":13}},"locations":[{"start":{"line":594,"column":39},"end":{"line":599,"column":13}}]},"105":{"type":"branch","line":599,"loc":{"start":{"line":599,"column":13},"end":{"line":601,"column":13}},"locations":[{"start":{"line":599,"column":13},"end":{"line":601,"column":13}}]},"106":{"type":"branch","line":608,"loc":{"start":{"line":608,"column":42},"end":{"line":614,"column":5}},"locations":[{"start":{"line":608,"column":42},"end":{"line":614,"column":5}}]},"107":{"type":"branch","line":609,"loc":{"start":{"line":609,"column":55},"end":{"line":613,"column":9}},"locations":[{"start":{"line":609,"column":55},"end":{"line":613,"column":9}}]}},"b":{"0":[11],"1":[7],"2":[1],"3":[0],"4":[6],"5":[104],"6":[15],"7":[89],"8":[15],"9":[74],"10":[4],"11":[18],"12":[7],"13":[4],"14":[40],"15":[4],"16":[3],"17":[2],"18":[12],"19":[1],"20":[11],"21":[13],"22":[4],"23":[104],"24":[78],"25":[52],"26":[25],"27":[0],"28":[13],"29":[403],"30":[372],"31":[264],"32":[139],"33":[403],"34":[4],"35":[104],"36":[78],"37":[52],"38":[0],"39":[48],"40":[32],"41":[403],"42":[13],"43":[48],"44":[41],"45":[13],"46":[0],"47":[0],"48":[8],"49":[5],"50":[41],"51":[104],"52":[78],"53":[52],"54":[27],"55":[52],"56":[0],"57":[26],"58":[0],"59":[18],"60":[0],"61":[78],"62":[52],"63":[27],"64":[41],"65":[8],"66":[13],"67":[15],"68":[20],"69":[51],"70":[56],"71":[20],"72":[56],"73":[15],"74":[14],"75":[1],"76":[6],"77":[15],"78":[14],"79":[13],"80":[1],"81":[1],"82":[2],"83":[1],"84":[0],"85":[0],"86":[1],"87":[1],"88":[1],"89":[1],"90":[0],"91":[0],"92":[1],"93":[0],"94":[1],"95":[2],"96":[1],"97":[2],"98":[1],"99":[0],"100":[0],"101":[0],"102":[44],"103":[7],"104":[4],"105":[3],"106":[2],"107":[1]},"fnMap":{"0":{"name":"createExpenseTrackerApp","decl":{"start":{"line":25,"column":7},"end":{"line":639,"column":1}},"loc":{"start":{"line":25,"column":7},"end":{"line":639,"column":1}},"line":25},"1":{"name":"formatNumber","decl":{"start":{"line":27,"column":4},"end":{"line":35,"column":5}},"loc":{"start":{"line":27,"column":4},"end":{"line":35,"column":5}},"line":27},"2":{"name":"getProgressBarColor","decl":{"start":{"line":38,"column":4},"end":{"line":42,"column":5}},"loc":{"start":{"line":38,"column":4},"end":{"line":42,"column":5}},"line":38},"3":{"name":"checkFormValidity","decl":{"start":{"line":68,"column":4},"end":{"line":74,"column":5}},"loc":{"start":{"line":68,"column":4},"end":{"line":74,"column":5}},"line":68},"4":{"name":"validateAndHighlight","decl":{"start":{"line":76,"column":4},"end":{"line":98,"column":5}},"loc":{"start":{"line":76,"column":4},"end":{"line":98,"column":5}},"line":76},"5":{"name":"renderChart","decl":{"start":{"line":100,"column":4},"end":{"line":138,"column":5}},"loc":{"start":{"line":100,"column":4},"end":{"line":138,"column":5}},"line":100},"6":{"name":"renderBurndownChart","decl":{"start":{"line":139,"column":4},"end":{"line":214,"column":5}},"loc":{"start":{"line":139,"column":4},"end":{"line":214,"column":5}},"line":139},"7":{"name":"renderSummaries","decl":{"start":{"line":216,"column":4},"end":{"line":350,"column":5}},"loc":{"start":{"line":216,"column":4},"end":{"line":350,"column":5}},"line":216},"8":{"name":"renderExpenses","decl":{"start":{"line":352,"column":4},"end":{"line":391,"column":5}},"loc":{"start":{"line":352,"column":4},"end":{"line":391,"column":5}},"line":352},"9":{"name":"applyFilter","decl":{"start":{"line":394,"column":4},"end":{"line":402,"column":5}},"loc":{"start":{"line":394,"column":4},"end":{"line":402,"column":5}},"line":394},"10":{"name":"fetchExpensesForMonth","decl":{"start":{"line":404,"column":4},"end":{"line":430,"column":5}},"loc":{"start":{"line":404,"column":4},"end":{"line":430,"column":5}},"line":404},"11":{"name":"addExpense","decl":{"start":{"line":432,"column":4},"end":{"line":470,"column":5}},"loc":{"start":{"line":432,"column":4},"end":{"line":470,"column":5}},"line":432},"12":{"name":"modifyExpense","decl":{"start":{"line":472,"column":4},"end":{"line":484,"column":5}},"loc":{"start":{"line":472,"column":4},"end":{"line":484,"column":5}},"line":472},"13":{"name":"handleConfirmModify","decl":{"start":{"line":486,"column":4},"end":{"line":516,"column":5}},"loc":{"start":{"line":486,"column":4},"end":{"line":516,"column":5}},"line":486},"14":{"name":"deleteExpense","decl":{"start":{"line":518,"column":4},"end":{"line":538,"column":5}},"loc":{"start":{"line":518,"column":4},"end":{"line":538,"column":5}},"line":518},"15":{"name":"validateDeleteConfirmation","decl":{"start":{"line":540,"column":4},"end":{"line":555,"column":5}},"loc":{"start":{"line":540,"column":4},"end":{"line":555,"column":5}},"line":540},"16":{"name":"handleConfirmDelete","decl":{"start":{"line":565,"column":4},"end":{"line":589,"column":5}},"loc":{"start":{"line":565,"column":4},"end":{"line":589,"column":5}},"line":565}},"f":{"0":11,"1":7,"2":104,"3":18,"4":4,"5":13,"6":13,"7":13,"8":15,"9":15,"10":15,"11":2,"12":1,"13":1,"14":1,"15":2,"16":1}}
}
